{"meta": {"format": 3, "version": "7.12.0", "timestamp": "2025-11-25T14:42:51.382311", "branch_coverage": false, "show_contexts": false}, "files": {"app/__init__.py": {"executed_lines": [1, 2], "summary": {"covered_lines": 1, "num_statements": 1, "percent_covered": 100.0, "percent_covered_display": "100", "missing_lines": 0, "excluded_lines": 0, "percent_statements_covered": 100.0, "percent_statements_covered_display": "100"}, "missing_lines": [], "excluded_lines": [], "functions": {"": {"executed_lines": [1, 2], "summary": {"covered_lines": 1, "num_statements": 1, "percent_covered": 100.0, "percent_covered_display": "100", "missing_lines": 0, "excluded_lines": 0, "percent_statements_covered": 100.0, "percent_statements_covered_display": "100"}, "missing_lines": [], "excluded_lines": []}}, "classes": {"": {"executed_lines": [1, 2], "summary": {"covered_lines": 1, "num_statements": 1, "percent_covered": 100.0, "percent_covered_display": "100", "missing_lines": 0, "excluded_lines": 0, "percent_statements_covered": 100.0, "percent_statements_covered_display": "100"}, "missing_lines": [], "excluded_lines": []}}}, "app/api/__init__.py": {"executed_lines": [1], "summary": {"covered_lines": 0, "num_statements": 0, "percent_covered": 100.0, "percent_covered_display": "100", "missing_lines": 0, "excluded_lines": 0, "percent_statements_covered": 100.0, "percent_statements_covered_display": "100"}, "missing_lines": [], "excluded_lines": [], "functions": {"": {"executed_lines": [1], "summary": {"covered_lines": 0, "num_statements": 0, "percent_covered": 100.0, "percent_covered_display": "100", "missing_lines": 0, "excluded_lines": 0, "percent_statements_covered": 100.0, "percent_statements_covered_display": "100"}, "missing_lines": [], "excluded_lines": []}}, "classes": {"": {"executed_lines": [1], "summary": {"covered_lines": 0, "num_statements": 0, "percent_covered": 100.0, "percent_covered_display": "100", "missing_lines": 0, "excluded_lines": 0, "percent_statements_covered": 100.0, "percent_statements_covered_display": "100"}, "missing_lines": [], "excluded_lines": []}}}, "app/api/checkin.py": {"executed_lines": [1, 2, 3, 4, 5, 6, 7, 8, 9, 11, 12, 13, 14, 20, 21, 23, 26, 27, 57, 58, 93, 94, 115, 116, 135, 136], "summary": {"covered_lines": 26, "num_statements": 57, "percent_covered": 45.6140350877193, "percent_covered_display": "46", "missing_lines": 31, "excluded_lines": 0, "percent_statements_covered": 45.6140350877193, "percent_statements_covered_display": "46"}, "missing_lines": [38, 39, 40, 41, 47, 48, 49, 54, 69, 70, 71, 72, 78, 85, 104, 106, 107, 112, 127, 129, 147, 148, 149, 155, 156, 159, 171, 172, 184, 185, 187], "excluded_lines": [], "functions": {"get_checkin_status": {"executed_lines": [], "summary": {"covered_lines": 0, "num_statements": 8, "percent_covered": 0.0, "percent_covered_display": "0", "missing_lines": 8, "excluded_lines": 0, "percent_statements_covered": 0.0, "percent_statements_covered_display": "0"}, "missing_lines": [38, 39, 40, 41, 47, 48, 49, 54], "excluded_lines": []}, "check_in_participants": {"executed_lines": [], "summary": {"covered_lines": 0, "num_statements": 6, "percent_covered": 0.0, "percent_covered_display": "0", "missing_lines": 6, "excluded_lines": 0, "percent_statements_covered": 0.0, "percent_statements_covered_display": "0"}, "missing_lines": [69, 70, 71, 72, 78, 85], "excluded_lines": []}, "undo_checkin": {"executed_lines": [], "summary": {"covered_lines": 0, "num_statements": 4, "percent_covered": 0.0, "percent_covered_display": "0", "missing_lines": 4, "excluded_lines": 0, "percent_statements_covered": 0.0, "percent_statements_covered_display": "0"}, "missing_lines": [104, 106, 107, 112], "excluded_lines": []}, "reset_all_checkins": {"executed_lines": [], "summary": {"covered_lines": 0, "num_statements": 2, "percent_covered": 0.0, "percent_covered_display": "0", "missing_lines": 2, "excluded_lines": 0, "percent_statements_covered": 0.0, "percent_statements_covered_display": "0"}, "missing_lines": [127, 129], "excluded_lines": []}, "export_checkin_data": {"executed_lines": [], "summary": {"covered_lines": 0, "num_statements": 11, "percent_covered": 0.0, "percent_covered_display": "0", "missing_lines": 11, "excluded_lines": 0, "percent_statements_covered": 0.0, "percent_statements_covered_display": "0"}, "missing_lines": [147, 148, 149, 155, 156, 159, 171, 172, 184, 185, 187], "excluded_lines": []}, "": {"executed_lines": [1, 2, 3, 4, 5, 6, 7, 8, 9, 11, 12, 13, 14, 20, 21, 23, 26, 27, 57, 58, 93, 94, 115, 116, 135, 136], "summary": {"covered_lines": 26, "num_statements": 26, "percent_covered": 100.0, "percent_covered_display": "100", "missing_lines": 0, "excluded_lines": 0, "percent_statements_covered": 100.0, "percent_statements_covered_display": "100"}, "missing_lines": [], "excluded_lines": []}}, "classes": {"": {"executed_lines": [1, 2, 3, 4, 5, 6, 7, 8, 9, 11, 12, 13, 14, 20, 21, 23, 26, 27, 57, 58, 93, 94, 115, 116, 135, 136], "summary": {"covered_lines": 26, "num_statements": 57, "percent_covered": 45.6140350877193, "percent_covered_display": "46", "missing_lines": 31, "excluded_lines": 0, "percent_statements_covered": 45.6140350877193, "percent_statements_covered_display": "46"}, "missing_lines": [38, 39, 40, 41, 47, 48, 49, 54, 69, 70, 71, 72, 78, 85, 104, 106, 107, 112, 127, 129, 147, 148, 149, 155, 156, 159, 171, 172, 184, 185, 187], "excluded_lines": []}}}, "app/api/deps.py": {"executed_lines": [1, 2, 3, 4, 6, 7, 8, 9, 11, 14, 21, 23, 24, 26, 27, 28, 29, 30, 31, 34, 35, 37, 44, 45, 47, 50, 51, 55, 56, 58, 66, 67, 68, 71, 76, 77, 82, 84, 85, 86, 88, 89, 90, 91, 92, 98, 102, 103, 107], "summary": {"covered_lines": 49, "num_statements": 54, "percent_covered": 90.74074074074075, "percent_covered_display": "91", "missing_lines": 5, "excluded_lines": 0, "percent_statements_covered": 90.74074074074075, "percent_statements_covered_display": "91"}, "missing_lines": [38, 52, 72, 73, 74], "excluded_lines": [], "functions": {"get_current_user": {"executed_lines": [21, 23, 24, 26, 27, 28, 29, 30, 31, 34, 35, 37, 44, 45, 47, 50, 51, 55, 56, 58, 66, 67, 68, 71, 76, 77, 82, 84, 85, 86, 88, 89, 90, 91, 92], "summary": {"covered_lines": 35, "num_statements": 40, "percent_covered": 87.5, "percent_covered_display": "88", "missing_lines": 5, "excluded_lines": 0, "percent_statements_covered": 87.5, "percent_statements_covered_display": "88"}, "missing_lines": [38, 52, 72, 73, 74], "excluded_lines": []}, "get_current_admin_user": {"executed_lines": [102, 103, 107], "summary": {"covered_lines": 3, "num_statements": 3, "percent_covered": 100.0, "percent_covered_display": "100", "missing_lines": 0, "excluded_lines": 0, "percent_statements_covered": 100.0, "percent_statements_covered_display": "100"}, "missing_lines": [], "excluded_lines": []}, "": {"executed_lines": [1, 2, 3, 4, 6, 7, 8, 9, 11, 14, 98], "summary": {"covered_lines": 11, "num_statements": 11, "percent_covered": 100.0, "percent_covered_display": "100", "missing_lines": 0, "excluded_lines": 0, "percent_statements_covered": 100.0, "percent_statements_covered_display": "100"}, "missing_lines": [], "excluded_lines": []}}, "classes": {"": {"executed_lines": [1, 2, 3, 4, 6, 7, 8, 9, 11, 14, 21, 23, 24, 26, 27, 28, 29, 30, 31, 34, 35, 37, 44, 45, 47, 50, 51, 55, 56, 58, 66, 67, 68, 71, 76, 77, 82, 84, 85, 86, 88, 89, 90, 91, 92, 98, 102, 103, 107], "summary": {"covered_lines": 49, "num_statements": 54, "percent_covered": 90.74074074074075, "percent_covered_display": "91", "missing_lines": 5, "excluded_lines": 0, "percent_statements_covered": 90.74074074074075, "percent_statements_covered_display": "91"}, "missing_lines": [38, 52, 72, 73, 74], "excluded_lines": []}}}, "app/api/endpoints/__init__.py": {"executed_lines": [1], "summary": {"covered_lines": 0, "num_statements": 0, "percent_covered": 100.0, "percent_covered_display": "100", "missing_lines": 0, "excluded_lines": 0, "percent_statements_covered": 100.0, "percent_statements_covered_display": "100"}, "missing_lines": [], "excluded_lines": [], "functions": {"": {"executed_lines": [1], "summary": {"covered_lines": 0, "num_statements": 0, "percent_covered": 100.0, "percent_covered_display": "100", "missing_lines": 0, "excluded_lines": 0, "percent_statements_covered": 100.0, "percent_statements_covered_display": "100"}, "missing_lines": [], "excluded_lines": []}}, "classes": {"": {"executed_lines": [1], "summary": {"covered_lines": 0, "num_statements": 0, "percent_covered": 100.0, "percent_covered_display": "100", "missing_lines": 0, "excluded_lines": 0, "percent_statements_covered": 100.0, "percent_statements_covered_display": "100"}, "missing_lines": [], "excluded_lines": []}}}, "app/api/endpoints/clerk_auth.py": {"executed_lines": [1, 4, 5, 6, 7, 8, 10, 11, 12, 13, 14, 16, 19, 20, 21, 24, 25, 31, 42, 43, 53, 54, 55, 56, 57, 58, 60, 74, 75, 105, 106, 113, 131, 132, 143, 144, 150, 2034, 2035, 2036, 2038, 2050, 2051], "summary": {"covered_lines": 35, "num_statements": 60, "percent_covered": 58.333333333333336, "percent_covered_display": "58", "missing_lines": 25, "excluded_lines": 0, "percent_statements_covered": 58.333333333333336, "percent_statements_covered_display": "58"}, "missing_lines": [61, 63, 84, 85, 86, 87, 88, 89, 90, 95, 97, 99, 100, 102, 114, 116, 151, 153, 154, 160, 161, 167, 168, 169, 171], "excluded_lines": [], "functions": {"get_current_user_info": {"executed_lines": [31], "summary": {"covered_lines": 1, "num_statements": 1, "percent_covered": 100.0, "percent_covered_display": "100", "missing_lines": 0, "excluded_lines": 0, "percent_statements_covered": 100.0, "percent_statements_covered_display": "100"}, "missing_lines": [], "excluded_lines": []}, "update_contact_info": {"executed_lines": [53, 54, 55, 56, 57, 58, 60], "summary": {"covered_lines": 7, "num_statements": 9, "percent_covered": 77.77777777777777, "percent_covered_display": "78", "missing_lines": 2, "excluded_lines": 0, "percent_statements_covered": 77.77777777777777, "percent_statements_covered_display": "78"}, "missing_lines": [61, 63], "excluded_lines": []}, "sync_user_role": {"executed_lines": [], "summary": {"covered_lines": 0, "num_statements": 12, "percent_covered": 0.0, "percent_covered_display": "0", "missing_lines": 12, "excluded_lines": 0, "percent_statements_covered": 0.0, "percent_statements_covered_display": "0"}, "missing_lines": [84, 85, 86, 87, 88, 89, 90, 95, 97, 99, 100, 102], "excluded_lines": []}, "list_users": {"executed_lines": [113], "summary": {"covered_lines": 1, "num_statements": 3, "percent_covered": 33.333333333333336, "percent_covered_display": "33", "missing_lines": 2, "excluded_lines": 0, "percent_statements_covered": 33.333333333333336, "percent_statements_covered_display": "33"}, "missing_lines": [114, 116], "excluded_lines": []}, "update_user_role": {"executed_lines": [143, 144, 150], "summary": {"covered_lines": 3, "num_statements": 12, "percent_covered": 25.0, "percent_covered_display": "25", "missing_lines": 9, "excluded_lines": 0, "percent_statements_covered": 25.0, "percent_statements_covered_display": "25"}, "missing_lines": [151, 153, 154, 160, 161, 167, 168, 169, 171], "excluded_lines": []}, "": {"executed_lines": [1, 4, 5, 6, 7, 8, 10, 11, 12, 13, 14, 16, 19, 20, 21, 24, 25, 42, 43, 74, 75, 105, 106, 131, 132], "summary": {"covered_lines": 23, "num_statements": 23, "percent_covered": 100.0, "percent_covered_display": "100", "missing_lines": 0, "excluded_lines": 0, "percent_statements_covered": 100.0, "percent_statements_covered_display": "100"}, "missing_lines": [], "excluded_lines": []}}, "classes": {"UpdateUserRoleRequest": {"executed_lines": [], "summary": {"covered_lines": 0, "num_statements": 0, "percent_covered": 100.0, "percent_covered_display": "100", "missing_lines": 0, "excluded_lines": 0, "percent_statements_covered": 100.0, "percent_statements_covered_display": "100"}, "missing_lines": [], "excluded_lines": []}, "": {"executed_lines": [1, 4, 5, 6, 7, 8, 10, 11, 12, 13, 14, 16, 19, 20, 21, 24, 25, 31, 42, 43, 53, 54, 55, 56, 57, 58, 60, 74, 75, 105, 106, 113, 131, 132, 143, 144, 150], "summary": {"covered_lines": 35, "num_statements": 60, "percent_covered": 58.333333333333336, "percent_covered_display": "58", "missing_lines": 25, "excluded_lines": 0, "percent_statements_covered": 58.333333333333336, "percent_statements_covered_display": "58"}, "missing_lines": [61, 63, 84, 85, 86, 87, 88, 89, 90, 95, 97, 99, 100, 102, 114, 116, 151, 153, 154, 160, 161, 167, 168, 169, 171], "excluded_lines": []}}}, "app/api/endpoints/family.py": {"executed_lines": [1, 4, 5, 6, 7, 8, 9, 11, 12, 13, 14, 15, 16, 24, 27, 28, 36, 43, 44, 57, 59, 106, 107, 116, 125, 126, 135, 139, 140, 150, 159, 160, 169, 1971, 1981, 1983, 1990, 2034, 2035, 2036, 2038, 2050, 2051], "summary": {"covered_lines": 32, "num_statements": 64, "percent_covered": 50.0, "percent_covered_display": "50", "missing_lines": 32, "excluded_lines": 0, "percent_statements_covered": 50.0, "percent_statements_covered_display": "50"}, "missing_lines": [37, 61, 62, 63, 66, 67, 68, 69, 72, 73, 75, 77, 78, 79, 80, 81, 82, 88, 89, 90, 92, 103, 117, 118, 122, 136, 151, 152, 156, 170, 171, 175], "excluded_lines": [], "functions": {"list_family_members": {"executed_lines": [36], "summary": {"covered_lines": 1, "num_statements": 2, "percent_covered": 50.0, "percent_covered_display": "50", "missing_lines": 1, "excluded_lines": 0, "percent_statements_covered": 50.0, "percent_statements_covered_display": "50"}, "missing_lines": [37], "excluded_lines": []}, "list_family_members_summary": {"executed_lines": [57, 59], "summary": {"covered_lines": 2, "num_statements": 23, "percent_covered": 8.695652173913043, "percent_covered_display": "9", "missing_lines": 21, "excluded_lines": 0, "percent_statements_covered": 8.695652173913043, "percent_statements_covered_display": "9"}, "missing_lines": [61, 62, 63, 66, 67, 68, 69, 72, 73, 75, 77, 78, 79, 80, 81, 82, 88, 89, 90, 92, 103], "excluded_lines": []}, "get_family_member": {"executed_lines": [116], "summary": {"covered_lines": 1, "num_statements": 4, "percent_covered": 25.0, "percent_covered_display": "25", "missing_lines": 3, "excluded_lines": 0, "percent_statements_covered": 25.0, "percent_statements_covered_display": "25"}, "missing_lines": [117, 118, 122], "excluded_lines": []}, "create_family_member": {"executed_lines": [135], "summary": {"covered_lines": 1, "num_statements": 2, "percent_covered": 50.0, "percent_covered_display": "50", "missing_lines": 1, "excluded_lines": 0, "percent_statements_covered": 50.0, "percent_statements_covered_display": "50"}, "missing_lines": [136], "excluded_lines": []}, "update_family_member": {"executed_lines": [150], "summary": {"covered_lines": 1, "num_statements": 4, "percent_covered": 25.0, "percent_covered_display": "25", "missing_lines": 3, "excluded_lines": 0, "percent_statements_covered": 25.0, "percent_statements_covered_display": "25"}, "missing_lines": [151, 152, 156], "excluded_lines": []}, "delete_family_member": {"executed_lines": [169], "summary": {"covered_lines": 1, "num_statements": 4, "percent_covered": 25.0, "percent_covered_display": "25", "missing_lines": 3, "excluded_lines": 0, "percent_statements_covered": 25.0, "percent_statements_covered_display": "25"}, "missing_lines": [170, 171, 175], "excluded_lines": []}, "": {"executed_lines": [1, 4, 5, 6, 7, 8, 9, 11, 12, 13, 14, 15, 16, 24, 27, 28, 43, 44, 106, 107, 125, 126, 139, 140, 159, 160], "summary": {"covered_lines": 25, "num_statements": 25, "percent_covered": 100.0, "percent_covered_display": "100", "missing_lines": 0, "excluded_lines": 0, "percent_statements_covered": 100.0, "percent_statements_covered_display": "100"}, "missing_lines": [], "excluded_lines": []}}, "classes": {"": {"executed_lines": [1, 4, 5, 6, 7, 8, 9, 11, 12, 13, 14, 15, 16, 24, 27, 28, 36, 43, 44, 57, 59, 106, 107, 116, 125, 126, 135, 139, 140, 150, 159, 160, 169], "summary": {"covered_lines": 32, "num_statements": 64, "percent_covered": 50.0, "percent_covered_display": "50", "missing_lines": 32, "excluded_lines": 0, "percent_statements_covered": 50.0, "percent_statements_covered_display": "50"}, "missing_lines": [37, 61, 62, 63, 66, 67, 68, 69, 72, 73, 75, 77, 78, 79, 80, 81, 82, 88, 89, 90, 92, 103, 117, 118, 122, 136, 151, 152, 156, 170, 171, 175], "excluded_lines": []}}}, "app/api/endpoints/outings.py": {"executed_lines": [1, 2, 3, 5, 6, 7, 8, 9, 10, 11, 13, 16, 17, 24, 32, 33, 42, 51, 52, 60, 65, 66, 73, 83, 84, 95, 120, 121, 130, 139, 140, 148, 163, 164, 173, 188, 189, 198, 252, 253, 260, 261, 264, 1971, 1981, 1983, 1990, 2034, 2035, 2036, 2038, 2050, 2051], "summary": {"covered_lines": 43, "num_statements": 96, "percent_covered": 44.791666666666664, "percent_covered_display": "45", "missing_lines": 53, "excluded_lines": 0, "percent_statements_covered": 44.791666666666664, "percent_statements_covered_display": "45"}, "missing_lines": [27, 29, 43, 46, 48, 62, 74, 75, 80, 96, 97, 102, 103, 105, 108, 109, 110, 111, 112, 114, 131, 132, 136, 149, 150, 156, 157, 159, 160, 174, 175, 181, 182, 184, 185, 199, 200, 205, 208, 210, 211, 212, 213, 215, 216, 218, 235, 248, 249, 265, 266, 272, 274], "excluded_lines": [], "functions": {"get_available_outings": {"executed_lines": [24], "summary": {"covered_lines": 1, "num_statements": 3, "percent_covered": 33.333333333333336, "percent_covered_display": "33", "missing_lines": 2, "excluded_lines": 0, "percent_statements_covered": 33.333333333333336, "percent_statements_covered_display": "33"}, "missing_lines": [27, 29], "excluded_lines": []}, "get_all_outings": {"executed_lines": [42], "summary": {"covered_lines": 1, "num_statements": 4, "percent_covered": 25.0, "percent_covered_display": "25", "missing_lines": 3, "excluded_lines": 0, "percent_statements_covered": 25.0, "percent_statements_covered_display": "25"}, "missing_lines": [43, 46, 48], "excluded_lines": []}, "create_outing": {"executed_lines": [60], "summary": {"covered_lines": 1, "num_statements": 2, "percent_covered": 50.0, "percent_covered_display": "50", "missing_lines": 1, "excluded_lines": 0, "percent_statements_covered": 50.0, "percent_statements_covered_display": "50"}, "missing_lines": [62], "excluded_lines": []}, "get_outing": {"executed_lines": [73], "summary": {"covered_lines": 1, "num_statements": 4, "percent_covered": 25.0, "percent_covered_display": "25", "missing_lines": 3, "excluded_lines": 0, "percent_statements_covered": 25.0, "percent_statements_covered_display": "25"}, "missing_lines": [74, 75, 80], "excluded_lines": []}, "update_outing": {"executed_lines": [95], "summary": {"covered_lines": 1, "num_statements": 12, "percent_covered": 8.333333333333334, "percent_covered_display": "8", "missing_lines": 11, "excluded_lines": 0, "percent_statements_covered": 8.333333333333334, "percent_statements_covered_display": "8"}, "missing_lines": [96, 97, 102, 103, 105, 108, 109, 110, 111, 112, 114], "excluded_lines": []}, "delete_outing": {"executed_lines": [130], "summary": {"covered_lines": 1, "num_statements": 4, "percent_covered": 25.0, "percent_covered_display": "25", "missing_lines": 3, "excluded_lines": 0, "percent_statements_covered": 25.0, "percent_statements_covered_display": "25"}, "missing_lines": [131, 132, 136], "excluded_lines": []}, "close_signups": {"executed_lines": [148], "summary": {"covered_lines": 1, "num_statements": 7, "percent_covered": 14.285714285714286, "percent_covered_display": "14", "missing_lines": 6, "excluded_lines": 0, "percent_statements_covered": 14.285714285714286, "percent_statements_covered_display": "14"}, "missing_lines": [149, 150, 156, 157, 159, 160], "excluded_lines": []}, "open_signups": {"executed_lines": [173], "summary": {"covered_lines": 1, "num_statements": 7, "percent_covered": 14.285714285714286, "percent_covered_display": "14", "missing_lines": 6, "excluded_lines": 0, "percent_statements_covered": 14.285714285714286, "percent_statements_covered_display": "14"}, "missing_lines": [174, 175, 181, 182, 184, 185], "excluded_lines": []}, "get_outing_signups": {"executed_lines": [198], "summary": {"covered_lines": 1, "num_statements": 15, "percent_covered": 6.666666666666667, "percent_covered_display": "7", "missing_lines": 14, "excluded_lines": 0, "percent_statements_covered": 6.666666666666667, "percent_statements_covered_display": "7"}, "missing_lines": [199, 200, 205, 208, 210, 211, 212, 213, 215, 216, 218, 235, 248, 249], "excluded_lines": []}, "get_outing_handout": {"executed_lines": [260, 261, 264], "summary": {"covered_lines": 3, "num_statements": 7, "percent_covered": 42.857142857142854, "percent_covered_display": "43", "missing_lines": 4, "excluded_lines": 0, "percent_statements_covered": 42.857142857142854, "percent_statements_covered_display": "43"}, "missing_lines": [265, 266, 272, 274], "excluded_lines": []}, "": {"executed_lines": [1, 2, 3, 5, 6, 7, 8, 9, 10, 11, 13, 16, 17, 32, 33, 51, 52, 65, 66, 83, 84, 120, 121, 139, 140, 163, 164, 188, 189, 252, 253], "summary": {"covered_lines": 31, "num_statements": 31, "percent_covered": 100.0, "percent_covered_display": "100", "missing_lines": 0, "excluded_lines": 0, "percent_statements_covered": 100.0, "percent_statements_covered_display": "100"}, "missing_lines": [], "excluded_lines": []}}, "classes": {"": {"executed_lines": [1, 2, 3, 5, 6, 7, 8, 9, 10, 11, 13, 16, 17, 24, 32, 33, 42, 51, 52, 60, 65, 66, 73, 83, 84, 95, 120, 121, 130, 139, 140, 148, 163, 164, 173, 188, 189, 198, 252, 253, 260, 261, 264], "summary": {"covered_lines": 43, "num_statements": 96, "percent_covered": 44.791666666666664, "percent_covered_display": "45", "missing_lines": 53, "excluded_lines": 0, "percent_statements_covered": 44.791666666666664, "percent_statements_covered_display": "45"}, "missing_lines": [27, 29, 43, 46, 48, 62, 74, 75, 80, 96, 97, 102, 103, 105, 108, 109, 110, 111, 112, 114, 131, 132, 136, 149, 150, 156, 157, 159, 160, 174, 175, 181, 182, 184, 185, 199, 200, 205, 208, 210, 211, 212, 213, 215, 216, 218, 235, 248, 249, 265, 266, 272, 274], "excluded_lines": []}}}, "app/api/endpoints/packing_lists.py": {"executed_lines": [1, 2, 3, 4, 6, 7, 8, 9, 10, 11, 22, 26, 27, 44, 45, 64, 65, 99, 100, 122, 123, 146, 147, 171, 172, 204, 205], "summary": {"covered_lines": 27, "num_statements": 71, "percent_covered": 38.028169014084504, "percent_covered_display": "38", "missing_lines": 44, "excluded_lines": 0, "percent_statements_covered": 38.028169014084504, "percent_statements_covered_display": "38"}, "missing_lines": [37, 38, 54, 55, 56, 60, 77, 78, 79, 85, 86, 87, 88, 93, 96, 111, 112, 113, 118, 119, 135, 136, 137, 142, 160, 161, 162, 167, 168, 185, 186, 187, 193, 194, 195, 200, 201, 217, 218, 219, 225, 226, 227, 232], "excluded_lines": [], "functions": {"list_templates": {"executed_lines": [], "summary": {"covered_lines": 0, "num_statements": 2, "percent_covered": 0.0, "percent_covered_display": "0", "missing_lines": 2, "excluded_lines": 0, "percent_statements_covered": 0.0, "percent_statements_covered_display": "0"}, "missing_lines": [37, 38], "excluded_lines": []}, "get_template": {"executed_lines": [], "summary": {"covered_lines": 0, "num_statements": 4, "percent_covered": 0.0, "percent_covered_display": "0", "missing_lines": 4, "excluded_lines": 0, "percent_statements_covered": 0.0, "percent_statements_covered_display": "0"}, "missing_lines": [54, 55, 56, 60], "excluded_lines": []}, "create_outing_packing_list": {"executed_lines": [], "summary": {"covered_lines": 0, "num_statements": 9, "percent_covered": 0.0, "percent_covered_display": "0", "missing_lines": 9, "excluded_lines": 0, "percent_statements_covered": 0.0, "percent_statements_covered_display": "0"}, "missing_lines": [77, 78, 79, 85, 86, 87, 88, 93, 96], "excluded_lines": []}, "get_outing_packing_lists": {"executed_lines": [], "summary": {"covered_lines": 0, "num_statements": 5, "percent_covered": 0.0, "percent_covered_display": "0", "missing_lines": 5, "excluded_lines": 0, "percent_statements_covered": 0.0, "percent_statements_covered_display": "0"}, "missing_lines": [111, 112, 113, 118, 119], "excluded_lines": []}, "delete_outing_packing_list": {"executed_lines": [], "summary": {"covered_lines": 0, "num_statements": 4, "percent_covered": 0.0, "percent_covered_display": "0", "missing_lines": 4, "excluded_lines": 0, "percent_statements_covered": 0.0, "percent_statements_covered_display": "0"}, "missing_lines": [135, 136, 137, 142], "excluded_lines": []}, "add_packing_list_item": {"executed_lines": [], "summary": {"covered_lines": 0, "num_statements": 5, "percent_covered": 0.0, "percent_covered_display": "0", "missing_lines": 5, "excluded_lines": 0, "percent_statements_covered": 0.0, "percent_statements_covered_display": "0"}, "missing_lines": [160, 161, 162, 167, 168], "excluded_lines": []}, "update_packing_list_item": {"executed_lines": [], "summary": {"covered_lines": 0, "num_statements": 8, "percent_covered": 0.0, "percent_covered_display": "0", "missing_lines": 8, "excluded_lines": 0, "percent_statements_covered": 0.0, "percent_statements_covered_display": "0"}, "missing_lines": [185, 186, 187, 193, 194, 195, 200, 201], "excluded_lines": []}, "delete_packing_list_item": {"executed_lines": [], "summary": {"covered_lines": 0, "num_statements": 7, "percent_covered": 0.0, "percent_covered_display": "0", "missing_lines": 7, "excluded_lines": 0, "percent_statements_covered": 0.0, "percent_statements_covered_display": "0"}, "missing_lines": [217, 218, 219, 225, 226, 227, 232], "excluded_lines": []}, "": {"executed_lines": [1, 2, 3, 4, 6, 7, 8, 9, 10, 11, 22, 26, 27, 44, 45, 64, 65, 99, 100, 122, 123, 146, 147, 171, 172, 204, 205], "summary": {"covered_lines": 27, "num_statements": 27, "percent_covered": 100.0, "percent_covered_display": "100", "missing_lines": 0, "excluded_lines": 0, "percent_statements_covered": 100.0, "percent_statements_covered_display": "100"}, "missing_lines": [], "excluded_lines": []}}, "classes": {"": {"executed_lines": [1, 2, 3, 4, 6, 7, 8, 9, 10, 11, 22, 26, 27, 44, 45, 64, 65, 99, 100, 122, 123, 146, 147, 171, 172, 204, 205], "summary": {"covered_lines": 27, "num_statements": 71, "percent_covered": 38.028169014084504, "percent_covered_display": "38", "missing_lines": 44, "excluded_lines": 0, "percent_statements_covered": 38.028169014084504, "percent_statements_covered_display": "38"}, "missing_lines": [37, 38, 54, 55, 56, 60, 77, 78, 79, 85, 86, 87, 88, 93, 96, 111, 112, 113, 118, 119, 135, 136, 137, 142, 160, 161, 162, 167, 168, 185, 186, 187, 193, 194, 195, 200, 201, 217, 218, 219, 225, 226, 227, 232], "excluded_lines": []}}}, "app/api/endpoints/places.py": {"executed_lines": [1, 2, 3, 4, 6, 7, 8, 9, 11, 14, 15, 23, 26, 27, 33, 42, 43, 49, 55, 56, 73, 74, 81, 87, 96, 97, 103, 109, 117, 118, 125, 897, 898, 905, 912, 913, 914, 1971, 1981, 1983, 1990, 2034, 2035, 2036, 2038, 2050, 2051], "summary": {"covered_lines": 31, "num_statements": 50, "percent_covered": 62.0, "percent_covered_display": "62", "missing_lines": 19, "excluded_lines": 0, "percent_statements_covered": 62.0, "percent_statements_covered_display": "62"}, "missing_lines": [34, 35, 39, 50, 57, 58, 62, 63, 64, 65, 66, 67, 82, 88, 89, 93, 104, 110, 111], "excluded_lines": [], "functions": {"list_places": {"executed_lines": [23], "summary": {"covered_lines": 1, "num_statements": 1, "percent_covered": 100.0, "percent_covered_display": "100", "missing_lines": 0, "excluded_lines": 0, "percent_statements_covered": 100.0, "percent_statements_covered_display": "100"}, "missing_lines": [], "excluded_lines": []}, "get_place": {"executed_lines": [33], "summary": {"covered_lines": 1, "num_statements": 4, "percent_covered": 25.0, "percent_covered_display": "25", "missing_lines": 3, "excluded_lines": 0, "percent_statements_covered": 25.0, "percent_statements_covered_display": "25"}, "missing_lines": [34, 35, 39], "excluded_lines": []}, "create_place": {"executed_lines": [49, 55, 56], "summary": {"covered_lines": 3, "num_statements": 12, "percent_covered": 25.0, "percent_covered_display": "25", "missing_lines": 9, "excluded_lines": 0, "percent_statements_covered": 25.0, "percent_statements_covered_display": "25"}, "missing_lines": [50, 57, 58, 62, 63, 64, 65, 66, 67], "excluded_lines": []}, "update_place": {"executed_lines": [81, 87], "summary": {"covered_lines": 2, "num_statements": 6, "percent_covered": 33.333333333333336, "percent_covered_display": "33", "missing_lines": 4, "excluded_lines": 0, "percent_statements_covered": 33.333333333333336, "percent_statements_covered_display": "33"}, "missing_lines": [82, 88, 89, 93], "excluded_lines": []}, "delete_place": {"executed_lines": [103, 109], "summary": {"covered_lines": 2, "num_statements": 5, "percent_covered": 40.0, "percent_covered_display": "40", "missing_lines": 3, "excluded_lines": 0, "percent_statements_covered": 40.0, "percent_statements_covered_display": "40"}, "missing_lines": [104, 110, 111], "excluded_lines": []}, "search_places": {"executed_lines": [125], "summary": {"covered_lines": 1, "num_statements": 1, "percent_covered": 100.0, "percent_covered_display": "100", "missing_lines": 0, "excluded_lines": 0, "percent_statements_covered": 100.0, "percent_statements_covered_display": "100"}, "missing_lines": [], "excluded_lines": []}, "": {"executed_lines": [1, 2, 3, 4, 6, 7, 8, 9, 11, 14, 15, 26, 27, 42, 43, 73, 74, 96, 97, 117, 118], "summary": {"covered_lines": 21, "num_statements": 21, "percent_covered": 100.0, "percent_covered_display": "100", "missing_lines": 0, "excluded_lines": 0, "percent_statements_covered": 100.0, "percent_statements_covered_display": "100"}, "missing_lines": [], "excluded_lines": []}}, "classes": {"": {"executed_lines": [1, 2, 3, 4, 6, 7, 8, 9, 11, 14, 15, 23, 26, 27, 33, 42, 43, 49, 55, 56, 73, 74, 81, 87, 96, 97, 103, 109, 117, 118, 125], "summary": {"covered_lines": 31, "num_statements": 50, "percent_covered": 62.0, "percent_covered_display": "62", "missing_lines": 19, "excluded_lines": 0, "percent_statements_covered": 62.0, "percent_statements_covered_display": "62"}, "missing_lines": [34, 35, 39, 50, 57, 58, 62, 63, 64, 65, 66, 67, 82, 88, 89, 93, 104, 110, 111], "excluded_lines": []}}}, "app/api/endpoints/registration.py": {"executed_lines": [1, 4, 5, 6, 8, 9, 10, 11, 13, 16, 17, 18, 19, 20, 23, 24, 25, 26, 27, 30, 31], "summary": {"covered_lines": 18, "num_statements": 19, "percent_covered": 94.73684210526316, "percent_covered_display": "95", "missing_lines": 1, "excluded_lines": 0, "percent_statements_covered": 94.73684210526316, "percent_statements_covered_display": "95"}, "missing_lines": [42], "excluded_lines": [], "functions": {"register_parent": {"executed_lines": [], "summary": {"covered_lines": 0, "num_statements": 1, "percent_covered": 0.0, "percent_covered_display": "0", "missing_lines": 1, "excluded_lines": 0, "percent_statements_covered": 0.0, "percent_statements_covered_display": "0"}, "missing_lines": [42], "excluded_lines": []}, "": {"executed_lines": [1, 4, 5, 6, 8, 9, 10, 11, 13, 16, 17, 18, 19, 20, 23, 24, 25, 26, 27, 30, 31], "summary": {"covered_lines": 18, "num_statements": 18, "percent_covered": 100.0, "percent_covered_display": "100", "missing_lines": 0, "excluded_lines": 0, "percent_statements_covered": 100.0, "percent_statements_covered_display": "100"}, "missing_lines": [], "excluded_lines": []}}, "classes": {"ParentRegistrationRequest": {"executed_lines": [], "summary": {"covered_lines": 0, "num_statements": 0, "percent_covered": 100.0, "percent_covered_display": "100", "missing_lines": 0, "excluded_lines": 0, "percent_statements_covered": 100.0, "percent_statements_covered_display": "100"}, "missing_lines": [], "excluded_lines": []}, "RegistrationResponse": {"executed_lines": [], "summary": {"covered_lines": 0, "num_statements": 0, "percent_covered": 100.0, "percent_covered_display": "100", "missing_lines": 0, "excluded_lines": 0, "percent_statements_covered": 100.0, "percent_statements_covered_display": "100"}, "missing_lines": [], "excluded_lines": []}, "": {"executed_lines": [1, 4, 5, 6, 8, 9, 10, 11, 13, 16, 17, 18, 19, 20, 23, 24, 25, 26, 27, 30, 31], "summary": {"covered_lines": 18, "num_statements": 19, "percent_covered": 94.73684210526316, "percent_covered_display": "95", "missing_lines": 1, "excluded_lines": 0, "percent_statements_covered": 94.73684210526316, "percent_statements_covered_display": "95"}, "missing_lines": [42], "excluded_lines": []}}}, "app/api/endpoints/requirements.py": {"executed_lines": [1, 2, 3, 4, 6, 7, 8, 9, 10, 25, 27, 34, 35, 44, 49, 50, 56, 65, 66, 72, 77, 80, 81, 88, 93, 102, 103, 109, 114, 126, 127, 134, 137, 138, 144, 153, 154, 160, 165, 174, 175, 182, 187, 196, 197, 203, 208, 220, 221, 230, 231, 254, 255, 276, 277, 300, 301, 310, 311, 334, 335, 356, 357, 380, 382, 383, 384, 386, 387, 468, 469, 1971, 1981, 1983, 1990, 2034, 2035, 2036, 2038, 2050, 2051], "summary": {"covered_lines": 71, "num_statements": 161, "percent_covered": 44.099378881987576, "percent_covered_display": "44", "missing_lines": 90, "excluded_lines": 0, "percent_statements_covered": 44.099378881987576, "percent_statements_covered_display": "44"}, "missing_lines": [57, 58, 62, 73, 89, 94, 95, 99, 110, 115, 116, 145, 146, 150, 161, 166, 167, 171, 183, 188, 189, 193, 204, 209, 210, 227, 238, 239, 243, 246, 247, 251, 262, 263, 267, 268, 269, 273, 283, 284, 288, 289, 290, 307, 318, 319, 323, 326, 327, 331, 342, 343, 347, 348, 349, 353, 363, 364, 368, 369, 370, 403, 404, 410, 411, 414, 415, 418, 419, 420, 422, 423, 424, 425, 436, 437, 438, 440, 441, 442, 443, 455, 456, 459, 460, 462, 482, 483, 484, 490], "excluded_lines": [], "functions": {"list_rank_requirements": {"executed_lines": [44], "summary": {"covered_lines": 1, "num_statements": 1, "percent_covered": 100.0, "percent_covered_display": "100", "missing_lines": 0, "excluded_lines": 0, "percent_statements_covered": 100.0, "percent_statements_covered_display": "100"}, "missing_lines": [], "excluded_lines": []}, "get_rank_requirement": {"executed_lines": [56], "summary": {"covered_lines": 1, "num_statements": 4, "percent_covered": 25.0, "percent_covered_display": "25", "missing_lines": 3, "excluded_lines": 0, "percent_statements_covered": 25.0, "percent_statements_covered_display": "25"}, "missing_lines": [57, 58, 62], "excluded_lines": []}, "create_rank_requirement": {"executed_lines": [72, 77], "summary": {"covered_lines": 2, "num_statements": 3, "percent_covered": 66.66666666666667, "percent_covered_display": "67", "missing_lines": 1, "excluded_lines": 0, "percent_statements_covered": 66.66666666666667, "percent_statements_covered_display": "67"}, "missing_lines": [73], "excluded_lines": []}, "update_rank_requirement": {"executed_lines": [88, 93], "summary": {"covered_lines": 2, "num_statements": 6, "percent_covered": 33.333333333333336, "percent_covered_display": "33", "missing_lines": 4, "excluded_lines": 0, "percent_statements_covered": 33.333333333333336, "percent_statements_covered_display": "33"}, "missing_lines": [89, 94, 95, 99], "excluded_lines": []}, "delete_rank_requirement": {"executed_lines": [109, 114], "summary": {"covered_lines": 2, "num_statements": 5, "percent_covered": 40.0, "percent_covered_display": "40", "missing_lines": 3, "excluded_lines": 0, "percent_statements_covered": 40.0, "percent_statements_covered_display": "40"}, "missing_lines": [110, 115, 116], "excluded_lines": []}, "list_merit_badges": {"executed_lines": [134], "summary": {"covered_lines": 1, "num_statements": 1, "percent_covered": 100.0, "percent_covered_display": "100", "missing_lines": 0, "excluded_lines": 0, "percent_statements_covered": 100.0, "percent_statements_covered_display": "100"}, "missing_lines": [], "excluded_lines": []}, "get_merit_badge": {"executed_lines": [144], "summary": {"covered_lines": 1, "num_statements": 4, "percent_covered": 25.0, "percent_covered_display": "25", "missing_lines": 3, "excluded_lines": 0, "percent_statements_covered": 25.0, "percent_statements_covered_display": "25"}, "missing_lines": [145, 146, 150], "excluded_lines": []}, "create_merit_badge": {"executed_lines": [160, 165], "summary": {"covered_lines": 2, "num_statements": 6, "percent_covered": 33.333333333333336, "percent_covered_display": "33", "missing_lines": 4, "excluded_lines": 0, "percent_statements_covered": 33.333333333333336, "percent_statements_covered_display": "33"}, "missing_lines": [161, 166, 167, 171], "excluded_lines": []}, "update_merit_badge": {"executed_lines": [182, 187], "summary": {"covered_lines": 2, "num_statements": 6, "percent_covered": 33.333333333333336, "percent_covered_display": "33", "missing_lines": 4, "excluded_lines": 0, "percent_statements_covered": 33.333333333333336, "percent_statements_covered_display": "33"}, "missing_lines": [183, 188, 189, 193], "excluded_lines": []}, "delete_merit_badge": {"executed_lines": [203, 208], "summary": {"covered_lines": 2, "num_statements": 5, "percent_covered": 40.0, "percent_covered_display": "40", "missing_lines": 3, "excluded_lines": 0, "percent_statements_covered": 40.0, "percent_statements_covered_display": "40"}, "missing_lines": [204, 209, 210], "excluded_lines": []}, "list_outing_requirements": {"executed_lines": [], "summary": {"covered_lines": 0, "num_statements": 1, "percent_covered": 0.0, "percent_covered_display": "0", "missing_lines": 1, "excluded_lines": 0, "percent_statements_covered": 0.0, "percent_statements_covered_display": "0"}, "missing_lines": [227], "excluded_lines": []}, "add_requirement_to_outing": {"executed_lines": [], "summary": {"covered_lines": 0, "num_statements": 6, "percent_covered": 0.0, "percent_covered_display": "0", "missing_lines": 6, "excluded_lines": 0, "percent_statements_covered": 0.0, "percent_statements_covered_display": "0"}, "missing_lines": [238, 239, 243, 246, 247, 251], "excluded_lines": []}, "update_outing_requirement": {"executed_lines": [], "summary": {"covered_lines": 0, "num_statements": 6, "percent_covered": 0.0, "percent_covered_display": "0", "missing_lines": 6, "excluded_lines": 0, "percent_statements_covered": 0.0, "percent_statements_covered_display": "0"}, "missing_lines": [262, 263, 267, 268, 269, 273], "excluded_lines": []}, "remove_requirement_from_outing": {"executed_lines": [], "summary": {"covered_lines": 0, "num_statements": 5, "percent_covered": 0.0, "percent_covered_display": "0", "missing_lines": 5, "excluded_lines": 0, "percent_statements_covered": 0.0, "percent_statements_covered_display": "0"}, "missing_lines": [283, 284, 288, 289, 290], "excluded_lines": []}, "list_outing_merit_badges": {"executed_lines": [], "summary": {"covered_lines": 0, "num_statements": 1, "percent_covered": 0.0, "percent_covered_display": "0", "missing_lines": 1, "excluded_lines": 0, "percent_statements_covered": 0.0, "percent_statements_covered_display": "0"}, "missing_lines": [307], "excluded_lines": []}, "add_merit_badge_to_outing": {"executed_lines": [], "summary": {"covered_lines": 0, "num_statements": 6, "percent_covered": 0.0, "percent_covered_display": "0", "missing_lines": 6, "excluded_lines": 0, "percent_statements_covered": 0.0, "percent_statements_covered_display": "0"}, "missing_lines": [318, 319, 323, 326, 327, 331], "excluded_lines": []}, "update_outing_merit_badge": {"executed_lines": [], "summary": {"covered_lines": 0, "num_statements": 6, "percent_covered": 0.0, "percent_covered_display": "0", "missing_lines": 6, "excluded_lines": 0, "percent_statements_covered": 0.0, "percent_statements_covered_display": "0"}, "missing_lines": [342, 343, 347, 348, 349, 353], "excluded_lines": []}, "remove_merit_badge_from_outing": {"executed_lines": [], "summary": {"covered_lines": 0, "num_statements": 5, "percent_covered": 0.0, "percent_covered_display": "0", "missing_lines": 5, "excluded_lines": 0, "percent_statements_covered": 0.0, "percent_statements_covered_display": "0"}, "missing_lines": [363, 364, 368, 369, 370], "excluded_lines": []}, "get_preview_suggestions": {"executed_lines": [], "summary": {"covered_lines": 0, "num_statements": 25, "percent_covered": 0.0, "percent_covered_display": "0", "missing_lines": 25, "excluded_lines": 0, "percent_statements_covered": 0.0, "percent_statements_covered_display": "0"}, "missing_lines": [403, 404, 410, 411, 414, 415, 418, 419, 420, 422, 423, 424, 425, 436, 437, 438, 440, 441, 442, 443, 455, 456, 459, 460, 462], "excluded_lines": []}, "get_suggestions_for_outing": {"executed_lines": [], "summary": {"covered_lines": 0, "num_statements": 4, "percent_covered": 0.0, "percent_covered_display": "0", "missing_lines": 4, "excluded_lines": 0, "percent_statements_covered": 0.0, "percent_statements_covered_display": "0"}, "missing_lines": [482, 483, 484, 490], "excluded_lines": []}, "": {"executed_lines": [1, 2, 3, 4, 6, 7, 8, 9, 10, 25, 27, 34, 35, 49, 50, 65, 66, 80, 81, 102, 103, 126, 127, 137, 138, 153, 154, 174, 175, 196, 197, 220, 221, 230, 231, 254, 255, 276, 277, 300, 301, 310, 311, 334, 335, 356, 357, 380, 382, 383, 384, 386, 387, 468, 469], "summary": {"covered_lines": 55, "num_statements": 55, "percent_covered": 100.0, "percent_covered_display": "100", "missing_lines": 0, "excluded_lines": 0, "percent_statements_covered": 100.0, "percent_statements_covered_display": "100"}, "missing_lines": [], "excluded_lines": []}}, "classes": {"PreviewSuggestionsRequest": {"executed_lines": [], "summary": {"covered_lines": 0, "num_statements": 0, "percent_covered": 100.0, "percent_covered_display": "100", "missing_lines": 0, "excluded_lines": 0, "percent_statements_covered": 100.0, "percent_statements_covered_display": "100"}, "missing_lines": [], "excluded_lines": []}, "": {"executed_lines": [1, 2, 3, 4, 6, 7, 8, 9, 10, 25, 27, 34, 35, 44, 49, 50, 56, 65, 66, 72, 77, 80, 81, 88, 93, 102, 103, 109, 114, 126, 127, 134, 137, 138, 144, 153, 154, 160, 165, 174, 175, 182, 187, 196, 197, 203, 208, 220, 221, 230, 231, 254, 255, 276, 277, 300, 301, 310, 311, 334, 335, 356, 357, 380, 382, 383, 384, 386, 387, 468, 469], "summary": {"covered_lines": 71, "num_statements": 161, "percent_covered": 44.099378881987576, "percent_covered_display": "44", "missing_lines": 90, "excluded_lines": 0, "percent_statements_covered": 44.099378881987576, "percent_statements_covered_display": "44"}, "missing_lines": [57, 58, 62, 73, 89, 94, 95, 99, 110, 115, 116, 145, 146, 150, 161, 166, 167, 171, 183, 188, 189, 193, 204, 209, 210, 227, 238, 239, 243, 246, 247, 251, 262, 263, 267, 268, 269, 273, 283, 284, 288, 289, 290, 307, 318, 319, 323, 326, 327, 331, 342, 343, 347, 348, 349, 353, 363, 364, 368, 369, 370, 403, 404, 410, 411, 414, 415, 418, 419, 420, 422, 423, 424, 425, 436, 437, 438, 440, 441, 442, 443, 455, 456, 459, 460, 462, 482, 483, 484, 490], "excluded_lines": []}}}, "app/api/endpoints/signups.py": {"executed_lines": [1, 2, 3, 4, 5, 6, 7, 8, 10, 11, 12, 13, 14, 15, 16, 17, 18, 19, 21, 24, 25, 26, 27, 30, 31, 32, 33, 34, 37, 38, 52, 93, 121, 122, 123, 179, 236, 237, 248, 258, 259, 262, 263, 264, 266, 319, 320, 329, 351, 419, 420, 431, 499, 504, 598, 599, 608, 689, 690, 700, 753, 754, 764, 827, 828, 838, 849, 858, 859, 873, 884, 1971, 1981, 1983, 1990, 2033, 2034, 2035, 2036, 2038, 2050, 2051, 2135, 2145, 2148, 2149, 2151, 2154, 2161], "summary": {"covered_lines": 69, "num_statements": 267, "percent_covered": 25.84269662921348, "percent_covered_display": "26", "missing_lines": 198, "excluded_lines": 0, "percent_statements_covered": 25.84269662921348, "percent_statements_covered_display": "26"}, "missing_lines": [53, 54, 60, 61, 67, 68, 69, 72, 73, 74, 80, 81, 86, 89, 91, 100, 102, 103, 111, 112, 118, 126, 127, 128, 129, 131, 132, 133, 136, 139, 140, 146, 147, 154, 156, 158, 159, 166, 167, 168, 176, 177, 180, 181, 187, 188, 189, 190, 196, 197, 199, 202, 204, 221, 267, 270, 271, 272, 275, 276, 277, 278, 280, 283, 285, 302, 316, 333, 335, 336, 338, 341, 345, 347, 348, 354, 372, 375, 376, 377, 378, 380, 383, 385, 402, 416, 432, 433, 439, 441, 445, 447, 448, 454, 455, 460, 462, 463, 469, 471, 472, 473, 479, 480, 481, 484, 485, 486, 490, 493, 494, 495, 497, 509, 512, 514, 515, 521, 522, 529, 530, 532, 533, 534, 539, 540, 547, 548, 549, 550, 554, 555, 561, 562, 563, 564, 566, 583, 609, 610, 616, 618, 622, 624, 628, 634, 635, 640, 642, 643, 649, 650, 652, 655, 657, 674, 704, 706, 707, 713, 715, 719, 721, 722, 728, 729, 734, 736, 737, 743, 744, 745, 750, 765, 766, 772, 775, 787, 788, 789, 790, 792, 793, 795, 808, 815, 818, 839, 840, 846, 850, 852, 874, 875, 881, 886, 887, 895], "excluded_lines": [], "functions": {"create_signup": {"executed_lines": [52, 93, 121, 122, 123, 179], "summary": {"covered_lines": 6, "num_statements": 60, "percent_covered": 10.0, "percent_covered_display": "10", "missing_lines": 54, "excluded_lines": 0, "percent_statements_covered": 10.0, "percent_statements_covered_display": "10"}, "missing_lines": [53, 54, 60, 61, 67, 68, 69, 72, 73, 74, 80, 81, 86, 89, 91, 100, 102, 103, 111, 112, 118, 126, 127, 128, 129, 131, 132, 133, 136, 139, 140, 146, 147, 154, 156, 158, 159, 166, 167, 168, 176, 177, 180, 181, 187, 188, 189, 190, 196, 197, 199, 202, 204, 221], "excluded_lines": []}, "list_signups": {"executed_lines": [248, 258, 259, 262, 263, 264, 266], "summary": {"covered_lines": 7, "num_statements": 20, "percent_covered": 35.0, "percent_covered_display": "35", "missing_lines": 13, "excluded_lines": 0, "percent_statements_covered": 35.0, "percent_statements_covered_display": "35"}, "missing_lines": [267, 270, 271, 272, 275, 276, 277, 278, 280, 283, 285, 302, 316], "excluded_lines": []}, "get_my_signups": {"executed_lines": [329, 351], "summary": {"covered_lines": 2, "num_statements": 21, "percent_covered": 9.523809523809524, "percent_covered_display": "10", "missing_lines": 19, "excluded_lines": 0, "percent_statements_covered": 9.523809523809524, "percent_statements_covered_display": "10"}, "missing_lines": [333, 335, 336, 338, 341, 345, 347, 348, 354, 372, 375, 376, 377, 378, 380, 383, 385, 402, 416], "excluded_lines": []}, "update_signup": {"executed_lines": [431, 499, 504], "summary": {"covered_lines": 3, "num_statements": 55, "percent_covered": 5.454545454545454, "percent_covered_display": "5", "missing_lines": 52, "excluded_lines": 0, "percent_statements_covered": 5.454545454545454, "percent_statements_covered_display": "5"}, "missing_lines": [432, 433, 439, 441, 445, 447, 448, 454, 455, 460, 462, 463, 469, 471, 472, 473, 479, 480, 481, 484, 485, 486, 490, 493, 494, 495, 497, 509, 512, 514, 515, 521, 522, 529, 530, 532, 533, 534, 539, 540, 547, 548, 549, 550, 554, 555, 561, 562, 563, 564, 566, 583], "excluded_lines": []}, "get_signup": {"executed_lines": [608], "summary": {"covered_lines": 1, "num_statements": 19, "percent_covered": 5.2631578947368425, "percent_covered_display": "5", "missing_lines": 18, "excluded_lines": 0, "percent_statements_covered": 5.2631578947368425, "percent_statements_covered_display": "5"}, "missing_lines": [609, 610, 616, 618, 622, 624, 628, 634, 635, 640, 642, 643, 649, 650, 652, 655, 657, 674], "excluded_lines": []}, "cancel_signup": {"executed_lines": [700], "summary": {"covered_lines": 1, "num_statements": 18, "percent_covered": 5.555555555555555, "percent_covered_display": "6", "missing_lines": 17, "excluded_lines": 0, "percent_statements_covered": 5.555555555555555, "percent_statements_covered_display": "6"}, "missing_lines": [704, 706, 707, 713, 715, 719, 721, 722, 728, 729, 734, 736, 737, 743, 744, 745, 750], "excluded_lines": []}, "export_outing_roster_pdf": {"executed_lines": [764], "summary": {"covered_lines": 1, "num_statements": 15, "percent_covered": 6.666666666666667, "percent_covered_display": "7", "missing_lines": 14, "excluded_lines": 0, "percent_statements_covered": 6.666666666666667, "percent_statements_covered_display": "7"}, "missing_lines": [765, 766, 772, 775, 787, 788, 789, 790, 792, 793, 795, 808, 815, 818], "excluded_lines": []}, "get_outing_emails": {"executed_lines": [838, 849], "summary": {"covered_lines": 2, "num_statements": 7, "percent_covered": 28.571428571428573, "percent_covered_display": "29", "missing_lines": 5, "excluded_lines": 0, "percent_statements_covered": 28.571428571428573, "percent_statements_covered_display": "29"}, "missing_lines": [839, 840, 846, 850, 852], "excluded_lines": []}, "send_email_to_participants": {"executed_lines": [873, 884], "summary": {"covered_lines": 2, "num_statements": 8, "percent_covered": 25.0, "percent_covered_display": "25", "missing_lines": 6, "excluded_lines": 0, "percent_statements_covered": 25.0, "percent_statements_covered_display": "25"}, "missing_lines": [874, 875, 881, 886, 887, 895], "excluded_lines": []}, "": {"executed_lines": [1, 2, 3, 4, 5, 6, 7, 8, 10, 11, 12, 13, 14, 15, 16, 17, 18, 19, 21, 24, 25, 26, 27, 30, 31, 32, 33, 34, 37, 38, 236, 237, 319, 320, 419, 420, 598, 599, 689, 690, 753, 754, 827, 828, 858, 859], "summary": {"covered_lines": 44, "num_statements": 44, "percent_covered": 100.0, "percent_covered_display": "100", "missing_lines": 0, "excluded_lines": 0, "percent_statements_covered": 100.0, "percent_statements_covered_display": "100"}, "missing_lines": [], "excluded_lines": []}}, "classes": {"EmailListResponse": {"executed_lines": [], "summary": {"covered_lines": 0, "num_statements": 0, "percent_covered": 100.0, "percent_covered_display": "100", "missing_lines": 0, "excluded_lines": 0, "percent_statements_covered": 100.0, "percent_statements_covered_display": "100"}, "missing_lines": [], "excluded_lines": []}, "EmailSendRequest": {"executed_lines": [], "summary": {"covered_lines": 0, "num_statements": 0, "percent_covered": 100.0, "percent_covered_display": "100", "missing_lines": 0, "excluded_lines": 0, "percent_statements_covered": 100.0, "percent_statements_covered_display": "100"}, "missing_lines": [], "excluded_lines": []}, "": {"executed_lines": [1, 2, 3, 4, 5, 6, 7, 8, 10, 11, 12, 13, 14, 15, 16, 17, 18, 19, 21, 24, 25, 26, 27, 30, 31, 32, 33, 34, 37, 38, 52, 93, 121, 122, 123, 179, 236, 237, 248, 258, 259, 262, 263, 264, 266, 319, 320, 329, 351, 419, 420, 431, 499, 504, 598, 599, 608, 689, 690, 700, 753, 754, 764, 827, 828, 838, 849, 858, 859, 873, 884], "summary": {"covered_lines": 69, "num_statements": 267, "percent_covered": 25.84269662921348, "percent_covered_display": "26", "missing_lines": 198, "excluded_lines": 0, "percent_statements_covered": 25.84269662921348, "percent_statements_covered_display": "26"}, "missing_lines": [53, 54, 60, 61, 67, 68, 69, 72, 73, 74, 80, 81, 86, 89, 91, 100, 102, 103, 111, 112, 118, 126, 127, 128, 129, 131, 132, 133, 136, 139, 140, 146, 147, 154, 156, 158, 159, 166, 167, 168, 176, 177, 180, 181, 187, 188, 189, 190, 196, 197, 199, 202, 204, 221, 267, 270, 271, 272, 275, 276, 277, 278, 280, 283, 285, 302, 316, 333, 335, 336, 338, 341, 345, 347, 348, 354, 372, 375, 376, 377, 378, 380, 383, 385, 402, 416, 432, 433, 439, 441, 445, 447, 448, 454, 455, 460, 462, 463, 469, 471, 472, 473, 479, 480, 481, 484, 485, 486, 490, 493, 494, 495, 497, 509, 512, 514, 515, 521, 522, 529, 530, 532, 533, 534, 539, 540, 547, 548, 549, 550, 554, 555, 561, 562, 563, 564, 566, 583, 609, 610, 616, 618, 622, 624, 628, 634, 635, 640, 642, 643, 649, 650, 652, 655, 657, 674, 704, 706, 707, 713, 715, 719, 721, 722, 728, 729, 734, 736, 737, 743, 744, 745, 750, 765, 766, 772, 775, 787, 788, 789, 790, 792, 793, 795, 808, 815, 818, 839, 840, 846, 850, 852, 874, 875, 881, 886, 887, 895], "excluded_lines": []}}}, "app/core/__init__.py": {"executed_lines": [1], "summary": {"covered_lines": 0, "num_statements": 0, "percent_covered": 100.0, "percent_covered_display": "100", "missing_lines": 0, "excluded_lines": 0, "percent_statements_covered": 100.0, "percent_statements_covered_display": "100"}, "missing_lines": [], "excluded_lines": [], "functions": {"": {"executed_lines": [1], "summary": {"covered_lines": 0, "num_statements": 0, "percent_covered": 100.0, "percent_covered_display": "100", "missing_lines": 0, "excluded_lines": 0, "percent_statements_covered": 100.0, "percent_statements_covered_display": "100"}, "missing_lines": [], "excluded_lines": []}}, "classes": {"": {"executed_lines": [1], "summary": {"covered_lines": 0, "num_statements": 0, "percent_covered": 100.0, "percent_covered_display": "100", "missing_lines": 0, "excluded_lines": 0, "percent_statements_covered": 100.0, "percent_statements_covered_display": "100"}, "missing_lines": [], "excluded_lines": []}}}, "app/core/clerk.py": {"executed_lines": [1, 4, 5, 6, 7, 8, 10, 13, 14, 16, 20, 116, 144, 167, 197, 200], "summary": {"covered_lines": 14, "num_statements": 78, "percent_covered": 17.94871794871795, "percent_covered_display": "18", "missing_lines": 64, "excluded_lines": 0, "percent_statements_covered": 17.94871794871795, "percent_statements_covered_display": "18"}, "missing_lines": [17, 18, 33, 36, 37, 38, 39, 40, 45, 46, 47, 48, 49, 55, 56, 57, 58, 59, 61, 62, 63, 70, 71, 74, 75, 78, 85, 87, 92, 93, 94, 98, 99, 100, 104, 105, 106, 107, 108, 109, 110, 111, 126, 127, 128, 138, 139, 154, 155, 156, 161, 162, 181, 182, 183, 184, 185, 186, 188, 189, 190, 204, 205, 207], "excluded_lines": [], "functions": {"ClerkClient.__init__": {"executed_lines": [], "summary": {"covered_lines": 0, "num_statements": 2, "percent_covered": 0.0, "percent_covered_display": "0", "missing_lines": 2, "excluded_lines": 0, "percent_statements_covered": 0.0, "percent_statements_covered_display": "0"}, "missing_lines": [17, 18], "excluded_lines": []}, "ClerkClient.verify_token": {"executed_lines": [], "summary": {"covered_lines": 0, "num_statements": 40, "percent_covered": 0.0, "percent_covered_display": "0", "missing_lines": 40, "excluded_lines": 0, "percent_statements_covered": 0.0, "percent_statements_covered_display": "0"}, "missing_lines": [33, 36, 37, 38, 39, 40, 45, 46, 47, 48, 49, 55, 56, 57, 58, 59, 61, 62, 63, 70, 71, 74, 75, 78, 85, 87, 92, 93, 94, 98, 99, 100, 104, 105, 106, 107, 108, 109, 110, 111], "excluded_lines": []}, "ClerkClient.get_user": {"executed_lines": [], "summary": {"covered_lines": 0, "num_statements": 5, "percent_covered": 0.0, "percent_covered_display": "0", "missing_lines": 5, "excluded_lines": 0, "percent_statements_covered": 0.0, "percent_statements_covered_display": "0"}, "missing_lines": [126, 127, 128, 138, 139], "excluded_lines": []}, "ClerkClient.get_user_metadata": {"executed_lines": [], "summary": {"covered_lines": 0, "num_statements": 5, "percent_covered": 0.0, "percent_covered_display": "0", "missing_lines": 5, "excluded_lines": 0, "percent_statements_covered": 0.0, "percent_statements_covered_display": "0"}, "missing_lines": [154, 155, 156, 161, 162], "excluded_lines": []}, "ClerkClient.update_user_metadata": {"executed_lines": [], "summary": {"covered_lines": 0, "num_statements": 9, "percent_covered": 0.0, "percent_covered_display": "0", "missing_lines": 9, "excluded_lines": 0, "percent_statements_covered": 0.0, "percent_statements_covered_display": "0"}, "missing_lines": [181, 182, 183, 184, 185, 186, 188, 189, 190], "excluded_lines": []}, "get_clerk_client": {"executed_lines": [], "summary": {"covered_lines": 0, "num_statements": 3, "percent_covered": 0.0, "percent_covered_display": "0", "missing_lines": 3, "excluded_lines": 0, "percent_statements_covered": 0.0, "percent_statements_covered_display": "0"}, "missing_lines": [204, 205, 207], "excluded_lines": []}, "": {"executed_lines": [1, 4, 5, 6, 7, 8, 10, 13, 14, 16, 20, 116, 144, 167, 197, 200], "summary": {"covered_lines": 14, "num_statements": 14, "percent_covered": 100.0, "percent_covered_display": "100", "missing_lines": 0, "excluded_lines": 0, "percent_statements_covered": 100.0, "percent_statements_covered_display": "100"}, "missing_lines": [], "excluded_lines": []}}, "classes": {"ClerkClient": {"executed_lines": [], "summary": {"covered_lines": 0, "num_statements": 61, "percent_covered": 0.0, "percent_covered_display": "0", "missing_lines": 61, "excluded_lines": 0, "percent_statements_covered": 0.0, "percent_statements_covered_display": "0"}, "missing_lines": [17, 18, 33, 36, 37, 38, 39, 40, 45, 46, 47, 48, 49, 55, 56, 57, 58, 59, 61, 62, 63, 70, 71, 74, 75, 78, 85, 87, 92, 93, 94, 98, 99, 100, 104, 105, 106, 107, 108, 109, 110, 111, 126, 127, 128, 138, 139, 154, 155, 156, 161, 162, 181, 182, 183, 184, 185, 186, 188, 189, 190], "excluded_lines": []}, "": {"executed_lines": [1, 4, 5, 6, 7, 8, 10, 13, 14, 16, 20, 116, 144, 167, 197, 200], "summary": {"covered_lines": 14, "num_statements": 17, "percent_covered": 82.3529411764706, "percent_covered_display": "82", "missing_lines": 3, "excluded_lines": 0, "percent_statements_covered": 82.3529411764706, "percent_statements_covered_display": "82"}, "missing_lines": [204, 205, 207], "excluded_lines": []}}}, "app/core/config.py": {"executed_lines": [1, 2, 3, 6, 7, 10, 11, 12, 13, 16, 17, 18, 19, 20, 21, 24, 25, 26, 27, 31, 34, 35, 38, 41, 43, 44, 45, 47, 48, 49, 51, 54, 56, 57, 59, 60, 65, 66, 67, 68, 71], "summary": {"covered_lines": 40, "num_statements": 40, "percent_covered": 100.0, "percent_covered_display": "100", "missing_lines": 0, "excluded_lines": 0, "percent_statements_covered": 100.0, "percent_statements_covered_display": "100"}, "missing_lines": [], "excluded_lines": [], "functions": {"Settings.parse_cors": {"executed_lines": [47, 48, 49, 51, 54], "summary": {"covered_lines": 5, "num_statements": 5, "percent_covered": 100.0, "percent_covered_display": "100", "missing_lines": 0, "excluded_lines": 0, "percent_statements_covered": 100.0, "percent_statements_covered_display": "100"}, "missing_lines": [], "excluded_lines": []}, "Settings.__init__": {"executed_lines": [57, 59, 60], "summary": {"covered_lines": 3, "num_statements": 3, "percent_covered": 100.0, "percent_covered_display": "100", "missing_lines": 0, "excluded_lines": 0, "percent_statements_covered": 100.0, "percent_statements_covered_display": "100"}, "missing_lines": [], "excluded_lines": []}, "": {"executed_lines": [1, 2, 3, 6, 7, 10, 11, 12, 13, 16, 17, 18, 19, 20, 21, 24, 25, 26, 27, 31, 34, 35, 38, 41, 43, 44, 45, 56, 65, 66, 67, 68, 71], "summary": {"covered_lines": 32, "num_statements": 32, "percent_covered": 100.0, "percent_covered_display": "100", "missing_lines": 0, "excluded_lines": 0, "percent_statements_covered": 100.0, "percent_statements_covered_display": "100"}, "missing_lines": [], "excluded_lines": []}}, "classes": {"Settings": {"executed_lines": [47, 48, 49, 51, 54, 57, 59, 60], "summary": {"covered_lines": 8, "num_statements": 8, "percent_covered": 100.0, "percent_covered_display": "100", "missing_lines": 0, "excluded_lines": 0, "percent_statements_covered": 100.0, "percent_statements_covered_display": "100"}, "missing_lines": [], "excluded_lines": []}, "Settings.Config": {"executed_lines": [], "summary": {"covered_lines": 0, "num_statements": 0, "percent_covered": 100.0, "percent_covered_display": "100", "missing_lines": 0, "excluded_lines": 0, "percent_statements_covered": 100.0, "percent_statements_covered_display": "100"}, "missing_lines": [], "excluded_lines": []}, "": {"executed_lines": [1, 2, 3, 6, 7, 10, 11, 12, 13, 16, 17, 18, 19, 20, 21, 24, 25, 26, 27, 31, 34, 35, 38, 41, 43, 44, 45, 56, 65, 66, 67, 68, 71], "summary": {"covered_lines": 32, "num_statements": 32, "percent_covered": 100.0, "percent_covered_display": "100", "missing_lines": 0, "excluded_lines": 0, "percent_statements_covered": 100.0, "percent_statements_covered_display": "100"}, "missing_lines": [], "excluded_lines": []}}}, "app/core/security.py": {"executed_lines": [1, 2, 3, 4, 5, 7, 10, 13, 15, 18, 22, 25, 27, 28, 29, 31, 33, 34, 35, 38, 40, 41, 42, 43, 44, 47, 49, 50, 51, 52, 53], "summary": {"covered_lines": 31, "num_statements": 31, "percent_covered": 100.0, "percent_covered_display": "100", "missing_lines": 0, "excluded_lines": 0, "percent_statements_covered": 100.0, "percent_statements_covered_display": "100"}, "missing_lines": [], "excluded_lines": [], "functions": {"verify_password": {"executed_lines": [15], "summary": {"covered_lines": 1, "num_statements": 1, "percent_covered": 100.0, "percent_covered_display": "100", "missing_lines": 0, "excluded_lines": 0, "percent_statements_covered": 100.0, "percent_statements_covered_display": "100"}, "missing_lines": [], "excluded_lines": []}, "get_password_hash": {"executed_lines": [22], "summary": {"covered_lines": 1, "num_statements": 1, "percent_covered": 100.0, "percent_covered_display": "100", "missing_lines": 0, "excluded_lines": 0, "percent_statements_covered": 100.0, "percent_statements_covered_display": "100"}, "missing_lines": [], "excluded_lines": []}, "create_access_token": {"executed_lines": [27, 28, 29, 31, 33, 34, 35], "summary": {"covered_lines": 7, "num_statements": 7, "percent_covered": 100.0, "percent_covered_display": "100", "missing_lines": 0, "excluded_lines": 0, "percent_statements_covered": 100.0, "percent_statements_covered_display": "100"}, "missing_lines": [], "excluded_lines": []}, "create_refresh_token": {"executed_lines": [40, 41, 42, 43, 44], "summary": {"covered_lines": 5, "num_statements": 5, "percent_covered": 100.0, "percent_covered_display": "100", "missing_lines": 0, "excluded_lines": 0, "percent_statements_covered": 100.0, "percent_statements_covered_display": "100"}, "missing_lines": [], "excluded_lines": []}, "decode_token": {"executed_lines": [49, 50, 51, 52, 53], "summary": {"covered_lines": 5, "num_statements": 5, "percent_covered": 100.0, "percent_covered_display": "100", "missing_lines": 0, "excluded_lines": 0, "percent_statements_covered": 100.0, "percent_statements_covered_display": "100"}, "missing_lines": [], "excluded_lines": []}, "": {"executed_lines": [1, 2, 3, 4, 5, 7, 10, 13, 18, 25, 38, 47], "summary": {"covered_lines": 12, "num_statements": 12, "percent_covered": 100.0, "percent_covered_display": "100", "missing_lines": 0, "excluded_lines": 0, "percent_statements_covered": 100.0, "percent_statements_covered_display": "100"}, "missing_lines": [], "excluded_lines": []}}, "classes": {"": {"executed_lines": [1, 2, 3, 4, 5, 7, 10, 13, 15, 18, 22, 25, 27, 28, 29, 31, 33, 34, 35, 38, 40, 41, 42, 43, 44, 47, 49, 50, 51, 52, 53], "summary": {"covered_lines": 31, "num_statements": 31, "percent_covered": 100.0, "percent_covered_display": "100", "missing_lines": 0, "excluded_lines": 0, "percent_statements_covered": 100.0, "percent_statements_covered_display": "100"}, "missing_lines": [], "excluded_lines": []}}}, "app/crud/__init__.py": {"executed_lines": [1], "summary": {"covered_lines": 0, "num_statements": 0, "percent_covered": 100.0, "percent_covered_display": "100", "missing_lines": 0, "excluded_lines": 0, "percent_statements_covered": 100.0, "percent_statements_covered_display": "100"}, "missing_lines": [], "excluded_lines": [], "functions": {"": {"executed_lines": [1], "summary": {"covered_lines": 0, "num_statements": 0, "percent_covered": 100.0, "percent_covered_display": "100", "missing_lines": 0, "excluded_lines": 0, "percent_statements_covered": 100.0, "percent_statements_covered_display": "100"}, "missing_lines": [], "excluded_lines": []}}, "classes": {"": {"executed_lines": [1], "summary": {"covered_lines": 0, "num_statements": 0, "percent_covered": 100.0, "percent_covered_display": "100", "missing_lines": 0, "excluded_lines": 0, "percent_statements_covered": 100.0, "percent_statements_covered_display": "100"}, "missing_lines": [], "excluded_lines": []}}}, "app/crud/checkin.py": {"executed_lines": [1, 2, 3, 4, 5, 6, 8, 9, 10, 11, 12, 13, 16, 81, 134, 156, 164], "summary": {"covered_lines": 17, "num_statements": 68, "percent_covered": 25.0, "percent_covered_display": "25", "missing_lines": 51, "excluded_lines": 0, "percent_statements_covered": 25.0, "percent_statements_covered_display": "25"}, "missing_lines": [21, 22, 23, 24, 27, 34, 36, 37, 38, 41, 44, 46, 48, 49, 50, 52, 54, 55, 56, 58, 71, 91, 92, 94, 96, 97, 98, 99, 102, 110, 112, 114, 117, 124, 125, 127, 128, 129, 131, 139, 147, 149, 150, 151, 152, 153, 160, 161, 170, 173, 174], "excluded_lines": [], "functions": {"get_checkin_summary": {"executed_lines": [], "summary": {"covered_lines": 0, "num_statements": 21, "percent_covered": 0.0, "percent_covered_display": "0", "missing_lines": 21, "excluded_lines": 0, "percent_statements_covered": 0.0, "percent_statements_covered_display": "0"}, "missing_lines": [21, 22, 23, 24, 27, 34, 36, 37, 38, 41, 44, 46, 48, 49, 50, 52, 54, 55, 56, 58, 71], "excluded_lines": []}, "create_checkins": {"executed_lines": [], "summary": {"covered_lines": 0, "num_statements": 18, "percent_covered": 0.0, "percent_covered_display": "0", "missing_lines": 18, "excluded_lines": 0, "percent_statements_covered": 0.0, "percent_statements_covered_display": "0"}, "missing_lines": [91, 92, 94, 96, 97, 98, 99, 102, 110, 112, 114, 117, 124, 125, 127, 128, 129, 131], "excluded_lines": []}, "delete_checkin": {"executed_lines": [], "summary": {"covered_lines": 0, "num_statements": 7, "percent_covered": 0.0, "percent_covered_display": "0", "missing_lines": 7, "excluded_lines": 0, "percent_statements_covered": 0.0, "percent_statements_covered_display": "0"}, "missing_lines": [139, 147, 149, 150, 151, 152, 153], "excluded_lines": []}, "get_checkin_records": {"executed_lines": [], "summary": {"covered_lines": 0, "num_statements": 2, "percent_covered": 0.0, "percent_covered_display": "0", "missing_lines": 2, "excluded_lines": 0, "percent_statements_covered": 0.0, "percent_statements_covered_display": "0"}, "missing_lines": [160, 161], "excluded_lines": []}, "delete_all_checkins": {"executed_lines": [], "summary": {"covered_lines": 0, "num_statements": 3, "percent_covered": 0.0, "percent_covered_display": "0", "missing_lines": 3, "excluded_lines": 0, "percent_statements_covered": 0.0, "percent_statements_covered_display": "0"}, "missing_lines": [170, 173, 174], "excluded_lines": []}, "": {"executed_lines": [1, 2, 3, 4, 5, 6, 8, 9, 10, 11, 12, 13, 16, 81, 134, 156, 164], "summary": {"covered_lines": 17, "num_statements": 17, "percent_covered": 100.0, "percent_covered_display": "100", "missing_lines": 0, "excluded_lines": 0, "percent_statements_covered": 100.0, "percent_statements_covered_display": "100"}, "missing_lines": [], "excluded_lines": []}}, "classes": {"": {"executed_lines": [1, 2, 3, 4, 5, 6, 8, 9, 10, 11, 12, 13, 16, 81, 134, 156, 164], "summary": {"covered_lines": 17, "num_statements": 68, "percent_covered": 25.0, "percent_covered_display": "25", "missing_lines": 51, "excluded_lines": 0, "percent_statements_covered": 25.0, "percent_statements_covered_display": "25"}, "missing_lines": [21, 22, 23, 24, 27, 34, 36, 37, 38, 41, 44, 46, 48, 49, 50, 52, 54, 55, 56, 58, 71, 91, 92, 94, 96, 97, 98, 99, 102, 110, 112, 114, 117, 124, 125, 127, 128, 129, 131, 139, 147, 149, 150, 151, 152, 153, 160, 161, 170, 173, 174], "excluded_lines": []}}}, "app/crud/family.py": {"executed_lines": [1, 2, 3, 4, 5, 7, 8, 9, 10, 13, 14, 23, 26, 27, 28, 29, 30, 34, 35, 38, 39, 51, 52, 54, 55, 59, 61, 62, 67, 69, 70, 73, 81, 84, 85, 93, 94, 95, 97, 98, 99, 102, 104, 105, 107, 108, 112, 115, 116, 117, 118, 119, 124, 126, 127, 130, 138, 141, 142, 145, 146, 147, 150, 153, 155, 156, 159, 171, 172], "summary": {"covered_lines": 69, "num_statements": 77, "percent_covered": 89.6103896103896, "percent_covered_display": "90", "missing_lines": 8, "excluded_lines": 0, "percent_statements_covered": 89.6103896103896, "percent_statements_covered_display": "90"}, "missing_lines": [160, 161, 164, 165, 166, 167, 168, 169], "excluded_lines": [], "functions": {"get_family_members_for_user": {"executed_lines": [14, 23], "summary": {"covered_lines": 2, "num_statements": 2, "percent_covered": 100.0, "percent_covered_display": "100", "missing_lines": 0, "excluded_lines": 0, "percent_statements_covered": 100.0, "percent_statements_covered_display": "100"}, "missing_lines": [], "excluded_lines": []}, "get_family_member": {"executed_lines": [27, 28, 29, 30, 34, 35], "summary": {"covered_lines": 6, "num_statements": 6, "percent_covered": 100.0, "percent_covered_display": "100", "missing_lines": 0, "excluded_lines": 0, "percent_statements_covered": 100.0, "percent_statements_covered_display": "100"}, "missing_lines": [], "excluded_lines": []}, "create_family_member": {"executed_lines": [39, 51, 52, 54, 55, 59, 61, 62, 67, 69, 70, 73, 81], "summary": {"covered_lines": 13, "num_statements": 13, "percent_covered": 100.0, "percent_covered_display": "100", "missing_lines": 0, "excluded_lines": 0, "percent_statements_covered": 100.0, "percent_statements_covered_display": "100"}, "missing_lines": [], "excluded_lines": []}, "update_family_member": {"executed_lines": [85, 93, 94, 95, 97, 98, 99, 102, 104, 105, 107, 108, 112, 115, 116, 117, 118, 119, 124, 126, 127, 130, 138], "summary": {"covered_lines": 23, "num_statements": 23, "percent_covered": 100.0, "percent_covered_display": "100", "missing_lines": 0, "excluded_lines": 0, "percent_statements_covered": 100.0, "percent_statements_covered_display": "100"}, "missing_lines": [], "excluded_lines": []}, "delete_family_member": {"executed_lines": [142, 145, 146, 147, 150, 153, 155, 156, 159, 171, 172], "summary": {"covered_lines": 11, "num_statements": 19, "percent_covered": 57.89473684210526, "percent_covered_display": "58", "missing_lines": 8, "excluded_lines": 0, "percent_statements_covered": 57.89473684210526, "percent_statements_covered_display": "58"}, "missing_lines": [160, 161, 164, 165, 166, 167, 168, 169], "excluded_lines": []}, "": {"executed_lines": [1, 2, 3, 4, 5, 7, 8, 9, 10, 13, 26, 38, 84, 141], "summary": {"covered_lines": 14, "num_statements": 14, "percent_covered": 100.0, "percent_covered_display": "100", "missing_lines": 0, "excluded_lines": 0, "percent_statements_covered": 100.0, "percent_statements_covered_display": "100"}, "missing_lines": [], "excluded_lines": []}}, "classes": {"": {"executed_lines": [1, 2, 3, 4, 5, 7, 8, 9, 10, 13, 14, 23, 26, 27, 28, 29, 30, 34, 35, 38, 39, 51, 52, 54, 55, 59, 61, 62, 67, 69, 70, 73, 81, 84, 85, 93, 94, 95, 97, 98, 99, 102, 104, 105, 107, 108, 112, 115, 116, 117, 118, 119, 124, 126, 127, 130, 138, 141, 142, 145, 146, 147, 150, 153, 155, 156, 159, 171, 172], "summary": {"covered_lines": 69, "num_statements": 77, "percent_covered": 89.6103896103896, "percent_covered_display": "90", "missing_lines": 8, "excluded_lines": 0, "percent_statements_covered": 89.6103896103896, "percent_statements_covered_display": "90"}, "missing_lines": [160, 161, 164, 165, 166, 167, 168, 169], "excluded_lines": []}}}, "app/crud/outing.py": {"executed_lines": [1, 2, 3, 4, 5, 7, 8, 9, 10, 11, 14, 16, 27, 30, 32, 33, 35, 50, 52, 65, 68, 70, 80, 82, 85, 87, 89, 92, 95, 96, 97, 99, 100, 102, 103, 105, 106, 108, 109, 110, 113, 114, 115, 117, 119, 120, 121, 122, 125, 127, 128, 129, 131, 132, 134, 135, 136, 139, 141, 142, 1971, 1981, 1983, 1990], "summary": {"covered_lines": 59, "num_statements": 61, "percent_covered": 96.72131147540983, "percent_covered_display": "97", "missing_lines": 2, "excluded_lines": 0, "percent_statements_covered": 96.72131147540983, "percent_statements_covered_display": "97"}, "missing_lines": [47, 93], "excluded_lines": [], "functions": {"get_outing": {"executed_lines": [16, 27], "summary": {"covered_lines": 2, "num_statements": 2, "percent_covered": 100.0, "percent_covered_display": "100", "missing_lines": 0, "excluded_lines": 0, "percent_statements_covered": 100.0, "percent_statements_covered_display": "100"}, "missing_lines": [], "excluded_lines": []}, "get_outing_with_details": {"executed_lines": [32, 33, 35], "summary": {"covered_lines": 3, "num_statements": 4, "percent_covered": 75.0, "percent_covered_display": "75", "missing_lines": 1, "excluded_lines": 0, "percent_statements_covered": 75.0, "percent_statements_covered_display": "75"}, "missing_lines": [47], "excluded_lines": []}, "get_outings": {"executed_lines": [52, 65], "summary": {"covered_lines": 2, "num_statements": 2, "percent_covered": 100.0, "percent_covered_display": "100", "missing_lines": 0, "excluded_lines": 0, "percent_statements_covered": 100.0, "percent_statements_covered_display": "100"}, "missing_lines": [], "excluded_lines": []}, "get_available_outings": {"executed_lines": [70, 80, 82], "summary": {"covered_lines": 3, "num_statements": 3, "percent_covered": 100.0, "percent_covered_display": "100", "missing_lines": 0, "excluded_lines": 0, "percent_statements_covered": 100.0, "percent_statements_covered_display": "100"}, "missing_lines": [], "excluded_lines": []}, "create_outing": {"executed_lines": [89, 92, 95, 96, 97, 99, 100, 102, 103], "summary": {"covered_lines": 9, "num_statements": 10, "percent_covered": 90.0, "percent_covered_display": "90", "missing_lines": 1, "excluded_lines": 0, "percent_statements_covered": 90.0, "percent_statements_covered_display": "90"}, "missing_lines": [93], "excluded_lines": []}, "update_outing": {"executed_lines": [108, 109, 110, 113, 114, 115, 117, 119, 120, 121, 122], "summary": {"covered_lines": 11, "num_statements": 11, "percent_covered": 100.0, "percent_covered_display": "100", "missing_lines": 0, "excluded_lines": 0, "percent_statements_covered": 100.0, "percent_statements_covered_display": "100"}, "missing_lines": [], "excluded_lines": []}, "delete_outing": {"executed_lines": [127, 128, 129, 131, 132, 134, 135, 136], "summary": {"covered_lines": 8, "num_statements": 8, "percent_covered": 100.0, "percent_covered_display": "100", "missing_lines": 0, "excluded_lines": 0, "percent_statements_covered": 100.0, "percent_statements_covered_display": "100"}, "missing_lines": [], "excluded_lines": []}, "get_outing_count": {"executed_lines": [141, 142], "summary": {"covered_lines": 2, "num_statements": 2, "percent_covered": 100.0, "percent_covered_display": "100", "missing_lines": 0, "excluded_lines": 0, "percent_statements_covered": 100.0, "percent_statements_covered_display": "100"}, "missing_lines": [], "excluded_lines": []}, "": {"executed_lines": [1, 2, 3, 4, 5, 7, 8, 9, 10, 11, 14, 30, 50, 68, 85, 87, 105, 106, 125, 139], "summary": {"covered_lines": 19, "num_statements": 19, "percent_covered": 100.0, "percent_covered_display": "100", "missing_lines": 0, "excluded_lines": 0, "percent_statements_covered": 100.0, "percent_statements_covered_display": "100"}, "missing_lines": [], "excluded_lines": []}}, "classes": {"": {"executed_lines": [1, 2, 3, 4, 5, 7, 8, 9, 10, 11, 14, 16, 27, 30, 32, 33, 35, 50, 52, 65, 68, 70, 80, 82, 85, 87, 89, 92, 95, 96, 97, 99, 100, 102, 103, 105, 106, 108, 109, 110, 113, 114, 115, 117, 119, 120, 121, 122, 125, 127, 128, 129, 131, 132, 134, 135, 136, 139, 141, 142], "summary": {"covered_lines": 59, "num_statements": 61, "percent_covered": 96.72131147540983, "percent_covered_display": "97", "missing_lines": 2, "excluded_lines": 0, "percent_statements_covered": 96.72131147540983, "percent_statements_covered_display": "97"}, "missing_lines": [47, 93], "excluded_lines": []}}}, "app/crud/packing_list.py": {"executed_lines": [1, 2, 3, 4, 5, 7, 13, 22, 33, 43, 53, 64, 105, 118, 131, 146, 163, 185, 199], "summary": {"covered_lines": 19, "num_statements": 79, "percent_covered": 24.050632911392405, "percent_covered_display": "24", "missing_lines": 60, "excluded_lines": 0, "percent_statements_covered": 24.050632911392405, "percent_statements_covered_display": "24"}, "missing_lines": [24, 30, 35, 40, 45, 50, 55, 56, 57, 58, 59, 60, 71, 75, 76, 79, 80, 81, 82, 88, 90, 91, 94, 102, 107, 115, 120, 128, 133, 136, 137, 138, 140, 141, 142, 152, 156, 157, 158, 159, 160, 169, 172, 173, 174, 176, 177, 178, 180, 181, 182, 187, 190, 191, 192, 194, 195, 196, 201, 204], "excluded_lines": [], "functions": {"get_templates": {"executed_lines": [], "summary": {"covered_lines": 0, "num_statements": 2, "percent_covered": 0.0, "percent_covered_display": "0", "missing_lines": 2, "excluded_lines": 0, "percent_statements_covered": 0.0, "percent_statements_covered_display": "0"}, "missing_lines": [24, 30], "excluded_lines": []}, "get_template": {"executed_lines": [], "summary": {"covered_lines": 0, "num_statements": 2, "percent_covered": 0.0, "percent_covered_display": "0", "missing_lines": 2, "excluded_lines": 0, "percent_statements_covered": 0.0, "percent_statements_covered_display": "0"}, "missing_lines": [35, 40], "excluded_lines": []}, "get_template_items": {"executed_lines": [], "summary": {"covered_lines": 0, "num_statements": 2, "percent_covered": 0.0, "percent_covered_display": "0", "missing_lines": 2, "excluded_lines": 0, "percent_statements_covered": 0.0, "percent_statements_covered_display": "0"}, "missing_lines": [45, 50], "excluded_lines": []}, "create_template": {"executed_lines": [], "summary": {"covered_lines": 0, "num_statements": 6, "percent_covered": 0.0, "percent_covered_display": "0", "missing_lines": 6, "excluded_lines": 0, "percent_statements_covered": 0.0, "percent_statements_covered_display": "0"}, "missing_lines": [55, 56, 57, 58, 59, 60], "excluded_lines": []}, "create_outing_packing_list": {"executed_lines": [], "summary": {"covered_lines": 0, "num_statements": 12, "percent_covered": 0.0, "percent_covered_display": "0", "missing_lines": 12, "excluded_lines": 0, "percent_statements_covered": 0.0, "percent_statements_covered_display": "0"}, "missing_lines": [71, 75, 76, 79, 80, 81, 82, 88, 90, 91, 94, 102], "excluded_lines": []}, "get_outing_packing_lists": {"executed_lines": [], "summary": {"covered_lines": 0, "num_statements": 2, "percent_covered": 0.0, "percent_covered_display": "0", "missing_lines": 2, "excluded_lines": 0, "percent_statements_covered": 0.0, "percent_statements_covered_display": "0"}, "missing_lines": [107, 115], "excluded_lines": []}, "get_outing_packing_list": {"executed_lines": [], "summary": {"covered_lines": 0, "num_statements": 2, "percent_covered": 0.0, "percent_covered_display": "0", "missing_lines": 2, "excluded_lines": 0, "percent_statements_covered": 0.0, "percent_statements_covered_display": "0"}, "missing_lines": [120, 128], "excluded_lines": []}, "delete_outing_packing_list": {"executed_lines": [], "summary": {"covered_lines": 0, "num_statements": 7, "percent_covered": 0.0, "percent_covered_display": "0", "missing_lines": 7, "excluded_lines": 0, "percent_statements_covered": 0.0, "percent_statements_covered_display": "0"}, "missing_lines": [133, 136, 137, 138, 140, 141, 142], "excluded_lines": []}, "add_custom_item": {"executed_lines": [], "summary": {"covered_lines": 0, "num_statements": 6, "percent_covered": 0.0, "percent_covered_display": "0", "missing_lines": 6, "excluded_lines": 0, "percent_statements_covered": 0.0, "percent_statements_covered_display": "0"}, "missing_lines": [152, 156, 157, 158, 159, 160], "excluded_lines": []}, "update_item": {"executed_lines": [], "summary": {"covered_lines": 0, "num_statements": 10, "percent_covered": 0.0, "percent_covered_display": "0", "missing_lines": 10, "excluded_lines": 0, "percent_statements_covered": 0.0, "percent_statements_covered_display": "0"}, "missing_lines": [169, 172, 173, 174, 176, 177, 178, 180, 181, 182], "excluded_lines": []}, "delete_item": {"executed_lines": [], "summary": {"covered_lines": 0, "num_statements": 7, "percent_covered": 0.0, "percent_covered_display": "0", "missing_lines": 7, "excluded_lines": 0, "percent_statements_covered": 0.0, "percent_statements_covered_display": "0"}, "missing_lines": [187, 190, 191, 192, 194, 195, 196], "excluded_lines": []}, "get_item": {"executed_lines": [], "summary": {"covered_lines": 0, "num_statements": 2, "percent_covered": 0.0, "percent_covered_display": "0", "missing_lines": 2, "excluded_lines": 0, "percent_statements_covered": 0.0, "percent_statements_covered_display": "0"}, "missing_lines": [201, 204], "excluded_lines": []}, "": {"executed_lines": [1, 2, 3, 4, 5, 7, 13, 22, 33, 43, 53, 64, 105, 118, 131, 146, 163, 185, 199], "summary": {"covered_lines": 19, "num_statements": 19, "percent_covered": 100.0, "percent_covered_display": "100", "missing_lines": 0, "excluded_lines": 0, "percent_statements_covered": 100.0, "percent_statements_covered_display": "100"}, "missing_lines": [], "excluded_lines": []}}, "classes": {"": {"executed_lines": [1, 2, 3, 4, 5, 7, 13, 22, 33, 43, 53, 64, 105, 118, 131, 146, 163, 185, 199], "summary": {"covered_lines
[...]
es": 0, "percent_statements_covered": 100.0, "percent_statements_covered_display": "100"}, "missing_lines": [], "excluded_lines": [], "functions": {"": {"executed_lines": [1, 2, 3, 4, 7, 8, 9, 10, 13, 14, 15, 16, 17, 20, 21, 22, 23, 24, 25, 28, 29, 30, 31, 32, 35, 36, 37, 38, 41, 42, 43, 44, 45, 46, 47, 48, 49, 50, 51, 52, 53, 54, 55, 56, 58, 59, 62, 63, 64, 65, 66, 67, 68, 69, 70, 71, 72, 73, 74, 76, 77, 80, 81, 82, 83], "summary": {"covered_lines": 57, "num_statements": 57, "percent_covered": 100.0, "percent_covered_display": "100", "missing_lines": 0, "excluded_lines": 0, "percent_statements_covered": 100.0, "percent_statements_covered_display": "100"}, "missing_lines": [], "excluded_lines": []}}, "classes": {"DietaryRestriction": {"executed_lines": [], "summary": {"covered_lines": 0, "num_statements": 0, "percent_covered": 100.0, "percent_covered_display": "100", "missing_lines": 0, "excluded_lines": 0, "percent_statements_covered": 100.0, "percent_statements_covered_display": "100"}, "missing_lines": [], "excluded_lines": []}, "Allergy": {"executed_lines": [], "summary": {"covered_lines": 0, "num_statements": 0, "percent_covered": 100.0, "percent_covered_display": "100", "missing_lines": 0, "excluded_lines": 0, "percent_statements_covered": 100.0, "percent_statements_covered_display": "100"}, "missing_lines": [], "excluded_lines": []}, "FamilyContact": {"executed_lines": [], "summary": {"covered_lines": 0, "num_statements": 0, "percent_covered": 100.0, "percent_covered_display": "100", "missing_lines": 0, "excluded_lines": 0, "percent_statements_covered": 100.0, "percent_statements_covered_display": "100"}, "missing_lines": [], "excluded_lines": []}, "SignupCreate": {"executed_lines": [], "summary": {"covered_lines": 0, "num_statements": 0, "percent_covered": 100.0, "percent_covered_display": "100", "missing_lines": 0, "excluded_lines": 0, "percent_statements_covered": 100.0, "percent_statements_covered_display": "100"}, "missing_lines": [], "excluded_lines": []}, "SignupUpdate": {"executed_lines": [], "summary": {"covered_lines": 0, "num_statements": 0, "percent_covered": 100.0, "percent_covered_display": "100", "missing_lines": 0, "excluded_lines": 0, "percent_statements_covered": 100.0, "percent_statements_covered_display": "100"}, "missing_lines": [], "excluded_lines": []}, "ParticipantResponse": {"executed_lines": [], "summary": {"covered_lines": 0, "num_statements": 0, "percent_covered": 100.0, "percent_covered_display": "100", "missing_lines": 0, "excluded_lines": 0, "percent_statements_covered": 100.0, "percent_statements_covered_display": "100"}, "missing_lines": [], "excluded_lines": []}, "ParticipantResponse.Config": {"executed_lines": [], "summary": {"covered_lines": 0, "num_statements": 0, "percent_covered": 100.0, "percent_covered_display": "100", "missing_lines": 0, "excluded_lines": 0, "percent_statements_covered": 100.0, "percent_statements_covered_display": "100"}, "missing_lines": [], "excluded_lines": []}, "SignupResponse": {"executed_lines": [], "summary": {"covered_lines": 0, "num_statements": 0, "percent_covered": 100.0, "percent_covered_display": "100", "missing_lines": 0, "excluded_lines": 0, "percent_statements_covered": 100.0, "percent_statements_covered_display": "100"}, "missing_lines": [], "excluded_lines": []}, "SignupResponse.Config": {"executed_lines": [], "summary": {"covered_lines": 0, "num_statements": 0, "percent_covered": 100.0, "percent_covered_display": "100", "missing_lines": 0, "excluded_lines": 0, "percent_statements_covered": 100.0, "percent_statements_covered_display": "100"}, "missing_lines": [], "excluded_lines": []}, "SignupListResponse": {"executed_lines": [], "summary": {"covered_lines": 0, "num_statements": 0, "percent_covered": 100.0, "percent_covered_display": "100", "missing_lines": 0, "excluded_lines": 0, "percent_statements_covered": 100.0, "percent_statements_covered_display": "100"}, "missing_lines": [], "excluded_lines": []}, "": {"executed_lines": [1, 2, 3, 4, 7, 8, 9, 10, 13, 14, 15, 16, 17, 20, 21, 22, 23, 24, 25, 28, 29, 30, 31, 32, 35, 36, 37, 38, 41, 42, 43, 44, 45, 46, 47, 48, 49, 50, 51, 52, 53, 54, 55, 56, 58, 59, 62, 63, 64, 65, 66, 67, 68, 69, 70, 71, 72, 73, 74, 76, 77, 80, 81, 82, 83], "summary": {"covered_lines": 57, "num_statements": 57, "percent_covered": 100.0, "percent_covered_display": "100", "missing_lines": 0, "excluded_lines": 0, "percent_statements_covered": 100.0, "percent_statements_covered_display": "100"}, "missing_lines": [], "excluded_lines": []}}}, "app/services/pdf_generator.py": {"executed_lines": [1, 2, 3, 4, 5, 6, 7, 8, 9, 10, 12, 13, 16, 17, 18, 21, 22, 23, 25, 36, 50, 60, 70, 79, 88, 105, 107, 108, 117, 120, 121, 124, 125, 128, 129, 130, 131, 132, 133, 134, 135, 136, 138, 139, 142, 149, 154, 155, 156, 158, 165, 166, 170, 174, 175, 177, 182, 183, 192, 197, 198, 204, 207, 212, 213, 217, 220, 221, 222, 224, 227, 229, 230, 231, 235, 236, 237, 240, 243, 246, 247, 250, 251, 254, 255, 258, 261, 265, 269, 271, 272, 273, 274, 276, 277, 286, 289, 290, 291, 293, 294, 339, 340, 343, 344, 346], "summary": {"covered_lines": 106, "num_statements": 150, "percent_covered": 70.66666666666667, "percent_covered_display": "71", "missing_lines": 44, "excluded_lines": 0, "percent_statements_covered": 70.66666666666667, "percent_statements_covered_display": "71"}, "missing_lines": [90, 96, 97, 98, 100, 101, 102, 103, 167, 168, 171, 172, 232, 238, 241, 248, 252, 256, 262, 266, 297, 298, 299, 300, 303, 306, 307, 308, 310, 311, 313, 314, 315, 316, 318, 321, 322, 324, 325, 326, 328, 329, 330, 336], "excluded_lines": [], "functions": {"PDFGenerator.__init__": {"executed_lines": [18, 21, 22, 23, 25, 36, 50, 60, 70, 79], "summary": {"covered_lines": 10, "num_statements": 10, "percent_covered": 100.0, "percent_covered_display": "100", "missing_lines": 0, "excluded_lines": 0, "percent_statements_covered": 100.0, "percent_statements_covered_display": "100"}, "missing_lines": [], "excluded_lines": []}, "PDFGenerator._generate_qr_code": {"executed_lines": [], "summary": {"covered_lines": 0, "num_statements": 8, "percent_covered": 0.0, "percent_covered_display": "0", "missing_lines": 8, "excluded_lines": 0, "percent_statements_covered": 0.0, "percent_statements_covered_display": "0"}, "missing_lines": [90, 96, 97, 98, 100, 101, 102, 103], "excluded_lines": []}, "PDFGenerator.generate_outing_handout": {"executed_lines": [107, 108, 117, 120, 121, 124, 125, 128, 142, 149, 154, 155, 156, 158, 165, 166, 170, 174, 175, 177, 182, 192, 197, 198, 204, 207, 212, 213, 217, 220, 221, 222, 224, 227, 246, 247, 250, 251, 254, 255, 258, 261, 265, 269, 271, 272, 273, 274, 276, 277, 286, 289, 290, 291, 293, 294, 339, 340, 343, 344], "summary": {"covered_lines": 60, "num_statements": 93, "percent_covered": 64.51612903225806, "percent_covered_display": "65", "missing_lines": 33, "excluded_lines": 0, "percent_statements_covered": 64.51612903225806, "percent_statements_covered_display": "65"}, "missing_lines": [167, 168, 171, 172, 248, 252, 256, 262, 266, 297, 298, 299, 300, 303, 306, 307, 308, 310, 311, 313, 314, 315, 316, 318, 321, 322, 324, 325, 326, 328, 329, 330, 336], "excluded_lines": []}, "PDFGenerator.generate_outing_handout.create_card_content": {"executed_lines": [129, 130, 131, 132, 133, 134, 135, 136, 138, 139], "summary": {"covered_lines": 10, "num_statements": 10, "percent_covered": 100.0, "percent_covered_display": "100", "missing_lines": 0, "excluded_lines": 0, "percent_statements_covered": 100.0, "percent_statements_covered_display": "100"}, "missing_lines": [], "excluded_lines": []}, "PDFGenerator.generate_outing_handout.make_cell": {"executed_lines": [183], "summary": {"covered_lines": 1, "num_statements": 1, "percent_covered": 100.0, "percent_covered_display": "100", "missing_lines": 0, "excluded_lines": 0, "percent_statements_covered": 100.0, "percent_statements_covered_display": "100"}, "missing_lines": [], "excluded_lines": []}, "PDFGenerator.generate_outing_handout.add_location_row": {"executed_lines": [229, 230, 231, 235, 236, 237, 240, 243], "summary": {"covered_lines": 8, "num_statements": 11, "percent_covered": 72.72727272727273, "percent_covered_display": "73", "missing_lines": 3, "excluded_lines": 0, "percent_statements_covered": 72.72727272727273, "percent_statements_covered_display": "73"}, "missing_lines": [232, 238, 241], "excluded_lines": []}, "": {"executed_lines": [1, 2, 3, 4, 5, 6, 7, 8, 9, 10, 12, 13, 16, 17, 88, 105, 346], "summary": {"covered_lines": 17, "num_statements": 17, "percent_covered": 100.0, "percent_covered_display": "100", "missing_lines": 0, "excluded_lines": 0, "percent_statements_covered": 100.0, "percent_statements_covered_display": "100"}, "missing_lines": [], "excluded_lines": []}}, "classes": {"PDFGenerator": {"executed_lines": [18, 21, 22, 23, 25, 36, 50, 60, 70, 79, 107, 108, 117, 120, 121, 124, 125, 128, 129, 130, 131, 132, 133, 134, 135, 136, 138, 139, 142, 149, 154, 155, 156, 158, 165, 166, 170, 174, 175, 177, 182, 183, 192, 197, 198, 204, 207, 212, 213, 217, 220, 221, 222, 224, 227, 229, 230, 231, 235, 236, 237, 240, 243, 246, 247, 250, 251, 254, 255, 258, 261, 265, 269, 271, 272, 273, 274, 276, 277, 286, 289, 290, 291, 293, 294, 339, 340, 343, 344], "summary": {"covered_lines": 89, "num_statements": 133, "percent_covered": 66.9172932330827, "percent_covered_display": "67", "missing_lines": 44, "excluded_lines": 0, "percent_statements_covered": 66.9172932330827, "percent_statements_covered_display": "67"}, "missing_lines": [90, 96, 97, 98, 100, 101, 102, 103, 167, 168, 171, 172, 232, 238, 241, 248, 252, 256, 262, 266, 297, 298, 299, 300, 303, 306, 307, 308, 310, 311, 313, 314, 315, 316, 318, 321, 322, 324, 325, 326, 328, 329, 330, 336], "excluded_lines": []}, "": {"executed_lines": [1, 2, 3, 4, 5, 6, 7, 8, 9, 10, 12, 13, 16, 17, 88, 105, 346], "summary": {"covered_lines": 17, "num_statements": 17, "percent_covered": 100.0, "percent_covered_display": "100", "missing_lines": 0, "excluded_lines": 0, "percent_statements_covered": 100.0, "percent_statements_covered_display": "100"}, "missing_lines": [], "excluded_lines": []}}}, "app/utils/outing_email.py": {"executed_lines": [1, 2, 4, 5, 8, 10, 12, 14, 17, 47, 55, 56, 61, 62, 63, 64, 65, 67, 69, 70, 71, 73, 76, 77, 80, 82, 83, 84, 85, 86], "summary": {"covered_lines": 30, "num_statements": 35, "percent_covered": 85.71428571428571, "percent_covered_display": "86", "missing_lines": 5, "excluded_lines": 0, "percent_statements_covered": 85.71428571428571, "percent_statements_covered_display": "86"}, "missing_lines": [11, 13, 66, 72, 74], "excluded_lines": [], "functions": {"_format_value": {"executed_lines": [10, 12, 14], "summary": {"covered_lines": 3, "num_statements": 5, "percent_covered": 60.0, "percent_covered_display": "60", "missing_lines": 2, "excluded_lines": 0, "percent_statements_covered": 60.0, "percent_statements_covered_display": "60"}, "missing_lines": [11, 13], "excluded_lines": []}, "generate_outing_update_email": {"executed_lines": [55, 56, 61, 62, 63, 64, 65, 67, 69, 70, 71, 73, 76, 77], "summary": {"covered_lines": 14, "num_statements": 17, "percent_covered": 82.3529411764706, "percent_covered_display": "82", "missing_lines": 3, "excluded_lines": 0, "percent_statements_covered": 82.3529411764706, "percent_statements_covered_display": "82"}, "missing_lines": [66, 72, 74], "excluded_lines": []}, "diff_outing": {"executed_lines": [82, 83, 84, 85, 86], "summary": {"covered_lines": 5, "num_statements": 5, "percent_covered": 100.0, "percent_covered_display": "100", "missing_lines": 0, "excluded_lines": 0, "percent_statements_covered": 100.0, "percent_statements_covered_display": "100"}, "missing_lines": [], "excluded_lines": []}, "": {"executed_lines": [1, 2, 4, 5, 8, 17, 47, 80], "summary": {"covered_lines": 8, "num_statements": 8, "percent_covered": 100.0, "percent_covered_display": "100", "missing_lines": 0, "excluded_lines": 0, "percent_statements_covered": 100.0, "percent_statements_covered_display": "100"}, "missing_lines": [], "excluded_lines": []}}, "classes": {"": {"executed_lines": [1, 2, 4, 5, 8, 10, 12, 14, 17, 47, 55, 56, 61, 62, 63, 64, 65, 67, 69, 70, 71, 73, 76, 77, 80, 82, 83, 84, 85, 86], "summary": {"covered_lines": 30, "num_statements": 35, "percent_covered": 85.71428571428571, "percent_covered_display": "86", "missing_lines": 5, "excluded_lines": 0, "percent_statements_covered": 85.71428571428571, "percent_statements_covered_display": "86"}, "missing_lines": [11, 13, 66, 72, 74], "excluded_lines": []}}}, "app/utils/pdf_generator.py": {"executed_lines": [1, 5, 6, 7, 8, 9, 10, 11, 12, 13, 16, 27, 30, 40, 43, 44, 54, 64, 75, 76, 79, 80, 82, 83, 84, 86, 90, 91, 94, 95, 96, 97, 98, 99, 100, 101, 105, 106, 108, 109, 110, 125, 126, 128, 131, 133, 136, 137, 138, 140, 144, 145, 146, 147, 148, 149, 150, 152, 162, 163, 201, 202, 205, 206, 207, 209, 213, 214, 215, 217, 218, 219, 221, 222, 224, 234, 235, 272, 275, 276, 277, 278, 279, 281, 284, 285, 286, 289, 292, 293], "summary": {"covered_lines": 89, "num_statements": 90, "percent_covered": 98.88888888888889, "percent_covered_display": "99", "missing_lines": 1, "excluded_lines": 0, "percent_statements_covered": 98.88888888888889, "percent_statements_covered_display": "99"}, "missing_lines": [216], "excluded_lines": [], "functions": {"generate_outing_roster_pdf": {"executed_lines": [27, 30, 40, 43, 44, 54, 64, 75, 76, 79, 80, 82, 83, 84, 86, 90, 91, 94, 95, 96, 97, 98, 99, 100, 101, 105, 106, 108, 109, 110, 125, 126, 128, 131, 133, 136, 137, 138, 140, 144, 145, 146, 147, 148, 149, 150, 152, 162, 163, 201, 202, 205, 206, 207, 209, 213, 214, 215, 217, 218, 219, 221, 222, 224, 234, 235, 272, 275, 276, 277, 278, 279, 281, 284, 285, 286, 289, 292, 293], "summary": {"covered_lines": 79, "num_statements": 80, "percent_covered": 98.75, "percent_covered_display": "99", "missing_lines": 1, "excluded_lines": 0, "percent_statements_covered": 98.75, "percent_statements_covered_display": "99"}, "missing_lines": [216], "excluded_lines": []}, "": {"executed_lines": [1, 5, 6, 7, 8, 9, 10, 11, 12, 13, 16], "summary": {"covered_lines": 10, "num_statements": 10, "percent_covered": 100.0, "percent_covered_display": "100", "missing_lines": 0, "excluded_lines": 0, "percent_statements_covered": 100.0, "percent_statements_covered_display": "100"}, "missing_lines": [], "excluded_lines": []}}, "classes": {"": {"executed_lines": [1, 5, 6, 7, 8, 9, 10, 11, 12, 13, 16, 27, 30, 40, 43, 44, 54, 64, 75, 76, 79, 80, 82, 83, 84, 86, 90, 91, 94, 95, 96, 97, 98, 99, 100, 101, 105, 106, 108, 109, 110, 125, 126, 128, 131, 133, 136, 137, 138, 140, 144, 145, 146, 147, 148, 149, 150, 152, 162, 163, 201, 202, 205, 206, 207, 209, 213, 214, 215, 217, 218, 219, 221, 222, 224, 234, 235, 272, 275, 276, 277, 278, 279, 281, 284, 285, 286, 289, 292, 293], "summary": {"covered_lines": 89, "num_statements": 90, "percent_covered": 98.88888888888889, "percent_covered_display": "99", "missing_lines": 1, "excluded_lines": 0, "percent_statements_covered": 98.88888888888889, "percent_statements_covered_display": "99"}, "missing_lines": [216], "excluded_lines": []}}}, "app/utils/suggestions.py": {"executed_lines": [1, 2, 3, 5, 6, 7, 8, 10, 20, 28, 29, 31, 43, 45, 53, 54, 55, 56, 58, 59, 60, 61, 63, 65, 68, 77, 78, 80, 81, 82, 83, 85, 86, 88, 89, 91, 92, 93, 94, 96, 97, 99, 100, 101, 102, 103, 104, 105, 106, 107, 109, 110, 111, 112, 113, 115, 116, 119, 138, 139, 141, 142, 145, 149, 150, 151, 154, 159, 160, 172, 173, 176, 195, 196, 198, 202, 206, 207, 208, 211, 216, 217, 229, 230, 233, 253], "summary": {"covered_lines": 86, "num_statements": 90, "percent_covered": 95.55555555555556, "percent_covered_display": "96", "missing_lines": 4, "excluded_lines": 0, "percent_statements_covered": 95.55555555555556, "percent_statements_covered_display": "96"}, "missing_lines": [84, 152, 199, 209], "excluded_lines": [], "functions": {"extract_keywords_from_text": {"executed_lines": [28, 29, 31, 43, 45, 53, 54, 55, 56, 58, 59, 60, 61, 63, 65], "summary": {"covered_lines": 15, "num_statements": 15, "percent_covered": 100.0, "percent_covered_display": "100", "missing_lines": 0, "excluded_lines": 0, "percent_statements_covered": 100.0, "percent_statements_covered_display": "100"}, "missing_lines": [], "excluded_lines": []}, "calculate_match_score": {"executed_lines": [77, 78, 80, 96, 97, 99, 109, 110, 111, 112, 113, 115, 116], "summary": {"covered_lines": 13, "num_statements": 13, "percent_covered": 100.0, "percent_covered_display": "100", "missing_lines": 0, "excluded_lines": 0, "percent_statements_covered": 100.0, "percent_statements_covered_display": "100"}, "missing_lines": [], "excluded_lines": []}, "calculate_match_score.normalize_set": {"executed_lines": [81, 82, 83, 85, 86, 88, 89, 91, 92, 93, 94], "summary": {"covered_lines": 11, "num_statements": 12, "percent_covered": 91.66666666666667, "percent_covered_display": "92", "missing_lines": 1, "excluded_lines": 0, "percent_statements_covered": 91.66666666666667, "percent_statements_covered_display": "92"}, "missing_lines": [84], "excluded_lines": []}, "calculate_match_score.expand": {"executed_lines": [100, 101, 102, 103, 104, 105, 106, 107], "summary": {"covered_lines": 8, "num_statements": 8, "percent_covered": 100.0, "percent_covered_display": "100", "missing_lines": 0, "excluded_lines": 0, "percent_statements_covered": 100.0, "percent_statements_covered_display": "100"}, "missing_lines": [], "excluded_lines": []}, "get_requirement_suggestions": {"executed_lines": [138, 139, 141, 142, 145, 149, 150, 151, 154, 159, 160, 172, 173], "summary": {"covered_lines": 13, "num_statements": 14, "percent_covered": 92.85714285714286, "percent_covered_display": "93", "missing_lines": 1, "excluded_lines": 0, "percent_statements_covered": 92.85714285714286, "percent_statements_covered_display": "93"}, "missing_lines": [152], "excluded_lines": []}, "get_merit_badge_suggestions": {"executed_lines": [195, 196, 198, 202, 206, 207, 208, 211, 216, 217, 229, 230], "summary": {"covered_lines": 12, "num_statements": 14, "percent_covered": 85.71428571428571, "percent_covered_display": "86", "missing_lines": 2, "excluded_lines": 0, "percent_statements_covered": 85.71428571428571, "percent_statements_covered_display": "86"}, "missing_lines": [199, 209], "excluded_lines": []}, "get_outing_suggestions": {"executed_lines": [253], "summary": {"covered_lines": 1, "num_statements": 1, "percent_covered": 100.0, "percent_covered_display": "100", "missing_lines": 0, "excluded_lines": 0, "percent_statements_covered": 100.0, "percent_statements_covered_display": "100"}, "missing_lines": [], "excluded_lines": []}, "": {"executed_lines": [1, 2, 3, 5, 6, 7, 8, 10, 20, 68, 119, 176, 233], "summary": {"covered_lines": 13, "num_statements": 13, "percent_covered": 100.0, "percent_covered_display": "100", "missing_lines": 0, "excluded_lines": 0, "percent_statements_covered": 100.0, "percent_statements_covered_display": "100"}, "missing_lines": [], "excluded_lines": []}}, "classes": {"": {"executed_lines": [1, 2, 3, 5, 6, 7, 8, 10, 20, 28, 29, 31, 43, 45, 53, 54, 55, 56, 58, 59, 60, 61, 63, 65, 68, 77, 78, 80, 81, 82, 83, 85, 86, 88, 89, 91, 92, 93, 94, 96, 97, 99, 100, 101, 102, 103, 104, 105, 106, 107, 109, 110, 111, 112, 113, 115, 116, 119, 138, 139, 141, 142, 145, 149, 150, 151, 154, 159, 160, 172, 173, 176, 195, 196, 198, 202, 206, 207, 208, 211, 216, 217, 229, 230, 233, 253], "summary": {"covered_lines": 86, "num_statements": 90, "percent_covered": 95.55555555555556, "percent_covered_display": "96", "missing_lines": 4, "excluded_lines": 0, "percent_statements_covered": 95.55555555555556, "percent_statements_covered_display": "96"}, "missing_lines": [84, 152, 199, 209], "excluded_lines": []}}}}, "totals": {"covered_lines": 2278, "num_statements": 3154, "percent_covered": 72.22574508560558, "percent_covered_display": "72", "missing_lines": 876, "excluded_lines": 0, "percent_statements_covered": 72.22574508560558, "percent_statements_covered_display": "72"}}