{"meta": {"format": 3, "version": "7.12.0", "timestamp": "2025-11-27T17:11:58.447109", "branch_coverage": false, "show_contexts": false}, "files": {"app/__init__.py": {"executed_lines": [1, 2], "summary": {"covered_lines": 1, "num_statements": 1, "percent_covered": 100.0, "percent_covered_display": "100", "missing_lines": 0, "excluded_lines": 0, "percent_statements_covered": 100.0, "percent_statements_covered_display": "100"}, "missing_lines": [], "excluded_lines": [], "functions": {"": {"executed_lines": [1, 2], "summary": {"covered_lines": 1, "num_statements": 1, "percent_covered": 100.0, "percent_covered_display": "100", "missing_lines": 0, "excluded_lines": 0, "percent_statements_covered": 100.0, "percent_statements_covered_display": "100"}, "missing_lines": [], "excluded_lines": []}}, "classes": {"": {"executed_lines": [1, 2], "summary": {"covered_lines": 1, "num_statements": 1, "percent_covered": 100.0, "percent_covered_display": "100", "missing_lines": 0, "excluded_lines": 0, "percent_statements_covered": 100.0, "percent_statements_covered_display": "100"}, "missing_lines": [], "excluded_lines": []}}}, "app/api/__init__.py": {"executed_lines": [1], "summary": {"covered_lines": 0, "num_statements": 0, "percent_covered": 100.0, "percent_covered_display": "100", "missing_lines": 0, "excluded_lines": 0, "percent_statements_covered": 100.0, "percent_statements_covered_display": "100"}, "missing_lines": [], "excluded_lines": [], "functions": {"": {"executed_lines": [1], "summary": {"covered_lines": 0, "num_statements": 0, "percent_covered": 100.0, "percent_covered_display": "100", "missing_lines": 0, "excluded_lines": 0, "percent_statements_covered": 100.0, "percent_statements_covered_display": "100"}, "missing_lines": [], "excluded_lines": []}}, "classes": {"": {"executed_lines": [1], "summary": {"covered_lines": 0, "num_statements": 0, "percent_covered": 100.0, "percent_covered_display": "100", "missing_lines": 0, "excluded_lines": 0, "percent_statements_covered": 100.0, "percent_statements_covered_display": "100"}, "missing_lines": [], "excluded_lines": []}}}, "app/api/checkin.py": {"executed_lines": [1, 2, 3, 4, 5, 6, 7, 8, 9, 11, 12, 13, 14, 20, 21, 23, 26, 27, 57, 58, 93, 94, 115, 116, 135, 136], "summary": {"covered_lines": 26, "num_statements": 57, "percent_covered": 45.6140350877193, "percent_covered_display": "46", "missing_lines": 31, "excluded_lines": 0, "percent_statements_covered": 45.6140350877193, "percent_statements_covered_display": "46"}, "missing_lines": [38, 39, 40, 41, 47, 48, 49, 54, 69, 70, 71, 72, 78, 85, 104, 106, 107, 112, 127, 129, 147, 148, 149, 155, 156, 159, 171, 172, 184, 185, 187], "excluded_lines": [], "functions": {"get_checkin_status": {"executed_lines": [], "summary": {"covered_lines": 0, "num_statements": 8, "percent_covered": 0.0, "percent_covered_display": "0", "missing_lines": 8, "excluded_lines": 0, "percent_statements_covered": 0.0, "percent_statements_covered_display": "0"}, "missing_lines": [38, 39, 40, 41, 47, 48, 49, 54], "excluded_lines": []}, "check_in_participants": {"executed_lines": [], "summary": {"covered_lines": 0, "num_statements": 6, "percent_covered": 0.0, "percent_covered_display": "0", "missing_lines": 6, "excluded_lines": 0, "percent_statements_covered": 0.0, "percent_statements_covered_display": "0"}, "missing_lines": [69, 70, 71, 72, 78, 85], "excluded_lines": []}, "undo_checkin": {"executed_lines": [], "summary": {"covered_lines": 0, "num_statements": 4, "percent_covered": 0.0, "percent_covered_display": "0", "missing_lines": 4, "excluded_lines": 0, "percent_statements_covered": 0.0, "percent_statements_covered_display": "0"}, "missing_lines": [104, 106, 107, 112], "excluded_lines": []}, "reset_all_checkins": {"executed_lines": [], "summary": {"covered_lines": 0, "num_statements": 2, "percent_covered": 0.0, "percent_covered_display": "0", "missing_lines": 2, "excluded_lines": 0, "percent_statements_covered": 0.0, "percent_statements_covered_display": "0"}, "missing_lines": [127, 129], "excluded_lines": []}, "export_checkin_data": {"executed_lines": [], "summary": {"covered_lines": 0, "num_statements": 11, "percent_covered": 0.0, "percent_covered_display": "0", "missing_lines": 11, "excluded_lines": 0, "percent_statements_covered": 0.0, "percent_statements_covered_display": "0"}, "missing_lines": [147, 148, 149, 155, 156, 159, 171, 172, 184, 185, 187], "excluded_lines": []}, "": {"executed_lines": [1, 2, 3, 4, 5, 6, 7, 8, 9, 11, 12, 13, 14, 20, 21, 23, 26, 27, 57, 58, 93, 94, 115, 116, 135, 136], "summary": {"covered_lines": 26, "num_statements": 26, "percent_covered": 100.0, "percent_covered_display": "100", "missing_lines": 0, "excluded_lines": 0, "percent_statements_covered": 100.0, "percent_statements_covered_display": "100"}, "missing_lines": [], "excluded_lines": []}}, "classes": {"": {"executed_lines": [1, 2, 3, 4, 5, 6, 7, 8, 9, 11, 12, 13, 14, 20, 21, 23, 26, 27, 57, 58, 93, 94, 115, 116, 135, 136], "summary": {"covered_lines": 26, "num_statements": 57, "percent_covered": 45.6140350877193, "percent_covered_display": "46", "missing_lines": 31, "excluded_lines": 0, "percent_statements_covered": 45.6140350877193, "percent_statements_covered_display": "46"}, "missing_lines": [38, 39, 40, 41, 47, 48, 49, 54, 69, 70, 71, 72, 78, 85, 104, 106, 107, 112, 127, 129, 147, 148, 149, 155, 156, 159, 171, 172, 184, 185, 187], "excluded_lines": []}}}, "app/api/deps.py": {"executed_lines": [1, 2, 3, 4, 6, 7, 8, 9, 11, 14, 100, 112], "summary": {"covered_lines": 12, "num_statements": 60, "percent_covered": 20.0, "percent_covered_display": "20", "missing_lines": 48, "excluded_lines": 0, "percent_statements_covered": 20.0, "percent_statements_covered_display": "20"}, "missing_lines": [21, 23, 24, 25, 26, 29, 30, 32, 33, 39, 40, 42, 45, 46, 47, 50, 51, 53, 61, 62, 63, 64, 65, 67, 68, 69, 70, 71, 74, 75, 76, 77, 79, 80, 85, 87, 88, 89, 91, 92, 93, 94, 104, 105, 109, 116, 117, 121], "excluded_lines": [], "functions": {"get_current_user": {"executed_lines": [], "summary": {"covered_lines": 0, "num_statements": 42, "percent_covered": 0.0, "percent_covered_display": "0", "missing_lines": 42, "excluded_lines": 0, "percent_statements_covered": 0.0, "percent_statements_covered_display": "0"}, "missing_lines": [21, 23, 24, 25, 26, 29, 30, 32, 33, 39, 40, 42, 45, 46, 47, 50, 51, 53, 61, 62, 63, 64, 65, 67, 68, 69, 70, 71, 74, 75, 76, 77, 79, 80, 85, 87, 88, 89, 91, 92, 93, 94], "excluded_lines": []}, "get_current_admin_user": {"executed_lines": [], "summary": {"covered_lines": 0, "num_statements": 3, "percent_covered": 0.0, "percent_covered_display": "0", "missing_lines": 3, "excluded_lines": 0, "percent_statements_covered": 0.0, "percent_statements_covered_display": "0"}, "missing_lines": [104, 105, 109], "excluded_lines": []}, "get_current_outing_admin_user": {"executed_lines": [], "summary": {"covered_lines": 0, "num_statements": 3, "percent_covered": 0.0, "percent_covered_display": "0", "missing_lines": 3, "excluded_lines": 0, "percent_statements_covered": 0.0, "percent_statements_covered_display": "0"}, "missing_lines": [116, 117, 121], "excluded_lines": []}, "": {"executed_lines": [1, 2, 3, 4, 6, 7, 8, 9, 11, 14, 100, 112], "summary": {"covered_lines": 12, "num_statements": 12, "percent_covered": 100.0, "percent_covered_display": "100", "missing_lines": 0, "excluded_lines": 0, "percent_statements_covered": 100.0, "percent_statements_covered_display": "100"}, "missing_lines": [], "excluded_lines": []}}, "classes": {"": {"executed_lines": [1, 2, 3, 4, 6, 7, 8, 9, 11, 14, 100, 112], "summary": {"covered_lines": 12, "num_statements": 60, "percent_covered": 20.0, "percent_covered_display": "20", "missing_lines": 48, "excluded_lines": 0, "percent_statements_covered": 20.0, "percent_statements_covered_display": "20"}, "missing_lines": [21, 23, 24, 25, 26, 29, 30, 32, 33, 39, 40, 42, 45, 46, 47, 50, 51, 53, 61, 62, 63, 64, 65, 67, 68, 69, 70, 71, 74, 75, 76, 77, 79, 80, 85, 87, 88, 89, 91, 92, 93, 94, 104, 105, 109, 116, 117, 121], "excluded_lines": []}}}, "app/api/endpoints/__init__.py": {"executed_lines": [1], "summary": {"covered_lines": 0, "num_statements": 0, "percent_covered": 100.0, "percent_covered_display": "100", "missing_lines": 0, "excluded_lines": 0, "percent_statements_covered": 100.0, "percent_statements_covered_display": "100"}, "missing_lines": [], "excluded_lines": [], "functions": {"": {"executed_lines": [1], "summary": {"covered_lines": 0, "num_statements": 0, "percent_covered": 100.0, "percent_covered_display": "100", "missing_lines": 0, "excluded_lines": 0, "percent_statements_covered": 100.0, "percent_statements_covered_display": "100"}, "missing_lines": [], "excluded_lines": []}}, "classes": {"": {"executed_lines": [1], "summary": {"covered_lines": 0, "num_statements": 0, "percent_covered": 100.0, "percent_covered_display": "100", "missing_lines": 0, "excluded_lines": 0, "percent_statements_covered": 100.0, "percent_statements_covered_display": "100"}, "missing_lines": [], "excluded_lines": []}}}, "app/api/endpoints/clerk_auth.py": {"executed_lines": [1, 4, 5, 6, 7, 8, 9, 10, 12, 13, 14, 15, 16, 18, 19, 22, 23, 24, 27, 28, 29, 50, 51, 86, 87, 112, 113, 114, 146, 147, 174, 175], "summary": {"covered_lines": 30, "num_statements": 74, "percent_covered": 40.54054054054054, "percent_covered_display": "41", "missing_lines": 44, "excluded_lines": 0, "percent_statements_covered": 40.54054054054054, "percent_statements_covered_display": "41"}, "missing_lines": [37, 61, 62, 63, 64, 65, 66, 67, 68, 70, 71, 73, 94, 95, 96, 97, 99, 125, 126, 127, 128, 129, 130, 131, 136, 138, 140, 141, 143, 154, 155, 157, 186, 187, 193, 194, 196, 197, 203, 204, 210, 211, 212, 214], "excluded_lines": [], "functions": {"get_current_user_info": {"executed_lines": [], "summary": {"covered_lines": 0, "num_statements": 1, "percent_covered": 0.0, "percent_covered_display": "0", "missing_lines": 1, "excluded_lines": 0, "percent_statements_covered": 0.0, "percent_statements_covered_display": "0"}, "missing_lines": [37], "excluded_lines": []}, "update_contact_info": {"executed_lines": [], "summary": {"covered_lines": 0, "num_statements": 11, "percent_covered": 0.0, "percent_covered_display": "0", "missing_lines": 11, "excluded_lines": 0, "percent_statements_covered": 0.0, "percent_statements_covered_display": "0"}, "missing_lines": [61, 62, 63, 64, 65, 66, 67, 68, 70, 71, 73], "excluded_lines": []}, "mark_initial_setup_complete": {"executed_lines": [], "summary": {"covered_lines": 0, "num_statements": 5, "percent_covered": 0.0, "percent_covered_display": "0", "missing_lines": 5, "excluded_lines": 0, "percent_statements_covered": 0.0, "percent_statements_covered_display": "0"}, "missing_lines": [94, 95, 96, 97, 99], "excluded_lines": []}, "sync_user_role": {"executed_lines": [], "summary": {"covered_lines": 0, "num_statements": 12, "percent_covered": 0.0, "percent_covered_display": "0", "missing_lines": 12, "excluded_lines": 0, "percent_statements_covered": 0.0, "percent_statements_covered_display": "0"}, "missing_lines": [125, 126, 127, 128, 129, 130, 131, 136, 138, 140, 141, 143], "excluded_lines": []}, "list_users": {"executed_lines": [], "summary": {"covered_lines": 0, "num_statements": 3, "percent_covered": 0.0, "percent_covered_display": "0", "missing_lines": 3, "excluded_lines": 0, "percent_statements_covered": 0.0, "percent_statements_covered_display": "0"}, "missing_lines": [154, 155, 157], "excluded_lines": []}, "update_user_role": {"executed_lines": [], "summary": {"covered_lines": 0, "num_statements": 12, "percent_covered": 0.0, "percent_covered_display": "0", "missing_lines": 12, "excluded_lines": 0, "percent_statements_covered": 0.0, "percent_statements_covered_display": "0"}, "missing_lines": [186, 187, 193, 194, 196, 197, 203, 204, 210, 211, 212, 214], "excluded_lines": []}, "": {"executed_lines": [1, 4, 5, 6, 7, 8, 9, 10, 12, 13, 14, 15, 16, 18, 19, 22, 23, 24, 27, 28, 29, 50, 51, 86, 87, 112, 113, 114, 146, 147, 174, 175], "summary": {"covered_lines": 30, "num_statements": 30, "percent_covered": 100.0, "percent_covered_display": "100", "missing_lines": 0, "excluded_lines": 0, "percent_statements_covered": 100.0, "percent_statements_covered_display": "100"}, "missing_lines": [], "excluded_lines": []}}, "classes": {"UpdateUserRoleRequest": {"executed_lines": [], "summary": {"covered_lines": 0, "num_statements": 0, "percent_covered": 100.0, "percent_covered_display": "100", "missing_lines": 0, "excluded_lines": 0, "percent_statements_covered": 100.0, "percent_statements_covered_display": "100"}, "missing_lines": [], "excluded_lines": []}, "": {"executed_lines": [1, 4, 5, 6, 7, 8, 9, 10, 12, 13, 14, 15, 16, 18, 19, 22, 23, 24, 27, 28, 29, 50, 51, 86, 87, 112, 113, 114, 146, 147, 174, 175], "summary": {"covered_lines": 30, "num_statements": 74, "percent_covered": 40.54054054054054, "percent_covered_display": "41", "missing_lines": 44, "excluded_lines": 0, "percent_statements_covered": 40.54054054054054, "percent_statements_covered_display": "41"}, "missing_lines": [37, 61, 62, 63, 64, 65, 66, 67, 68, 70, 71, 73, 94, 95, 96, 97, 99, 125, 126, 127, 128, 129, 130, 131, 136, 138, 140, 141, 143, 154, 155, 157, 186, 187, 193, 194, 196, 197, 203, 204, 210, 211, 212, 214], "excluded_lines": []}}}, "app/api/endpoints/family.py": {"executed_lines": [1, 4, 5, 6, 7, 8, 9, 11, 12, 13, 14, 15, 16, 24, 27, 28, 43, 44, 100, 101, 119, 120, 133, 134, 153, 154], "summary": {"covered_lines": 25, "num_statements": 60, "percent_covered": 41.666666666666664, "percent_covered_display": "42", "missing_lines": 35, "excluded_lines": 0, "percent_statements_covered": 41.666666666666664, "percent_statements_covered_display": "42"}, "missing_lines": [36, 37, 57, 60, 61, 62, 63, 66, 67, 69, 71, 72, 73, 74, 75, 76, 82, 83, 84, 86, 97, 110, 111, 112, 116, 129, 130, 144, 145, 146, 150, 163, 164, 165, 169], "excluded_lines": [], "functions": {"list_family_members": {"executed_lines": [], "summary": {"covered_lines": 0, "num_statements": 2, "percent_covered": 0.0, "percent_covered_display": "0", "missing_lines": 2, "excluded_lines": 0, "percent_statements_covered": 0.0, "percent_statements_covered_display": "0"}, "missing_lines": [36, 37], "excluded_lines": []}, "list_family_members_summary": {"executed_lines": [], "summary": {"covered_lines": 0, "num_statements": 19, "percent_covered": 0.0, "percent_covered_display": "0", "missing_lines": 19, "excluded_lines": 0, "percent_statements_covered": 0.0, "percent_statements_covered_display": "0"}, "missing_lines": [57, 60, 61, 62, 63, 66, 67, 69, 71, 72, 73, 74, 75, 76, 82, 83, 84, 86, 97], "excluded_lines": []}, "get_family_member": {"executed_lines": [], "summary": {"covered_lines": 0, "num_statements": 4, "percent_covered": 0.0, "percent_covered_display": "0", "missing_lines": 4, "excluded_lines": 0, "percent_statements_covered": 0.0, "percent_statements_covered_display": "0"}, "missing_lines": [110, 111, 112, 116], "excluded_lines": []}, "create_family_member": {"executed_lines": [], "summary": {"covered_lines": 0, "num_statements": 2, "percent_covered": 0.0, "percent_covered_display": "0", "missing_lines": 2, "excluded_lines": 0, "percent_statements_covered": 0.0, "percent_statements_covered_display": "0"}, "missing_lines": [129, 130], "excluded_lines": []}, "update_family_member": {"executed_lines": [], "summary": {"covered_lines": 0, "num_statements": 4, "percent_covered": 0.0, "percent_covered_display": "0", "missing_lines": 4, "excluded_lines": 0, "percent_statements_covered": 0.0, "percent_statements_covered_display": "0"}, "missing_lines": [144, 145, 146, 150], "excluded_lines": []}, "delete_family_member": {"executed_lines": [], "summary": {"covered_lines": 0, "num_statements": 4, "percent_covered": 0.0, "percent_covered_display": "0", "missing_lines": 4, "excluded_lines": 0, "percent_statements_covered": 0.0, "percent_statements_covered_display": "0"}, "missing_lines": [163, 164, 165, 169], "excluded_lines": []}, "": {"executed_lines": [1, 4, 5, 6, 7, 8, 9, 11, 12, 13, 14, 15, 16, 24, 27, 28, 43, 44, 100, 101, 119, 120, 133, 134, 153, 154], "summary": {"covered_lines": 25, "num_statements": 25, "percent_covered": 100.0, "percent_covered_display": "100", "missing_lines": 0, "excluded_lines": 0, "percent_statements_covered": 100.0, "percent_statements_covered_display": "100"}, "missing_lines": [], "excluded_lines": []}}, "classes": {"": {"executed_lines": [1, 4, 5, 6, 7, 8, 9, 11, 12, 13, 14, 15, 16, 24, 27, 28, 43, 44, 100, 101, 119, 120, 133, 134, 153, 154], "summary": {"covered_lines": 25, "num_statements": 60, "percent_covered": 41.666666666666664, "percent_covered_display": "42", "missing_lines": 35, "excluded_lines": 0, "percent_statements_covered": 41.666666666666664, "percent_statements_covered_display": "42"}, "missing_lines": [36, 37, 57, 60, 61, 62, 63, 66, 67, 69, 71, 72, 73, 74, 75, 76, 82, 83, 84, 86, 97, 110, 111, 112, 116, 129, 130, 144, 145, 146, 150, 163, 164, 165, 169], "excluded_lines": []}}}, "app/api/endpoints/health.py": {"executed_lines": [1, 2, 3, 4, 5, 6, 7, 9, 12, 13, 15, 16, 17, 18, 19, 20, 21, 23, 24, 26, 27, 28, 30, 31, 34, 35, 40, 41, 44, 47, 48, 49, 50, 51, 52, 53, 54, 58, 61, 62, 63, 64, 72, 73, 76, 77, 79, 80, 81, 82, 83, 84, 85, 86, 87, 88, 89, 90, 91, 92], "summary": {"covered_lines": 60, "num_statements": 65, "percent_covered": 92.3076923076923, "percent_covered_display": "92", "missing_lines": 5, "excluded_lines": 0, "percent_statements_covered": 92.3076923076923, "percent_statements_covered_display": "92"}, "missing_lines": [45, 55, 57, 59, 60], "excluded_lines": [], "functions": {"health_check": {"executed_lines": [15, 16, 17, 18, 19, 20, 21, 23, 24, 26, 27, 28, 30, 31, 34, 35, 40, 41, 44, 47, 48, 49, 50, 51, 52, 53, 54, 58, 61, 62, 63, 64, 72, 73], "summary": {"covered_lines": 34, "num_statements": 39, "percent_covered": 87.17948717948718, "percent_covered_display": "87", "missing_lines": 5, "excluded_lines": 0, "percent_statements_covered": 87.17948717948718, "percent_statements_covered_display": "87"}, "missing_lines": [45, 55, 57, 59, 60], "excluded_lines": []}, "readiness_check": {"executed_lines": [79, 80, 81, 82, 83, 84, 85, 86, 87, 88, 89, 90, 91, 92], "summary": {"covered_lines": 14, "num_statements": 14, "percent_covered": 100.0, "percent_covered_display": "100", "missing_lines": 0, "excluded_lines": 0, "percent_statements_covered": 100.0, "percent_statements_covered_display": "100"}, "missing_lines": [], "excluded_lines": []}, "": {"executed_lines": [1, 2, 3, 4, 5, 6, 7, 9, 12, 13, 76, 77], "summary": {"covered_lines": 12, "num_statements": 12, "percent_covered": 100.0, "percent_covered_display": "100", "missing_lines": 0, "excluded_lines": 0, "percent_statements_covered": 100.0, "percent_statements_covered_display": "100"}, "missing_lines": [], "excluded_lines": []}}, "classes": {"": {"executed_lines": [1, 2, 3, 4, 5, 6, 7, 9, 12, 13, 15, 16, 17, 18, 19, 20, 21, 23, 24, 26, 27, 28, 30, 31, 34, 35, 40, 41, 44, 47, 48, 49, 50, 51, 52, 53, 54, 58, 61, 62, 63, 64, 72, 73, 76, 77, 79, 80, 81, 82, 83, 84, 85, 86, 87, 88, 89, 90, 91, 92], "summary": {"covered_lines": 60, "num_statements": 65, "percent_covered": 92.3076923076923, "percent_covered_display": "92", "missing_lines": 5, "excluded_lines": 0, "percent_statements_covered": 92.3076923076923, "percent_statements_covered_display": "92"}, "missing_lines": [45, 55, 57, 59, 60], "excluded_lines": []}}}, "app/api/endpoints/offline.py": {"executed_lines": [1, 2, 3, 4, 5, 6, 7, 9, 10, 11, 12, 13, 14, 15, 16, 17, 18, 19, 21, 24, 25, 108, 109], "summary": {"covered_lines": 22, "num_statements": 65, "percent_covered": 33.84615384615385, "percent_covered_display": "34", "missing_lines": 43, "excluded_lines": 0, "percent_statements_covered": 33.84615384615385, "percent_statements_covered_display": "34"}, "missing_lines": [35, 49, 50, 53, 55, 56, 57, 60, 61, 62, 63, 65, 66, 68, 85, 98, 100, 121, 122, 123, 124, 125, 126, 128, 129, 130, 131, 132, 133, 134, 135, 138, 139, 140, 142, 144, 146, 148, 149, 150, 151, 153, 166], "excluded_lines": [], "functions": {"get_bulk_offline_data": {"executed_lines": [], "summary": {"covered_lines": 0, "num_statements": 17, "percent_covered": 0.0, "percent_covered_display": "0", "missing_lines": 17, "excluded_lines": 0, "percent_statements_covered": 0.0, "percent_statements_covered_display": "0"}, "missing_lines": [35, 49, 50, 53, 55, 56, 57, 60, 61, 62, 63, 65, 66, 68, 85, 98, 100], "excluded_lines": []}, "get_change_deltas": {"executed_lines": [], "summary": {"covered_lines": 0, "num_statements": 26, "percent_covered": 0.0, "percent_covered_display": "0", "missing_lines": 26, "excluded_lines": 0, "percent_statements_covered": 0.0, "percent_statements_covered_display": "0"}, "missing_lines": [121, 122, 123, 124, 125, 126, 128, 129, 130, 131, 132, 133, 134, 135, 138, 139, 140, 142, 144, 146, 148, 149, 150, 151, 153, 166], "excluded_lines": []}, "": {"executed_lines": [1, 2, 3, 4, 5, 6, 7, 9, 10, 11, 12, 13, 14, 15, 16, 17, 18, 19, 21, 24, 25, 108, 109], "summary": {"covered_lines": 22, "num_statements": 22, "percent_covered": 100.0, "percent_covered_display": "100", "missing_lines": 0, "excluded_lines": 0, "percent_statements_covered": 100.0, "percent_statements_covered_display": "100"}, "missing_lines": [], "excluded_lines": []}}, "classes": {"": {"executed_lines": [1, 2, 3, 4, 5, 6, 7, 9, 10, 11, 12, 13, 14, 15, 16, 17, 18, 19, 21, 24, 25, 108, 109], "summary": {"covered_lines": 22, "num_statements": 65, "percent_covered": 33.84615384615385, "percent_covered_display": "34", "missing_lines": 43, "excluded_lines": 0, "percent_statements_covered": 33.84615384615385, "percent_statements_covered_display": "34"}, "missing_lines": [35, 49, 50, 53, 55, 56, 57, 60, 61, 62, 63, 65, 66, 68, 85, 98, 100, 121, 122, 123, 124, 125, 126, 128, 129, 130, 131, 132, 133, 134, 135, 138, 139, 140, 142, 144, 146, 148, 149, 150, 151, 153, 166], "excluded_lines": []}}}, "app/api/endpoints/outings.py": {"executed_lines": [1, 2, 3, 5, 6, 7, 8, 9, 10, 11, 13, 16, 17, 32, 33, 51, 52, 65, 66, 83, 84, 120, 121, 139, 140, 163, 164, 188, 189, 252, 253], "summary": {"covered_lines": 31, "num_statements": 96, "percent_covered": 32.291666666666664, "percent_covered_display": "32", "missing_lines": 65, "excluded_lines": 0, "percent_statements_covered": 32.291666666666664, "percent_statements_covered_display": "32"}, "missing_lines": [24, 27, 29, 42, 43, 46, 48, 60, 62, 73, 74, 75, 80, 95, 96, 97, 102, 103, 105, 108, 109, 110, 111, 112, 114, 130, 131, 132, 136, 148, 149, 150, 156, 157, 159, 160, 173, 174, 175, 181, 182, 184, 185, 198, 199, 200, 205, 208, 210, 211, 212, 213, 215, 216, 218, 235, 248, 249, 260, 261, 264, 265, 266, 272, 274], "excluded_lines": [], "functions": {"get_available_outings": {"executed_lines": [], "summary": {"covered_lines": 0, "num_statements": 3, "percent_covered": 0.0, "percent_covered_display": "0", "missing_lines": 3, "excluded_lines": 0, "percent_statements_covered": 0.0, "percent_statements_covered_display": "0"}, "missing_lines": [24, 27, 29], "excluded_lines": []}, "get_all_outings": {"executed_lines": [], "summary": {"covered_lines": 0, "num_statements": 4, "percent_covered": 0.0, "percent_covered_display": "0", "missing_lines": 4, "excluded_lines": 0, "percent_statements_covered": 0.0, "percent_statements_covered_display": "0"}, "missing_lines": [42, 43, 46, 48], "excluded_lines": []}, "create_outing": {"executed_lines": [], "summary": {"covered_lines": 0, "num_statements": 2, "percent_covered": 0.0, "percent_covered_display": "0", "missing_lines": 2, "excluded_lines": 0, "percent_statements_covered": 0.0, "percent_statements_covered_display": "0"}, "missing_lines": [60, 62], "excluded_lines": []}, "get_outing": {"executed_lines": [], "summary": {"covered_lines": 0, "num_statements": 4, "percent_covered": 0.0, "percent_covered_display": "0", "missing_lines": 4, "excluded_lines": 0, "percent_statements_covered": 0.0, "percent_statements_covered_display": "0"}, "missing_lines": [73, 74, 75, 80], "excluded_lines": []}, "update_outing": {"executed_lines": [], "summary": {"covered_lines": 0, "num_statements": 12, "percent_covered": 0.0, "percent_covered_display": "0", "missing_lines": 12, "excluded_lines": 0, "percent_statements_covered": 0.0, "percent_statements_covered_display": "0"}, "missing_lines": [95, 96, 97, 102, 103, 105, 108, 109, 110, 111, 112, 114], "excluded_lines": []}, "delete_outing": {"executed_lines": [], "summary": {"covered_lines": 0, "num_statements": 4, "percent_covered": 0.0, "percent_covered_display": "0", "missing_lines": 4, "excluded_lines": 0, "percent_statements_covered": 0.0, "percent_statements_covered_display": "0"}, "missing_lines": [130, 131, 132, 136], "excluded_lines": []}, "close_signups": {"executed_lines": [], "summary": {"covered_lines": 0, "num_statements": 7, "percent_covered": 0.0, "percent_covered_display": "0", "missing_lines": 7, "excluded_lines": 0, "percent_statements_covered": 0.0, "percent_statements_covered_display": "0"}, "missing_lines": [148, 149, 150, 156, 157, 159, 160], "excluded_lines": []}, "open_signups": {"executed_lines": [], "summary": {"covered_lines": 0, "num_statements": 7, "percent_covered": 0.0, "percent_covered_display": "0", "missing_lines": 7, "excluded_lines": 0, "percent_statements_covered": 0.0, "percent_statements_covered_display": "0"}, "missing_lines": [173, 174, 175, 181, 182, 184, 185], "excluded_lines": []}, "get_outing_signups": {"executed_lines": [], "summary": {"covered_lines": 0, "num_statements": 15, "percent_covered": 0.0, "percent_covered_display": "0", "missing_lines": 15, "excluded_lines": 0, "percent_statements_covered": 0.0, "percent_statements_covered_display": "0"}, "missing_lines": [198, 199, 200, 205, 208, 210, 211, 212, 213, 215, 216, 218, 235, 248, 249], "excluded_lines": []}, "get_outing_handout": {"executed_lines": [], "summary": {"covered_lines": 0, "num_statements": 7, "percent_covered": 0.0, "percent_covered_display": "0", "missing_lines": 7, "excluded_lines": 0, "percent_statements_covered": 0.0, "percent_statements_covered_display": "0"}, "missing_lines": [260, 261, 264, 265, 266, 272, 274], "excluded_lines": []}, "": {"executed_lines": [1, 2, 3, 5, 6, 7, 8, 9, 10, 11, 13, 16, 17, 32, 33, 51, 52, 65, 66, 83, 84, 120, 121, 139, 140, 163, 164, 188, 189, 252, 253], "summary": {"covered_lines": 31, "num_statements": 31, "percent_covered": 100.0, "percent_covered_display": "100", "missing_lines": 0, "excluded_lines": 0, "percent_statements_covered": 100.0, "percent_statements_covered_display": "100"}, "missing_lines": [], "excluded_lines": []}}, "classes": {"": {"executed_lines": [1, 2, 3, 5, 6, 7, 8, 9, 10, 11, 13, 16, 17, 32, 33, 51, 52, 65, 66, 83, 84, 120, 121, 139, 140, 163, 164, 188, 189, 252, 253], "summary": {"covered_lines": 31, "num_statements": 96, "percent_covered": 32.291666666666664, "percent_covered_display": "32", "missing_lines": 65, "excluded_lines": 0, "percent_statements_covered": 32.291666666666664, "percent_statements_covered_display": "32"}, "missing_lines": [24, 27, 29, 42, 43, 46, 48, 60, 62, 73, 74, 75, 80, 95, 96, 97, 102, 103, 105, 108, 109, 110, 111, 112, 114, 130, 131, 132, 136, 148, 149, 150, 156, 157, 159, 160, 173, 174, 175, 181, 182, 184, 185, 198, 199, 200, 205, 208, 210, 211, 212, 213, 215, 216, 218, 235, 248, 249, 260, 261, 264, 265, 266, 272, 274], "excluded_lines": []}}}, "app/api/endpoints/packing_lists.py": {"executed_lines": [1, 2, 3, 4, 6, 7, 8, 9, 10, 11, 22, 26, 27, 44, 45, 64, 65, 99, 100, 122, 123, 146, 147, 171, 172, 204, 205], "summary": {"covered_lines": 27, "num_statements": 71, "percent_covered": 38.028169014084504, "percent_covered_display": "38", "missing_lines": 44, "excluded_lines": 0, "percent_statements_covered": 38.028169014084504, "percent_statements_covered_display": "38"}, "missing_lines": [37, 38, 54, 55, 56, 60, 77, 78, 79, 85, 86, 87, 88, 93, 96, 111, 112, 113, 118, 119, 135, 136, 137, 142, 160, 161, 162, 167, 168, 185, 186, 187, 193, 194, 195, 200, 201, 217, 218, 219, 225, 226, 227, 232], "excluded_lines": [], "functions": {"list_templates": {"executed_lines": [], "summary": {"covered_lines": 0, "num_statements": 2, "percent_covered": 0.0, "percent_covered_display": "0", "missing_lines": 2, "excluded_lines": 0, "percent_statements_covered": 0.0, "percent_statements_covered_display": "0"}, "missing_lines": [37, 38], "excluded_lines": []}, "get_template": {"executed_lines": [], "summary": {"covered_lines": 0, "num_statements": 4, "percent_covered": 0.0, "percent_covered_display": "0", "missing_lines": 4, "excluded_lines": 0, "percent_statements_covered": 0.0, "percent_statements_covered_display": "0"}, "missing_lines": [54, 55, 56, 60], "excluded_lines": []}, "create_outing_packing_list": {"executed_lines": [], "summary": {"covered_lines": 0, "num_statements": 9, "percent_covered": 0.0, "percent_covered_display": "0", "missing_lines": 9, "excluded_lines": 0, "percent_statements_covered": 0.0, "percent_statements_covered_display": "0"}, "missing_lines": [77, 78, 79, 85, 86, 87, 88, 93, 96], "excluded_lines": []}, "get_outing_packing_lists": {"executed_lines": [], "summary": {"covered_lines": 0, "num_statements": 5, "percent_covered": 0.0, "percent_covered_display": "0", "missing_lines": 5, "excluded_lines": 0, "percent_statements_covered": 0.0, "percent_statements_covered_display": "0"}, "missing_lines": [111, 112, 113, 118, 119], "excluded_lines": []}, "delete_outing_packing_list": {"executed_lines": [], "summary": {"covered_lines": 0, "num_statements": 4, "percent_covered": 0.0, "percent_covered_display": "0", "missing_lines": 4, "excluded_lines": 0, "percent_statements_covered": 0.0, "percent_statements_covered_display": "0"}, "missing_lines": [135, 136, 137, 142], "excluded_lines": []}, "add_packing_list_item": {"executed_lines": [], "summary": {"covered_lines": 0, "num_statements": 5, "percent_covered": 0.0, "percent_covered_display": "0", "missing_lines": 5, "excluded_lines": 0, "percent_statements_covered": 0.0, "percent_statements_covered_display": "0"}, "missing_lines": [160, 161, 162, 167, 168], "excluded_lines": []}, "update_packing_list_item": {"executed_lines": [], "summary": {"covered_lines": 0, "num_statements": 8, "percent_covered": 0.0, "percent_covered_display": "0", "missing_lines": 8, "excluded_lines": 0, "percent_statements_covered": 0.0, "percent_statements_covered_display": "0"}, "missing_lines": [185, 186, 187, 193, 194, 195, 200, 201], "excluded_lines": []}, "delete_packing_list_item": {"executed_lines": [], "summary": {"covered_lines": 0, "num_statements": 7, "percent_covered": 0.0, "percent_covered_display": "0", "missing_lines": 7, "excluded_lines": 0, "percent_statements_covered": 0.0, "percent_statements_covered_display": "0"}, "missing_lines": [217, 218, 219, 225, 226, 227, 232], "excluded_lines": []}, "": {"executed_lines": [1, 2, 3, 4, 6, 7, 8, 9, 10, 11, 22, 26, 27, 44, 45, 64, 65, 99, 100, 122, 123, 146, 147, 171, 172, 204, 205], "summary": {"covered_lines": 27, "num_statements": 27, "percent_covered": 100.0, "percent_covered_display": "100", "missing_lines": 0, "excluded_lines": 0, "percent_statements_covered": 100.0, "percent_statements_covered_display": "100"}, "missing_lines": [], "excluded_lines": []}}, "classes": {"": {"executed_lines": [1, 2, 3, 4, 6, 7, 8, 9, 10, 11, 22, 26, 27, 44, 45, 64, 65, 99, 100, 122, 123, 146, 147, 171, 172, 204, 205], "summary": {"covered_lines": 27, "num_statements": 71, "percent_covered": 38.028169014084504, "percent_covered_display": "38", "missing_lines": 44, "excluded_lines": 0, "percent_statements_covered": 38.028169014084504, "percent_statements_covered_display": "38"}, "missing_lines": [37, 38, 54, 55, 56, 60, 77, 78, 79, 85, 86, 87, 88, 93, 96, 111, 112, 113, 118, 119, 135, 136, 137, 142, 160, 161, 162, 167, 168, 185, 186, 187, 193, 194, 195, 200, 201, 217, 218, 219, 225, 226, 227, 232], "excluded_lines": []}}}, "app/api/endpoints/places.py": {"executed_lines": [1, 2, 3, 4, 6, 7, 8, 9, 11, 14, 15, 26, 27, 42, 43, 73, 74, 96, 97, 117, 118], "summary": {"covered_lines": 21, "num_statements": 50, "percent_covered": 42.0, "percent_covered_display": "42", "missing_lines": 29, "excluded_lines": 0, "percent_statements_covered": 42.0, "percent_statements_covered_display": "42"}, "missing_lines": [23, 33, 34, 35, 39, 49, 50, 55, 56, 57, 58, 62, 63, 64, 65, 66, 67, 81, 82, 87, 88, 89, 93, 103, 104, 109, 110, 111, 125], "excluded_lines": [], "functions": {"list_places": {"executed_lines": [], "summary": {"covered_lines": 0, "num_statements": 1, "percent_covered": 0.0, "percent_covered_display": "0", "missing_lines": 1, "excluded_lines": 0, "percent_statements_covered": 0.0, "percent_statements_covered_display": "0"}, "missing_lines": [23], "excluded_lines": []}, "get_place": {"executed_lines": [], "summary": {"covered_lines": 0, "num_statements": 4, "percent_covered": 0.0, "percent_covered_display": "0", "missing_lines": 4, "excluded_lines": 0, "percent_statements_covered": 0.0, "percent_statements_covered_display": "0"}, "missing_lines": [33, 34, 35, 39], "excluded_lines": []}, "create_place": {"executed_lines": [], "summary": {"covered_lines": 0, "num_statements": 12, "percent_covered": 0.0, "percent_covered_display": "0", "missing_lines": 12, "excluded_lines": 0, "percent_statements_covered": 0.0, "percent_statements_covered_display": "0"}, "missing_lines": [49, 50, 55, 56, 57, 58, 62, 63, 64, 65, 66, 67], "excluded_lines": []}, "update_place": {"executed_lines": [], "summary": {"covered_lines": 0, "num_statements": 6, "percent_covered": 0.0, "percent_covered_display": "0", "missing_lines": 6, "excluded_lines": 0, "percent_statements_covered": 0.0, "percent_statements_covered_display": "0"}, "missing_lines": [81, 82, 87, 88, 89, 93], "excluded_lines": []}, "delete_place": {"executed_lines": [], "summary": {"covered_lines": 0, "num_statements": 5, "percent_covered": 0.0, "percent_covered_display": "0", "missing_lines": 5, "excluded_lines": 0, "percent_statements_covered": 0.0, "percent_statements_covered_display": "0"}, "missing_lines": [103, 104, 109, 110, 111], "excluded_lines": []}, "search_places": {"executed_lines": [], "summary": {"covered_lines": 0, "num_statements": 1, "percent_covered": 0.0, "percent_covered_display": "0", "missing_lines": 1, "excluded_lines": 0, "percent_statements_covered": 0.0, "percent_statements_covered_display": "0"}, "missing_lines": [125], "excluded_lines": []}, "": {"executed_lines": [1, 2, 3, 4, 6, 7, 8, 9, 11, 14, 15, 26, 27, 42, 43, 73, 74, 96, 97, 117, 118], "summary": {"covered_lines": 21, "num_statements": 21, "percent_covered": 100.0, "percent_covered_display": "100", "missing_lines": 0, "excluded_lines": 0, "percent_statements_covered": 100.0, "percent_statements_covered_display": "100"}, "missing_lines": [], "excluded_lines": []}}, "classes": {"": {"executed_lines": [1, 2, 3, 4, 6, 7, 8, 9, 11, 14, 15, 26, 27, 42, 43, 73, 74, 96, 97, 117, 118], "summary": {"covered_lines": 21, "num_statements": 50, "percent_covered": 42.0, "percent_covered_display": "42", "missing_lines": 29, "excluded_lines": 0, "percent_statements_covered": 42.0, "percent_statements_covered_display": "42"}, "missing_lines": [23, 33, 34, 35, 39, 49, 50, 55, 56, 57, 58, 62, 63, 64, 65, 66, 67, 81, 82, 87, 88, 89, 93, 103, 104, 109, 110, 111, 125], "excluded_lines": []}}}, "app/api/endpoints/registration.py": {"executed_lines": [1, 4, 5, 6, 8, 9, 10, 11, 13, 16, 17, 18, 19, 20, 23, 24, 25, 26, 27, 30, 31], "summary": {"covered_lines": 18, "num_statements": 19, "percent_covered": 94.73684210526316, "percent_covered_display": "95", "missing_lines": 1, "excluded_lines": 0, "percent_statements_covered": 94.73684210526316, "percent_statements_covered_display": "95"}, "missing_lines": [42], "excluded_lines": [], "functions": {"register_parent": {"executed_lines": [], "summary": {"covered_lines": 0, "num_statements": 1, "percent_covered": 0.0, "percent_covered_display": "0", "missing_lines": 1, "excluded_lines": 0, "percent_statements_covered": 0.0, "percent_statements_covered_display": "0"}, "missing_lines": [42], "excluded_lines": []}, "": {"executed_lines": [1, 4, 5, 6, 8, 9, 10, 11, 13, 16, 17, 18, 19, 20, 23, 24, 25, 26, 27, 30, 31], "summary": {"covered_lines": 18, "num_statements": 18, "percent_covered": 100.0, "percent_covered_display": "100", "missing_lines": 0, "excluded_lines": 0, "percent_statements_covered": 100.0, "percent_statements_covered_display": "100"}, "missing_lines": [], "excluded_lines": []}}, "classes": {"ParentRegistrationRequest": {"executed_lines": [], "summary": {"covered_lines": 0, "num_statements": 0, "percent_covered": 100.0, "percent_covered_display": "100", "missing_lines": 0, "excluded_lines": 0, "percent_statements_covered": 100.0, "percent_statements_covered_display": "100"}, "missing_lines": [], "excluded_lines": []}, "RegistrationResponse": {"executed_lines": [], "summary": {"covered_lines": 0, "num_statements": 0, "percent_covered": 100.0, "percent_covered_display": "100", "missing_lines": 0, "excluded_lines": 0, "percent_statements_covered": 100.0, "percent_statements_covered_display": "100"}, "missing_lines": [], "excluded_lines": []}, "": {"executed_lines": [1, 4, 5, 6, 8, 9, 10, 11, 13, 16, 17, 18, 19, 20, 23, 24, 25, 26, 27, 30, 31], "summary": {"covered_lines": 18, "num_statements": 19, "percent_covered": 94.73684210526316, "percent_covered_display": "95", "missing_lines": 1, "excluded_lines": 0, "percent_statements_covered": 94.73684210526316, "percent_statements_covered_display": "95"}, "missing_lines": [42], "excluded_lines": []}}}, "app/api/endpoints/requirements.py": {"executed_lines": [1, 2, 3, 4, 6, 7, 8, 9, 10, 25, 27, 34, 35, 49, 50, 65, 66, 80, 81, 102, 103, 126, 127, 137, 138, 153, 154, 174, 175, 196, 197, 220, 221, 230, 231, 254, 255, 276, 277, 300, 301, 310, 311, 334, 335, 356, 357, 380, 382, 383, 384, 386, 387, 468, 469], "summary": {"covered_lines": 55, "num_statements": 161, "percent_covered": 34.161490683229815, "percent_covered_display": "34", "missing_lines": 106, "excluded_lines": 0, "percent_statements_covered": 34.161490683229815, "percent_statements_covered_display": "34"}, "missing_lines": [44, 56, 57, 58, 62, 72, 73, 77, 88, 89, 93, 94, 95, 99, 109, 110, 114, 115, 116, 134, 144, 145, 146, 150, 160, 161, 165, 166, 167, 171, 182, 183, 187, 188, 189, 193, 203, 204, 208, 209, 210, 227, 238, 239, 243, 246, 247, 251, 262, 263, 267, 268, 269, 273, 283, 284, 288, 289, 290, 307, 318, 319, 323, 326, 327, 331, 342, 343, 347, 348, 349, 353, 363, 364, 368, 369, 370, 403, 404, 410, 411, 414, 415, 418, 419, 420, 422, 423, 424, 425, 436, 437, 438, 440, 441, 442, 443, 455, 456, 459, 460, 462, 482, 483, 484, 490], "excluded_lines": [], "functions": {"list_rank_requirements": {"executed_lines": [], "summary": {"covered_lines": 0, "num_statements": 1, "percent_covered": 0.0, "percent_covered_display": "0", "missing_lines": 1, "excluded_lines": 0, "percent_statements_covered": 0.0, "percent_statements_covered_display": "0"}, "missing_lines": [44], "excluded_lines": []}, "get_rank_requirement": {"executed_lines": [], "summary": {"covered_lines": 0, "num_statements": 4, "percent_covered": 0.0, "percent_covered_display": "0", "missing_lines": 4, "excluded_lines": 0, "percent_statements_covered": 0.0, "percent_statements_covered_display": "0"}, "missing_lines": [56, 57, 58, 62], "excluded_lines": []}, "create_rank_requirement": {"executed_lines": [], "summary": {"covered_lines": 0, "num_statements": 3, "percent_covered": 0.0, "percent_covered_display": "0", "missing_lines": 3, "excluded_lines": 0, "percent_statements_covered": 0.0, "percent_statements_covered_display": "0"}, "missing_lines": [72, 73, 77], "excluded_lines": []}, "update_rank_requirement": {"executed_lines": [], "summary": {"covered_lines": 0, "num_statements": 6, "percent_covered": 0.0, "percent_covered_display": "0", "missing_lines": 6, "excluded_lines": 0, "percent_statements_covered": 0.0, "percent_statements_covered_display": "0"}, "missing_lines": [88, 89, 93, 94, 95, 99], "excluded_lines": []}, "delete_rank_requirement": {"executed_lines": [], "summary": {"covered_lines": 0, "num_statements": 5, "percent_covered": 0.0, "percent_covered_display": "0", "missing_lines": 5, "excluded_lines": 0, "percent_statements_covered": 0.0, "percent_statements_covered_display": "0"}, "missing_lines": [109, 110, 114, 115, 116], "excluded_lines": []}, "list_merit_badges": {"executed_lines": [], "summary": {"covered_lines": 0, "num_statements": 1, "percent_covered": 0.0, "percent_covered_display": "0", "missing_lines": 1, "excluded_lines": 0, "percent_statements_covered": 0.0, "percent_statements_covered_display": "0"}, "missing_lines": [134], "excluded_lines": []}, "get_merit_badge": {"executed_lines": [], "summary": {"covered_lines": 0, "num_statements": 4, "percent_covered": 0.0, "percent_covered_display": "0", "missing_lines": 4, "excluded_lines": 0, "percent_statements_covered": 0.0, "percent_statements_covered_display": "0"}, "missing_lines": [144, 145, 146, 150], "excluded_lines": []}, "create_merit_badge": {"executed_lines": [], "summary": {"covered_lines": 0, "num_statements": 6, "percent_covered": 0.0, "percent_covered_display": "0", "missing_lines": 6, "excluded_lines": 0, "percent_statements_covered": 0.0, "percent_statements_covered_display": "0"}, "missing_lines": [160, 161, 165, 166, 167, 171], "excluded_lines": []}, "update_merit_badge": {"executed_lines": [], "summary": {"covered_lines": 0, "num_statements": 6, "percent_covered": 0.0, "percent_covered_display": "0", "missing_lines": 6, "excluded_lines": 0, "percent_statements_covered": 0.0, "percent_statements_covered_display": "0"}, "missing_lines": [182, 183, 187, 188, 189, 193], "excluded_lines": []}, "delete_merit_badge": {"executed_lines": [], "summary": {"covered_lines": 0, "num_statements": 5, "percent_covered": 0.0, "percent_covered_display": "0", "missing_lines": 5, "excluded_lines": 0, "percent_statements_covered": 0.0, "percent_statements_covered_display": "0"}, "missing_lines": [203, 204, 208, 209, 210], "excluded_lines": []}, "list_outing_requirements": {"executed_lines": [], "summary": {"covered_lines": 0, "num_statements": 1, "percent_covered": 0.0, "percent_covered_display": "0", "missing_lines": 1, "excluded_lines": 0, "percent_statements_covered": 0.0, "percent_statements_covered_display": "0"}, "missing_lines": [227], "excluded_lines": []}, "add_requirement_to_outing": {"executed_lines": [], "summary": {"covered_lines": 0, "num_statements": 6, "percent_covered": 0.0, "percent_covered_display": "0", "missing_lines": 6, "excluded_lines": 0, "percent_statements_covered": 0.0, "percent_statements_covered_display": "0"}, "missing_lines": [238, 239, 243, 246, 247, 251], "excluded_lines": []}, "update_outing_requirement": {"executed_lines": [], "summary": {"covered_lines": 0, "num_statements": 6, "percent_covered": 0.0, "percent_covered_display": "0", "missing_lines": 6, "excluded_lines": 0, "percent_statements_covered": 0.0, "percent_statements_covered_display": "0"}, "missing_lines": [262, 263, 267, 268, 269, 273], "excluded_lines": []}, "remove_requirement_from_outing": {"executed_lines": [], "summary": {"covered_lines": 0, "num_statements": 5, "percent_covered": 0.0, "percent_covered_display": "0", "missing_lines": 5, "excluded_lines": 0, "percent_statements_covered": 0.0, "percent_statements_covered_display": "0"}, "missing_lines": [283, 284, 288, 289, 290], "excluded_lines": []}, "list_outing_merit_badges": {"executed_lines": [], "summary": {"covered_lines": 0, "num_statements": 1, "percent_covered": 0.0, "percent_covered_display": "0", "missing_lines": 1, "excluded_lines": 0, "percent_statements_covered": 0.0, "percent_statements_covered_display": "0"}, "missing_lines": [307], "excluded_lines": []}, "add_merit_badge_to_outing": {"executed_lines": [], "summary": {"covered_lines": 0, "num_statements": 6, "percent_covered": 0.0, "percent_covered_display": "0", "missing_lines": 6, "excluded_lines": 0, "percent_statements_covered": 0.0, "percent_statements_covered_display": "0"}, "missing_lines": [318, 319, 323, 326, 327, 331], "excluded_lines": []}, "update_outing_merit_badge": {"executed_lines": [], "summary": {"covered_lines": 0, "num_statements": 6, "percent_covered": 0.0, "percent_covered_display": "0", "missing_lines": 6, "excluded_lines": 0, "percent_statements_covered": 0.0, "percent_statements_covered_display": "0"}, "missing_lines": [342, 343, 347, 348, 349, 353], "excluded_lines": []}, "remove_merit_badge_from_outing": {"executed_lines": [], "summary": {"covered_lines": 0, "num_statements": 5, "percent_covered": 0.0, "percent_covered_display": "0", "missing_lines": 5, "excluded_lines": 0, "percent_statements_covered": 0.0, "percent_statements_covered_display": "0"}, "missing_lines": [363, 364, 368, 369, 370], "excluded_lines": []}, "get_preview_suggestions": {"executed_lines": [], "summary": {"covered_lines": 0, "num_statements": 25, "percent_covered": 0.0, "percent_covered_display": "0", "missing_lines": 25, "excluded_lines": 0, "percent_statements_covered": 0.0, "percent_statements_covered_display": "0"}, "missing_lines": [403, 404, 410, 411, 414, 415, 418, 419, 420, 422, 423, 424, 425, 436, 437, 438, 440, 441, 442, 443, 455, 456, 459, 460, 462], "excluded_lines": []}, "get_suggestions_for_outing": {"executed_lines": [], "summary": {"covered_lines": 0, "num_statements": 4, "percent_covered": 0.0, "percent_covered_display": "0", "missing_lines": 4, "excluded_lines": 0, "percent_statements_covered": 0.0, "percent_statements_covered_display": "0"}, "missing_lines": [482, 483, 484, 490], "excluded_lines": []}, "": {"executed_lines": [1, 2, 3, 4, 6, 7, 8, 9, 10, 25, 27, 34, 35, 49, 50, 65, 66, 80, 81, 102, 103, 126, 127, 137, 138, 153, 154, 174, 175, 196, 197, 220, 221, 230, 231, 254, 255, 276, 277, 300, 301, 310, 311, 334, 335, 356, 357, 380, 382, 383, 384, 386, 387, 468, 469], "summary": {"covered_lines": 55, "num_statements": 55, "percent_covered": 100.0, "percent_covered_display": "100", "missing_lines": 0, "excluded_lines": 0, "percent_statements_covered": 100.0, "percent_statements_covered_display": "100"}, "missing_lines": [], "excluded_lines": []}}, "classes": {"PreviewSuggestionsRequest": {"executed_lines": [], "summary": {"covered_lines": 0, "num_statements": 0, "percent_covered": 100.0, "percent_covered_display": "100", "missing_lines": 0, "excluded_lines": 0, "percent_statements_covered": 100.0, "percent_statements_covered_display": "100"}, "missing_lines": [], "excluded_lines": []}, "": {"executed_lines": [1, 2, 3, 4, 6, 7, 8, 9, 10, 25, 27, 34, 35, 49, 50, 65, 66, 80, 81, 102, 103, 126, 127, 137, 138, 153, 154, 174, 175, 196, 197, 220, 221, 230, 231, 254, 255, 276, 277, 300, 301, 310, 311, 334, 335, 356, 357, 380, 382, 383, 384, 386, 387, 468, 469], "summary": {"covered_lines": 55, "num_statements": 161, "percent_covered": 34.161490683229815, "percent_covered_display": "34", "missing_lines": 106, "excluded_lines": 0, "percent_statements_covered": 34.161490683229815, "percent_statements_covered_display": "34"}, "missing_lines": [44, 56, 57, 58, 62, 72, 73, 77, 88, 89, 93, 94, 95, 99, 109, 110, 114, 115, 116, 134, 144, 145, 146, 150, 160, 161, 165, 166, 167, 171, 182, 183, 187, 188, 189, 193, 203, 204, 208, 209, 210, 227, 238, 239, 243, 246, 247, 251, 262, 263, 267, 268, 269, 273, 283, 284, 288, 289, 290, 307, 318, 319, 323, 326, 327, 331, 342, 343, 347, 348, 349, 353, 363, 364, 368, 369, 370, 403, 404, 410, 411, 414, 415, 418, 419, 420, 422, 423, 424, 425, 436, 437, 438, 440, 441, 442, 443, 455, 456, 459, 460, 462, 482, 483, 484, 490], "excluded_lines": []}}}, "app/api/endpoints/signups.py": {"executed_lines": [1, 2, 3, 4, 5, 6, 7, 8, 9, 10, 12, 13, 14, 15, 16, 17, 18, 19, 20, 21, 23, 24, 27, 28, 29, 30, 33, 34, 35, 36, 37, 40, 41, 42, 262, 263, 345, 346, 445, 446, 624, 625, 715, 716, 779, 780, 853, 854, 884, 885], "summary": {"covered_lines": 48, "num_statements": 280, "percent_covered": 17.142857142857142, "percent_covered_display": "17", "missing_lines": 232, "excluded_lines": 0, "percent_statements_covered": 17.142857142857142, "percent_statements_covered_display": "17"}, "missing_lines": [58, 59, 60, 66, 67, 68, 69, 70, 71, 74, 75, 81, 82, 83, 86, 87, 88, 94, 95, 101, 103, 107, 112, 115, 117, 119, 126, 128, 129, 137, 138, 144, 147, 148, 149, 152, 153, 154, 155, 157, 158, 159, 162, 165, 166, 172, 173, 180, 182, 184, 185, 192, 193, 194, 202, 203, 205, 206, 207, 213, 214, 215, 216, 222, 223, 225, 228, 230, 247, 274, 284, 285, 288, 289, 290, 292, 293, 296, 297, 298, 301, 302, 303, 304, 306, 309, 311, 328, 342, 355, 359, 361, 362, 364, 367, 371, 373, 374, 377, 380, 398, 401, 402, 403, 404, 406, 409, 411, 428, 442, 457, 458, 459, 465, 467, 471, 473, 474, 480, 481, 486, 488, 489, 495, 497, 498, 499, 505, 506, 507, 510, 511, 512, 516, 519, 520, 521, 523, 525, 530, 535, 538, 540, 541, 547, 548, 555, 556, 558, 559, 560, 565, 566, 573, 574, 575, 576, 580, 581, 587, 588, 589, 590, 592, 609, 634, 635, 636, 642, 644, 648, 650, 654, 660, 661, 666, 668, 669, 675, 676, 678, 681, 683, 700, 726, 730, 732, 733, 739, 741, 745, 747, 748, 754, 755, 760, 762, 763, 769, 770, 771, 776, 790, 791, 792, 798, 801, 813, 814, 815, 816, 818, 819, 821, 834, 841, 844, 864, 865, 866, 872, 875, 876, 878, 899, 900, 901, 907, 910, 912, 913, 921], "excluded_lines": [], "functions": {"create_signup": {"executed_lines": [], "summary": {"covered_lines": 0, "num_statements": 69, "percent_covered": 0.0, "percent_covered_display": "0", "missing_lines": 69, "excluded_lines": 0, "percent_statements_covered": 0.0, "percent_statements_covered_display": "0"}, "missing_lines": [58, 59, 60, 66, 67, 68, 69, 70, 71, 74, 75, 81, 82, 83, 86, 87, 88, 94, 95, 101, 103, 107, 112, 115, 117, 119, 126, 128, 129, 137, 138, 144, 147, 148, 149, 152, 153, 154, 155, 157, 158, 159, 162, 165, 166, 172, 173, 180, 182, 184, 185, 192, 193, 194, 202, 203, 205, 206, 207, 213, 214, 215, 216, 222, 223, 225, 228, 230, 247], "excluded_lines": []}, "list_signups": {"executed_lines": [], "summary": {"covered_lines": 0, "num_statements": 20, "percent_covered": 0.0, "percent_covered_display": "0", "missing_lines": 20, "excluded_lines": 0, "percent_statements_covered": 0.0, "percent_statements_covered_display": "0"}, "missing_lines": [274, 284, 285, 288, 289, 290, 292, 293, 296, 297, 298, 301, 302, 303, 304, 306, 309, 311, 328, 342], "excluded_lines": []}, "get_my_signups": {"executed_lines": [], "summary": {"covered_lines": 0, "num_statements": 21, "percent_covered": 0.0, "percent_covered_display": "0", "missing_lines": 21, "excluded_lines": 0, "percent_statements_covered": 0.0, "percent_statements_covered_display": "0"}, "missing_lines": [355, 359, 361, 362, 364, 367, 371, 373, 374, 377, 380, 398, 401, 402, 403, 404, 406, 409, 411, 428, 442], "excluded_lines": []}, "update_signup": {"executed_lines": [], "summary": {"covered_lines": 0, "num_statements": 55, "percent_covered": 0.0, "percent_covered_display": "0", "missing_lines": 55, "excluded_lines": 0, "percent_statements_covered": 0.0, "percent_statements_covered_display": "0"}, "missing_lines": [457, 458, 459, 465, 467, 471, 473, 474, 480, 481, 486, 488, 489, 495, 497, 498, 499, 505, 506, 507, 510, 511, 512, 516, 519, 520, 521, 523, 525, 530, 535, 538, 540, 541, 547, 548, 555, 556, 558, 559, 560, 565, 566, 573, 574, 575, 576, 580, 581, 587, 588, 589, 590, 592, 609], "excluded_lines": []}, "get_signup": {"executed_lines": [], "summary": {"covered_lines": 0, "num_statements": 19, "percent_covered": 0.0, "percent_covered_display": "0", "missing_lines": 19, "excluded_lines": 0, "percent_statements_covered": 0.0, "percent_statements_covered_display": "0"}, "missing_lines": [634, 635, 636, 642, 644, 648, 650, 654, 660, 661, 666, 668, 669, 675, 676, 678, 681, 683, 700], "excluded_lines": []}, "cancel_signup": {"executed_lines": [], "summary": {"covered_lines": 0, "num_statements": 18, "percent_covered": 0.0, "percent_covered_display": "0", "missing_lines": 18, "excluded_lines": 0, "percent_statements_covered": 0.0, "percent_statements_covered_display": "0"}, "missing_lines": [726, 730, 732, 733, 739, 741, 745, 747, 748, 754, 755, 760, 762, 763, 769, 770, 771, 776], "excluded_lines": []}, "export_outing_roster_pdf": {"executed_lines": [], "summary": {"covered_lines": 0, "num_statements": 15, "percent_covered": 0.0, "percent_covered_display": "0", "missing_lines": 15, "excluded_lines": 0, "percent_statements_covered": 0.0, "percent_statements_covered_display": "0"}, "missing_lines": [790, 791, 792, 798, 801, 813, 814, 815, 816, 818, 819, 821, 834, 841, 844], "excluded_lines": []}, "get_outing_emails": {"executed_lines": [], "summary": {"covered_lines": 0, "num_statements": 7, "percent_covered": 0.0, "percent_covered_display": "0", "missing_lines": 7, "excluded_lines": 0, "percent_statements_covered": 0.0, "percent_statements_covered_display": "0"}, "missing_lines": [864, 865, 866, 872, 875, 876, 878], "excluded_lines": []}, "send_email_to_participants": {"executed_lines": [], "summary": {"covered_lines": 0, "num_statements": 8, "percent_covered": 0.0, "percent_covered_display": "0", "missing_lines": 8, "excluded_lines": 0, "percent_statements_covered": 0.0, "percent_statements_covered_display": "0"}, "missing_lines": [899, 900, 901, 907, 910, 912, 913, 921], "excluded_lines": []}, "": {"executed_lines": [1, 2, 3, 4, 5, 6, 7, 8, 9, 10, 12, 13, 14, 15, 16, 17, 18, 19, 20, 21, 23, 24, 27, 28, 29, 30, 33, 34, 35, 36, 37, 40, 41, 42, 262, 263, 345, 346, 445, 446, 624, 625, 715, 716, 779, 780, 853, 854, 884, 885], "summary": {"covered_lines": 48, "num_statements": 48, "percent_covered": 100.0, "percent_covered_display": "100", "missing_lines": 0, "excluded_lines": 0, "percent_statements_covered": 100.0, "percent_statements_covered_display": "100"}, "missing_lines": [], "excluded_lines": []}}, "classes": {"EmailListResponse": {"executed_lines": [], "summary": {"covered_lines": 0, "num_statements": 0, "percent_covered": 100.0, "percent_covered_display": "100", "missing_lines": 0, "excluded_lines": 0, "percent_statements_covered": 100.0, "percent_statements_covered_display": "100"}, "missing_lines": [], "excluded_lines": []}, "EmailSendRequest": {"executed_lines": [], "summary": {"covered_lines": 0, "num_statements": 0, "percent_covered": 100.0, "percent_covered_display": "100", "missing_lines": 0, "excluded_lines": 0, "percent_statements_covered": 100.0, "percent_statements_covered_display": "100"}, "missing_lines": [], "excluded_lines": []}, "": {"executed_lines": [1, 2, 3, 4, 5, 6, 7, 8, 9, 10, 12, 13, 14, 15, 16, 17, 18, 19, 20, 21, 23, 24, 27, 28, 29, 30, 33, 34, 35, 36, 37, 40, 41, 42, 262, 263, 345, 346, 445, 446, 624, 625, 715, 716, 779, 780, 853, 854, 884, 885], "summary": {"covered_lines": 48, "num_statements": 280, "percent_covered": 17.142857142857142, "percent_covered_display": "17", "missing_lines": 232, "excluded_lines": 0, "percent_statements_covered": 17.142857142857142, "percent_statements_covered_display": "17"}, "missing_lines": [58, 59, 60, 66, 67, 68, 69, 70, 71, 74, 75, 81, 82, 83, 86, 87, 88, 94, 95, 101, 103, 107, 112, 115, 117, 119, 126, 128, 129, 137, 138, 144, 147, 148, 149, 152, 153, 154, 155, 157, 158, 159, 162, 165, 166, 172, 173, 180, 182, 184, 185, 192, 193, 194, 202, 203, 205, 206, 207, 213, 214, 215, 216, 222, 223, 225, 228, 230, 247, 274, 284, 285, 288, 289, 290, 292, 293, 296, 297, 298, 301, 302, 303, 304, 306, 309, 311, 328, 342, 355, 359, 361, 362, 364, 367, 371, 373, 374, 377, 380, 398, 401, 402, 403, 404, 406, 409, 411, 428, 442, 457, 458, 459, 465, 467, 471, 473, 474, 480, 481, 486, 488, 489, 495, 497, 498, 499, 505, 506, 507, 510, 511, 512, 516, 519, 520, 521, 523, 525, 530, 535, 538, 540, 541, 547, 548, 555, 556, 558, 559, 560, 565, 566, 573, 574, 575, 576, 580, 581, 587, 588, 589, 590, 592, 609, 634, 635, 636, 642, 644, 648, 650, 654, 660, 661, 666, 668, 669, 675, 676, 678, 681, 683, 700, 726, 730, 732, 733, 739, 741, 745, 747, 748, 754, 755, 760, 762, 763, 769, 770, 771, 776, 790, 791, 792, 798, 801, 813, 814, 815, 816, 818, 819, 821, 834, 841, 844, 864, 865, 866, 872, 875, 876, 878, 899, 900, 901, 907, 910, 912, 913, 921], "excluded_lines": []}}}, "app/api/endpoints/troops.py": {"executed_lines": [1, 2, 3, 4, 6, 7, 8, 9, 20, 25, 26, 36, 37, 48, 49, 60, 61, 75, 76, 90, 91, 105, 106, 120, 121, 135, 136], "summary": {"covered_lines": 27, "num_statements": 71, "percent_covered": 38.028169014084504, "percent_covered_display": "38", "missing_lines": 44, "excluded_lines": 0, "percent_statements_covered": 38.028169014084504, "percent_statements_covered_display": "38"}, "missing_lines": [32, 33, 42, 43, 44, 45, 54, 55, 56, 57, 67, 68, 69, 70, 71, 72, 81, 82, 83, 84, 85, 98, 99, 100, 101, 102, 111, 112, 113, 114, 115, 116, 117, 127, 128, 129, 130, 131, 132, 141, 142, 143, 144, 145], "excluded_lines": [], "functions": {"list_troops": {"executed_lines": [], "summary": {"covered_lines": 0, "num_statements": 2, "percent_covered": 0.0, "percent_covered_display": "0", "missing_lines": 2, "excluded_lines": 0, "percent_statements_covered": 0.0, "percent_statements_covered_display": "0"}, "missing_lines": [32, 33], "excluded_lines": []}, "create_troop": {"executed_lines": [], "summary": {"covered_lines": 0, "num_statements": 4, "percent_covered": 0.0, "percent_covered_display": "0", "missing_lines": 4, "excluded_lines": 0, "percent_statements_covered": 0.0, "percent_statements_covered_display": "0"}, "missing_lines": [42, 43, 44, 45], "excluded_lines": []}, "get_troop": {"executed_lines": [], "summary": {"covered_lines": 0, "num_statements": 4, "percent_covered": 0.0, "percent_covered_display": "0", "missing_lines": 4, "excluded_lines": 0, "percent_statements_covered": 0.0, "percent_statements_covered_display": "0"}, "missing_lines": [54, 55, 56, 57], "excluded_lines": []}, "update_troop": {"executed_lines": [], "summary": {"covered_lines": 0, "num_statements": 6, "percent_covered": 0.0, "percent_covered_display": "0", "missing_lines": 6, "excluded_lines": 0, "percent_statements_covered": 0.0, "percent_statements_covered_display": "0"}, "missing_lines": [67, 68, 69, 70, 71, 72], "excluded_lines": []}, "delete_troop": {"executed_lines": [], "summary": {"covered_lines": 0, "num_statements": 5, "percent_covered": 0.0, "percent_covered_display": "0", "missing_lines": 5, "excluded_lines": 0, "percent_statements_covered": 0.0, "percent_statements_covered_display": "0"}, "missing_lines": [81, 82, 83, 84, 85], "excluded_lines": []}, "list_patrols": {"executed_lines": [], "summary": {"covered_lines": 0, "num_statements": 5, "percent_covered": 0.0, "percent_covered_display": "0", "missing_lines": 5, "excluded_lines": 0, "percent_statements_covered": 0.0, "percent_statements_covered_display": "0"}, "missing_lines": [98, 99, 100, 101, 102], "excluded_lines": []}, "create_patrol": {"executed_lines": [], "summary": {"covered_lines": 0, "num_statements": 7, "percent_covered": 0.0, "percent_covered_display": "0", "missing_lines": 7, "excluded_lines": 0, "percent_statements_covered": 0.0, "percent_statements_covered_display": "0"}, "missing_lines": [111, 112, 113, 114, 115, 116, 117], "excluded_lines": []}, "update_patrol": {"executed_lines": [], "summary": {"covered_lines": 0, "num_statements": 6, "percent_covered": 0.0, "percent_covered_display": "0", "missing_lines": 6, "excluded_lines": 0, "percent_statements_covered": 0.0, "percent_statements_covered_display": "0"}, "missing_lines": [127, 128, 129, 130, 131, 132], "excluded_lines": []}, "delete_patrol": {"executed_lines": [], "summary": {"covered_lines": 0, "num_statements": 5, "percent_covered": 0.0, "percent_covered_display": "0", "missing_lines": 5, "excluded_lines": 0, "percent_statements_covered": 0.0, "percent_statements_covered_display": "0"}, "missing_lines": [141, 142, 143, 144, 145], "excluded_lines": []}, "": {"executed_lines": [1, 2, 3, 4, 6, 7, 8, 9, 20, 25, 26, 36, 37, 48, 49, 60, 61, 75, 76, 90, 91, 105, 106, 120, 121, 135, 136], "summary": {"covered_lines": 27, "num_statements": 27, "percent_covered": 100.0, "percent_covered_display": "100", "missing_lines": 0, "excluded_lines": 0, "percent_statements_covered": 100.0, "percent_statements_covered_display": "100"}, "missing_lines": [], "excluded_lines": []}}, "classes": {"": {"executed_lines": [1, 2, 3, 4, 6, 7, 8, 9, 20, 25, 26, 36, 37, 48, 49, 60, 61, 75, 76, 90, 91, 105, 106, 120, 121, 135, 136], "summary": {"covered_lines": 27, "num_statements": 71, "percent_covered": 38.028169014084504, "percent_covered_display": "38", "missing_lines": 44, "excluded_lines": 0, "percent_statements_covered": 38.028169014084504, "percent_statements_covered_display": "38"}, "missing_lines": [32, 33, 42, 43, 44, 45, 54, 55, 56, 57, 67, 68, 69, 70, 71, 72, 81, 82, 83, 84, 85, 98, 99, 100, 101, 102, 111, 112, 113, 114, 115, 116, 117, 127, 128, 129, 130, 131, 132, 141, 142, 143, 144, 145], "excluded_lines": []}}}, "app/core/__init__.py": {"executed_lines": [1], "summary": {"covered_lines": 0, "num_statements": 0, "percent_covered": 100.0, "percent_covered_display": "100", "missing_lines": 0, "excluded_lines": 0, "percent_statements_covered": 100.0, "percent_statements_covered_display": "100"}, "missing_lines": [], "excluded_lines": [], "functions": {"": {"executed_lines": [1], "summary": {"covered_lines": 0, "num_statements": 0, "percent_covered": 100.0, "percent_covered_display": "100", "missing_lines": 0, "excluded_lines": 0, "percent_statements_covered": 100.0, "percent_statements_covered_display": "100"}, "missing_lines": [], "excluded_lines": []}}, "classes": {"": {"executed_lines": [1], "summary": {"covered_lines": 0, "num_statements": 0, "percent_covered": 100.0, "percent_covered_display": "100", "missing_lines": 0, "excluded_lines": 0, "percent_statements_covered": 100.0, "percent_statements_covered_display": "100"}, "missing_lines": [], "excluded_lines": []}}}, "app/core/clerk.py": {"executed_lines": [1, 4, 5, 6, 7, 8, 10, 13, 14, 16, 17, 18, 20, 33, 36, 42, 49, 50, 52, 53, 60, 63, 64, 67, 74, 79, 80, 84, 89, 90, 100, 110, 111, 112, 122, 123, 128, 138, 139, 140, 151, 165, 166, 167, 168, 169, 170, 172, 173, 174, 181, 184, 188, 189, 191], "summary": {"covered_lines": 53, "num_statements": 63, "percent_covered": 84.12698412698413, "percent_covered_display": "84", "missing_lines": 10, "excluded_lines": 0, "percent_statements_covered": 84.12698412698413, "percent_statements_covered_display": "84"}, "missing_lines": [37, 43, 85, 91, 92, 93, 94, 95, 145, 146], "excluded_lines": [], "functions": {"ClerkClient.__init__": {"executed_lines": [17, 18], "summary": {"covered_lines": 2, "num_statements": 2, "percent_covered": 100.0, "percent_covered_display": "100", "missing_lines": 0, "excluded_lines": 0, "percent_statements_covered": 100.0, "percent_statements_covered_display": "100"}, "missing_lines": [], "excluded_lines": []}, "ClerkClient.verify_token": {"executed_lines": [33, 36, 42, 49, 50, 52, 53, 60, 63, 64, 67, 74, 79, 80, 84, 89, 90], "summary": {"covered_lines": 17, "num_statements": 25, "percent_covered": 68.0, "percent_covered_display": "68", "missing_lines": 8, "excluded_lines": 0, "percent_statements_covered": 68.0, "percent_statements_covered_display": "68"}, "missing_lines": [37, 43, 85, 91, 92, 93, 94, 95], "excluded_lines": []}, "ClerkClient.get_user": {"executed_lines": [110, 111, 112, 122, 123], "summary": {"covered_lines": 5, "num_statements": 5, "percent_covered": 100.0, "percent_covered_display": "100", "missing_lines": 0, "excluded_lines": 0, "percent_statements_covered": 100.0, "percent_statements_covered_display": "100"}, "missing_lines": [], "excluded_lines": []}, "ClerkClient.get_user_metadata": {"executed_lines": [138, 139, 140], "summary": {"covered_lines": 3, "num_statements": 5, "percent_covered": 60.0, "percent_covered_display": "60", "missing_lines": 2, "excluded_lines": 0, "percent_statements_covered": 60.0, "percent_statements_covered_display": "60"}, "missing_lines": [145, 146], "excluded_lines": []}, "ClerkClient.update_user_metadata": {"executed_lines": [165, 166, 167, 168, 169, 170, 172, 173, 174], "summary": {"covered_lines": 9, "num_statements": 9, "percent_covered": 100.0, "percent_covered_display": "100", "missing_lines": 0, "excluded_lines": 0, "percent_statements_covered": 100.0, "percent_statements_covered_display": "100"}, "missing_lines": [], "excluded_lines": []}, "get_clerk_client": {"executed_lines": [188, 189, 191], "summary": {"covered_lines": 3, "num_statements": 3, "percent_covered": 100.0, "percent_covered_display": "100", "missing_lines": 0, "excluded_lines": 0, "percent_statements_covered": 100.0, "percent_statements_covered_display": "100"}, "missing_lines": [], "excluded_lines": []}, "": {"executed_lines": [1, 4, 5, 6, 7, 8, 10, 13, 14, 16, 20, 100, 128, 151, 181, 184], "summary": {"covered_lines": 14, "num_statements": 14, "percent_covered": 100.0, "percent_covered_display": "100", "missing_lines": 0, "excluded_lines": 0, "percent_statements_covered": 100.0, "percent_statements_covered_display": "100"}, "missing_lines": [], "excluded_lines": []}}, "classes": {"ClerkClient": {"executed_lines": [17, 18, 33, 36, 42, 49, 50, 52, 53, 60, 63, 64, 67, 74, 79, 80, 84, 89, 90, 110, 111, 112, 122, 123, 138, 139, 140, 165, 166, 167, 168, 169, 170, 172, 173, 174], "summary": {"covered_lines": 36, "num_statements": 46, "percent_covered": 78.26086956521739, "percent_covered_display": "78", "missing_lines": 10, "excluded_lines": 0, "percent_statements_covered": 78.26086956521739, "percent_statements_covered_display": "78"}, "missing_lines": [37, 43, 85, 91, 92, 93, 94, 95, 145, 146], "excluded_lines": []}, "": {"executed_lines": [1, 4, 5, 6, 7, 8, 10, 13, 14, 16, 20, 100, 128, 151, 181, 184, 188, 189, 191], "summary": {"covered_lines": 17, "num_statements": 17, "percent_covered": 100.0, "percent_covered_display": "100", "missing_lines": 0, "excluded_lines": 0, "percent_statements_covered": 100.0, "percent_statements_covered_display": "100"}, "missing_lines": [], "excluded_lines": []}}}, "app/core/config.py": {"executed_lines": [1, 2, 3, 6, 7, 10, 11, 12, 13, 16, 17, 18, 19, 20, 21, 24, 25, 26, 27, 31, 34, 35, 38, 41, 43, 44, 45, 47, 48, 49, 51, 54, 56, 57, 59, 60, 65, 66, 67, 68, 71], "summary": {"covered_lines": 40, "num_statements": 40, "percent_covered": 100.0, "percent_covered_display": "100", "missing_lines": 0, "excluded_lines": 0, "percent_statements_covered": 100.0, "percent_statements_covered_display": "100"}, "missing_lines": [], "excluded_lines": [], "functions": {"Settings.parse_cors": {"executed_lines": [47, 48, 49, 51, 54], "summary": {"covered_lines": 5, "num_statements": 5, "percent_covered": 100.0, "percent_covered_display": "100", "missing_lines": 0, "excluded_lines": 0, "percent_statements_covered": 100.0, "percent_statements_covered_display": "100"}, "missing_lines": [], "excluded_lines": []}, "Settings.__init__": {"executed_lines": [57, 59, 60], "summary": {"covered_lines": 3, "num_statements": 3, "percent_covered": 100.0, "percent_covered_display": "100", "missing_lines": 0, "excluded_lines": 0, "percent_statements_covered": 100.0, "percent_statements_covered_display": "100"}, "missing_lines": [], "excluded_lines": []}, "": {"executed_lines": [1, 2, 3, 6, 7, 10, 11, 12, 13, 16, 17, 18, 19, 20, 21, 24, 25, 26, 27, 31, 34, 35, 38, 41, 43, 44, 45, 56, 65, 66, 67, 68, 71], "summary": {"covered_lines": 32, "num_statements": 32, "percent_covered": 100.0, "percent_covered_display": "100", "missing_lines": 0, "excluded_lines": 0, "percent_statements_covered": 100.0, "percent_statements_covered_display": "100"}, "missing_lines": [], "excluded_lines": []}}, "classes": {"Settings": {"executed_lines": [47, 48, 49, 51, 54, 57, 59, 60], "summary": {"covered_lines": 8, "num_statements": 8, "percent_covered": 100.0, "percent_covered_display": "100", "missing_lines": 0, "excluded_lines": 0, "percent_statements_covered": 100.0, "percent_statements_covered_display": "100"}, "missing_lines": [], "excluded_lines": []}, "Settings.Config": {"executed_lines": [], "summary": {"covered_lines": 0, "num_statements": 0, "percent_covered": 100.0, "percent_covered_display": "100", "missing_lines": 0, "excluded_lines": 0, "percent_statements_covered": 100.0, "percent_statements_covered_display": "100"}, "missing_lines": [], "excluded_lines": []}, "": {"executed_lines": [1, 2, 3, 6, 7, 10, 11, 12, 13, 16, 17, 18, 19, 20, 21, 24, 25, 26, 27, 31, 34, 35, 38, 41, 43, 44, 45, 56, 65, 66, 67, 68, 71], "summary": {"covered_lines": 32, "num_statements": 32, "percent_covered": 100.0, "percent_covered_display": "100", "missing_lines": 0, "excluded_lines": 0, "percent_statements_covered": 100.0, "percent_statements_covered_display": "100"}, "missing_lines": [], "excluded_lines": []}}}, "app/core/security.py": {"executed_lines": [1, 2, 3, 4, 5, 7, 10, 13, 15, 18, 22, 25, 27, 28, 29, 31, 33, 34, 35, 38, 40, 41, 42, 43, 44, 47, 49, 50, 51, 52, 53], "summary": {"covered_lines": 31, "num_statements": 31, "percent_covered": 100.0, "percent_covered_display": "100", "missing_lines": 0, "excluded_lines": 0, "percent_statements_covered": 100.0, "percent_statements_covered_display": "100"}, "missing_lines": [], "excluded_lines": [], "functions": {"verify_password": {"executed_lines": [15], "summary": {"covered_lines": 1, "num_statements": 1, "percent_covered": 100.0, "percent_covered_display": "100", "missing_lines": 0, "excluded_lines": 0, "percent_statements_covered": 100.0, "percent_statements_covered_display": "100"}, "missing_lines": [], "excluded_lines": []}, "get_password_hash": {"executed_lines": [22], "summary": {"covered_lines": 1, "num_statements": 1, "percent_covered": 100.0, "percent_covered_display": "100", "missing_lines": 0, "excluded_lines": 0, "percent_statements_covered": 100.0, "percent_statements_covered_display": "100"}, "missing_lines": [], "excluded_lines": []}, "create_access_token": {"executed_lines": [27, 28, 29, 31, 33, 34, 35], "summary": {"covered_lines": 7, "num_statements": 7, "percent_covered": 100.0, "percent_covered_display": "100", "missing_lines": 0, "excluded_lines": 0, "percent_statements_covered": 100.0, "percent_statements_covered_display": "100"}, "missing_lines": [], "excluded_lines": []}, "create_refresh_token": {"executed_lines": [40, 41, 42, 43, 44], "summary": {"covered_lines": 5, "num_statements": 5, "percent_covered": 100.0, "percent_covered_display": "100", "missing_lines": 0, "excluded_lines": 0, "percent_statements_covered": 100.0, "percent_statements_covered_display": "100"}, "missing_lines": [], "excluded_lines": []}, "decode_token": {"executed_lines": [49, 50, 51, 52, 53], "summary": {"covered_lines": 5, "num_statements": 5, "percent_covered": 100.0, "percent_covered_display": "100", "missing_lines": 0, "excluded_lines": 0, "percent_statements_covered": 100.0, "percent_statements_covered_display": "100"}, "missing_lines": [], "excluded_lines": []}, "": {"executed_lines": [1, 2, 3, 4, 5, 7, 10, 13, 18, 25, 38, 47], "summary": {"covered_lines": 12, "num_statements": 12, "percent_covered": 100.0, "percent_covered_display": "100", "missing_lines": 0, "excluded_lines": 0, "percent_statements_covered": 100.0, "percent_statements_covered_display": "100"}, "missing_lines": [], "excluded_lines": []}}, "classes": {"": {"executed_lines": [1, 2, 3, 4, 5, 7, 10, 13, 15, 18, 22, 25, 27, 28, 29, 31, 33, 34, 35, 38, 40, 41, 42, 43, 44, 47, 49, 50, 51, 52, 53], "summary": {"covered_lines": 31, "num_statements": 31, "percent_covered": 100.0, "percent_covered_display": "100", "missing_lines": 0, "excluded_lines": 0, "percent_statements_covered": 100.0, "percent_statements_covered_display": "100"}, "missing_lines": [], "excluded_lines": []}}}, "app/crud/__init__.py": {"executed_lines": [1], "summary": {"covered_lines": 0, "num_statements": 0, "percent_covered": 100.0, "percent_covered_display": "100", "missing_lines": 0, "excluded_lines": 0, "percent_statements_covered": 100.0, "percent_statements_covered_display": "100"}, "missing_lines": [], "excluded_lines": [], "functions": {"": {"executed_lines": [1], "summary": {"covered_lines": 0, "num_statements": 0, "percent_covered": 100.0, "percent_covered_display": "100", "missing_lines": 0, "excluded_lines": 0, "percent_statements_covered": 100.0, "percent_statements_covered_display": "100"}, "missing_lines": [], "excluded_lines": []}}, "classes": {"": {"executed_lines": [1], "summary": {"covered_lines": 0, "num_statements": 0, "percent_covered": 100.0, "percent_covered_display": "100", "missing_lines": 0, "excluded_lines": 0, "percent_statements_covered": 100.0, "percent_statements_covered_display": "100"}, "missing_lines": [], "excluded_lines": []}}}, "app/crud/checkin.py": {"executed_lines": [1, 2, 3, 4, 5, 6, 7, 9, 10, 11, 12, 13, 14, 17, 82, 135, 157, 165], "summary": {"covered_lines": 18, "num_statements": 69, "percent_covered": 26.08695652173913, "percent_covered_display": "26", "missing_lines": 51, "excluded_lines": 0, "percent_statements_covered": 26.08695652173913, "percent_statements_covered_display": "26"}, "missing_lines": [22, 23, 24, 25, 28, 35, 37, 38, 39, 42, 45, 47, 49, 50, 51, 53, 55, 56, 57, 59, 72, 92, 93, 95, 97, 98, 99, 100, 103, 111, 113, 115, 118, 125, 126, 128, 129, 130, 132, 140, 148, 150, 151, 152, 153, 154, 161, 162, 171, 174, 175], "excluded_lines": [], "functions": {"get_checkin_summary": {"executed_lines": [], "summary": {"covered_lines": 0, "num_statements": 21, "percent_covered": 0.0, "percent_covered_display": "0", "missing_lines": 21, "excluded_lines": 0, "percent_statements_covered": 0.0, "percent_statements_covered_display": "0"}, "missing_lines": [22, 23, 24, 25, 28, 35, 37, 38, 39, 42, 45, 47, 49, 50, 51, 53, 55, 56, 57, 59, 72], "excluded_lines": []}, "create_checkins": {"executed_lines": [], "summary": {"covered_lines": 0, "num_statements": 18, "percent_covered": 0.0, "percent_covered_display": "0", "missing_lines": 18, "excluded_lines": 0, "percent_statements_covered": 0.0, "percent_statements_covered_display": "0"}, "missing_lines": [92, 93, 95, 97, 98, 99, 100, 103, 111, 113, 115, 118, 125, 126, 128, 129, 130, 132], "excluded_lines": []}, "delete_checkin": {"executed_lines": [], "summary": {"covered_lines": 0, "num_statements": 7, "percent_covered": 0.0, "percent_covered_display": "0", "missing_lines": 7, "excluded_lines": 0, "percent_statements_covered": 0.0, "percent_statements_covered_display": "0"}, "missing_lines": [140, 148, 150, 151, 152, 153, 154], "excluded_lines": []}, "get_checkin_records": {"executed_lines": [], "summary": {"covered_lines": 0, "num_statements": 2, "percent_covered": 0.0, "percent_covered_display": "0", "missing_lines": 2, "excluded_lines": 0, "percent_statements_covered": 0.0, "percent_statements_covered_display": "0"}, "missing_lines": [161, 162], "excluded_lines": []}, "delete_all_checkins": {"executed_lines": [], "summary": {"covered_lines": 0, "num_statements": 3, "percent_covered": 0.0, "percent_covered_display": "0", "missing_lines": 3, "excluded_lines": 0, "percent_statements_covered": 0.0, "percent_statements_covered_display": "0"}, "missing_lines": [171, 174, 175], "excluded_lines": []}, "": {"executed_lines": [1, 2, 3, 4, 5, 6, 7, 9, 10, 11, 12, 13, 14, 17, 82, 135, 157, 165], "summary": {"covered_lines": 18, "num_statements": 18, "percent_covered": 100.0, "percent_covered_display": "100", "missing_lines": 0, "excluded_lines": 0, "percent_statements_covered": 100.0, "percent_statements_covered_display": "100"}, "missing_lines": [], "excluded_lines": []}}, "classes": {"": {"executed_lines": [1, 2, 3, 4, 5, 6, 7, 9, 10, 11, 12, 13, 14, 17, 82, 135, 157, 165], "summary": {"covered_lines": 18, "num_statements": 69, "percent_covered": 26.08695652173913, "percent_covered_display": "26", "missing_lines": 51, "excluded_lines": 0, "percent_statements_covered": 26.08695652173913, "percent_statements_covered_display": "26"}, "missing_lines": [22, 23, 24, 25, 28, 35, 37, 38, 39, 42, 45, 47, 49, 50, 51, 53, 55, 56, 57, 59, 72, 92, 93, 95, 97, 98, 99, 100, 103, 111, 113, 115, 118, 125, 126, 128, 129, 130, 132, 140, 148, 150, 151, 152, 153, 154, 161, 162, 171, 174, 175], "excluded_lines": []}}}, "app/crud/family.py": {"executed_lines": [1, 2, 3, 4, 5, 7, 8, 9, 10, 11, 14, 27, 39, 87, 147], "summary": {"covered_lines": 15, "num_statements": 84, "percent_covered": 17.857142857142858, "percent_covered_display": "18", "missing_lines": 69, "excluded_lines": 0, "percent_statements_covered": 17.857142857142858, "percent_statements_covered_display": "18"}, "missing_lines": [15, 24, 28, 29, 30, 31, 35, 36, 40, 52, 53, 54, 55, 57, 58, 62, 64, 65, 70, 72, 73, 76, 84, 88, 96, 97, 98, 100, 101, 102, 105, 107, 108, 110, 111, 115, 118, 119, 120, 121, 122, 127, 129, 130, 131, 132, 133, 136, 144, 148, 151, 152, 153, 156, 159, 161, 162, 163, 166, 167, 168, 171, 172, 173, 174, 175, 176, 178, 179], "excluded_lines": [], "functions": {"get_family_members_for_user": {"executed_lines": [], "summary": {"covered_lines": 0, "num_statements": 2, "percent_covered": 0.0, "percent_covered_display": "0", "missing_lines": 2, "excluded_lines": 0, "percent_statements_covered": 0.0, "percent_statements_covered_display": "0"}, "missing_lines": [15, 24], "excluded_lines": []}, "get_family_member": {"executed_lines": [], "summary": {"covered_lines": 0, "num_statements": 6, "percent_covered": 0.0, "percent_covered_display": "0", "missing_lines": 6, "excluded_lines": 0, "percent_statements_covered": 0.0, "percent_statements_covered_display": "0"}, "missing_lines": [28, 29, 30, 31, 35, 36], "excluded_lines": []}, "create_family_member": {"executed_lines": [], "summary": {"covered_lines": 0, "num_statements": 15, "percent_covered": 0.0, "percent_covered_display": "0", "missing_lines": 15, "excluded_lines": 0, "percent_statements_covered": 0.0, "percent_statements_covered_display": "0"}, "missing_lines": [40, 52, 53, 54, 55, 57, 58, 62, 64, 65, 70, 72, 73, 76, 84], "excluded_lines": []}, "update_family_member": {"executed_lines": [], "summary": {"covered_lines": 0, "num_statements": 26, "percent_covered": 0.0, "percent_covered_display": "0", "missing_lines": 26, "excluded_lines": 0, "percent_statements_covered": 0.0, "percent_statements_covered_display": "0"}, "missing_lines": [88, 96, 97, 98, 100, 101, 102, 105, 107, 108, 110, 111, 115, 118, 119, 120, 121, 122, 127, 129, 130, 131, 132, 133, 136, 144], "excluded_lines": []}, "delete_family_member": {"executed_lines": [], "summary": {"covered_lines": 0, "num_statements": 20, "percent_covered": 0.0, "percent_covered_display": "0", "missing_lines": 20, "excluded_lines": 0, "percent_statements_covered": 0.0, "percent_statements_covered_display": "0"}, "missing_lines": [148, 151, 152, 153, 156, 159, 161, 162, 163, 166, 167, 168, 171, 172, 173, 174, 175, 176, 178, 179], "excluded_lines": []}, "": {"executed_lines": [1, 2, 3, 4, 5, 7, 8, 9, 10, 11, 14, 27, 39, 87, 147], "summary": {"covered_lines": 15, "num_statements": 15, "percent_covered": 100.0, "percent_covered_display": "100", "missing_lines": 0, "excluded_lines": 0, "percent_statements_covered": 100.0, "percent_statements_covered_display": "100"}, "missing_lines": [], "excluded_lines": []}}, "classes": {"": {"executed_lines": [1, 2, 3, 4, 5, 7, 8, 9, 10, 11, 14, 27, 39, 87, 147], "summary": {"covered_lines": 15, "num_statements": 84, "percent_covered": 17.857142857142858, "percent_covered_display": "18", "missing_lines": 69, "excluded_lines": 0, "percent_statements_covered": 17.857142857142858, "percent_statements_covered_display": "18"}, "missing_lines": [15, 24, 28, 29, 30, 31, 35, 36, 40, 52, 53, 54, 55, 57, 58, 62, 64, 65, 70, 72, 73, 76, 84, 88, 96, 97, 98, 100, 101, 102, 105, 107, 108, 110, 111, 115, 118, 119, 120, 121, 122, 127, 129, 130, 131, 132, 133, 136, 144, 148, 151, 152, 153, 156, 159, 161, 162, 163, 166, 167, 168, 171, 172, 173, 174, 175, 176, 178, 179], "excluded_lines": []}}}, "app/crud/outing.py": {"executed_lines": [1, 2, 3, 4, 5, 7, 8, 9
[...]
[], "functions": {"compute_payload_hash": {"executed_lines": [], "summary": {"covered_lines": 0, "num_statements": 5, "percent_covered": 0.0, "percent_covered_display": "0", "missing_lines": 5, "excluded_lines": 0, "percent_statements_covered": 0.0, "percent_statements_covered_display": "0"}, "missing_lines": [18, 19, 20, 21, 22], "excluded_lines": []}, "record_change": {"executed_lines": [], "summary": {"covered_lines": 0, "num_statements": 10, "percent_covered": 0.0, "percent_covered_display": "0", "missing_lines": 10, "excluded_lines": 0, "percent_statements_covered": 0.0, "percent_statements_covered_display": "0"}, "missing_lines": [35, 36, 38, 42, 43, 44, 46, 53, 54, 55], "excluded_lines": []}, "get_deltas": {"executed_lines": [], "summary": {"covered_lines": 0, "num_statements": 14, "percent_covered": 0.0, "percent_covered_display": "0", "missing_lines": 14, "excluded_lines": 0, "percent_statements_covered": 0.0, "percent_statements_covered_display": "0"}, "missing_lines": [68, 69, 71, 72, 73, 74, 76, 82, 83, 85, 86, 87, 88, 89], "excluded_lines": []}, "": {"executed_lines": [1, 2, 3, 4, 5, 7, 8, 10, 12, 14, 24, 57], "summary": {"covered_lines": 12, "num_statements": 12, "percent_covered": 100.0, "percent_covered_display": "100", "missing_lines": 0, "excluded_lines": 0, "percent_statements_covered": 100.0, "percent_statements_covered_display": "100"}, "missing_lines": [], "excluded_lines": []}}, "classes": {"": {"executed_lines": [1, 2, 3, 4, 5, 7, 8, 10, 12, 14, 24, 57], "summary": {"covered_lines": 12, "num_statements": 41, "percent_covered": 29.26829268292683, "percent_covered_display": "29", "missing_lines": 29, "excluded_lines": 0, "percent_statements_covered": 29.26829268292683, "percent_statements_covered_display": "29"}, "missing_lines": [18, 19, 20, 21, 22, 35, 36, 38, 42, 43, 44, 46, 53, 54, 55, 68, 69, 71, 72, 73, 74, 76, 82, 83, 85, 86, 87, 88, 89], "excluded_lines": []}}}, "app/services/pdf_generator.py": {"executed_lines": [1, 2, 3, 4, 5, 6, 7, 8, 9, 10, 12, 13, 16, 17, 18, 21, 22, 23, 26, 37, 51, 61, 71, 80, 89, 91, 97, 98, 99, 101, 102, 103, 104, 106, 108, 109, 118, 121, 122, 125, 126, 129, 130, 131, 132, 133, 134, 135, 136, 137, 139, 140, 143, 150, 155, 156, 157, 159, 166, 167, 168, 169, 171, 172, 173, 175, 176, 178, 183, 185, 194, 199, 200, 206, 209, 214, 215, 219, 222, 223, 224, 226, 229, 231, 232, 233, 234, 237, 238, 239, 240, 242, 243, 245, 248, 249, 250, 252, 253, 256, 257, 258, 260, 263, 264, 267, 268, 271, 273, 274, 275, 276, 278, 279, 288, 291, 292, 293, 295, 296, 299, 300, 301, 302, 305, 308, 309, 310, 312, 313, 315, 316, 317, 318, 323, 324, 326, 327, 328, 330, 331, 332, 338, 341, 342, 345, 346, 348], "summary": {"covered_lines": 148, "num_statements": 150, "percent_covered": 98.66666666666667, "percent_covered_display": "99", "missing_lines": 2, "excluded_lines": 0, "percent_statements_covered": 98.66666666666667, "percent_statements_covered_display": "99"}, "missing_lines": [254, 320], "excluded_lines": [], "functions": {"PDFGenerator.__init__": {"executed_lines": [18, 21, 22, 23, 26, 37, 51, 61, 71, 80], "summary": {"covered_lines": 10, "num_statements": 10, "percent_covered": 100.0, "percent_covered_display": "100", "missing_lines": 0, "excluded_lines": 0, "percent_statements_covered": 100.0, "percent_statements_covered_display": "100"}, "missing_lines": [], "excluded_lines": []}, "PDFGenerator._generate_qr_code": {"executed_lines": [91, 97, 98, 99, 101, 102, 103, 104], "summary": {"covered_lines": 8, "num_statements": 8, "percent_covered": 100.0, "percent_covered_display": "100", "missing_lines": 0, "excluded_lines": 0, "percent_statements_covered": 100.0, "percent_statements_covered_display": "100"}, "missing_lines": [], "excluded_lines": []}, "PDFGenerator.generate_outing_handout": {"executed_lines": [108, 109, 118, 121, 122, 125, 126, 129, 143, 150, 155, 156, 157, 159, 166, 167, 168, 169, 171, 172, 173, 175, 176, 178, 183, 194, 199, 200, 206, 209, 214, 215, 219, 222, 223, 224, 226, 229, 248, 249, 250, 252, 253, 256, 257, 258, 260, 263, 264, 267, 268, 271, 273, 274, 275, 276, 278, 279, 288, 291, 292, 293, 295, 296, 299, 300, 301, 302, 305, 308, 309, 310, 312, 313, 315, 316, 317, 318, 323, 324, 326, 327, 328, 330, 331, 332, 338, 341, 342, 345, 346], "summary": {"covered_lines": 91, "num_statements": 93, "percent_covered": 97.84946236559139, "percent_covered_display": "98", "missing_lines": 2, "excluded_lines": 0, "percent_statements_covered": 97.84946236559139, "percent_statements_covered_display": "98"}, "missing_lines": [254, 320], "excluded_lines": []}, "PDFGenerator.generate_outing_handout.create_card_content": {"executed_lines": [130, 131, 132, 133, 134, 135, 136, 137, 139, 140], "summary": {"covered_lines": 10, "num_statements": 10, "percent_covered": 100.0, "percent_covered_display": "100", "missing_lines": 0, "excluded_lines": 0, "percent_statements_covered": 100.0, "percent_statements_covered_display": "100"}, "missing_lines": [], "excluded_lines": []}, "PDFGenerator.generate_outing_handout.make_cell": {"executed_lines": [185], "summary": {"covered_lines": 1, "num_statements": 1, "percent_covered": 100.0, "percent_covered_display": "100", "missing_lines": 0, "excluded_lines": 0, "percent_statements_covered": 100.0, "percent_statements_covered_display": "100"}, "missing_lines": [], "excluded_lines": []}, "PDFGenerator.generate_outing_handout.add_location_row": {"executed_lines": [231, 232, 233, 234, 237, 238, 239, 240, 242, 243, 245], "summary": {"covered_lines": 11, "num_statements": 11, "percent_covered": 100.0, "percent_covered_display": "100", "missing_lines": 0, "excluded_lines": 0, "percent_statements_covered": 100.0, "percent_statements_covered_display": "100"}, "missing_lines": [], "excluded_lines": []}, "": {"executed_lines": [1, 2, 3, 4, 5, 6, 7, 8, 9, 10, 12, 13, 16, 17, 89, 106, 348], "summary": {"covered_lines": 17, "num_statements": 17, "percent_covered": 100.0, "percent_covered_display": "100", "missing_lines": 0, "excluded_lines": 0, "percent_statements_covered": 100.0, "percent_statements_covered_display": "100"}, "missing_lines": [], "excluded_lines": []}}, "classes": {"PDFGenerator": {"executed_lines": [18, 21, 22, 23, 26, 37, 51, 61, 71, 80, 91, 97, 98, 99, 101, 102, 103, 104, 108, 109, 118, 121, 122, 125, 126, 129, 130, 131, 132, 133, 134, 135, 136, 137, 139, 140, 143, 150, 155, 156, 157, 159, 166, 167, 168, 169, 171, 172, 173, 175, 176, 178, 183, 185, 194, 199, 200, 206, 209, 214, 215, 219, 222, 223, 224, 226, 229, 231, 232, 233, 234, 237, 238, 239, 240, 242, 243, 245, 248, 249, 250, 252, 253, 256, 257, 258, 260, 263, 264, 267, 268, 271, 273, 274, 275, 276, 278, 279, 288, 291, 292, 293, 295, 296, 299, 300, 301, 302, 305, 308, 309, 310, 312, 313, 315, 316, 317, 318, 323, 324, 326, 327, 328, 330, 331, 332, 338, 341, 342, 345, 346], "summary": {"covered_lines": 131, "num_statements": 133, "percent_covered": 98.49624060150376, "percent_covered_display": "98", "missing_lines": 2, "excluded_lines": 0, "percent_statements_covered": 98.49624060150376, "percent_statements_covered_display": "98"}, "missing_lines": [254, 320], "excluded_lines": []}, "": {"executed_lines": [1, 2, 3, 4, 5, 6, 7, 8, 9, 10, 12, 13, 16, 17, 89, 106, 348], "summary": {"covered_lines": 17, "num_statements": 17, "percent_covered": 100.0, "percent_covered_display": "100", "missing_lines": 0, "excluded_lines": 0, "percent_statements_covered": 100.0, "percent_statements_covered_display": "100"}, "missing_lines": [], "excluded_lines": []}}}, "app/utils/outing_email.py": {"executed_lines": [1, 2, 4, 5, 8, 17, 47, 80], "summary": {"covered_lines": 8, "num_statements": 35, "percent_covered": 22.857142857142858, "percent_covered_display": "23", "missing_lines": 27, "excluded_lines": 0, "percent_statements_covered": 22.857142857142858, "percent_statements_covered_display": "23"}, "missing_lines": [10, 11, 12, 13, 14, 55, 56, 61, 62, 63, 64, 65, 66, 67, 69, 70, 71, 72, 73, 74, 76, 77, 82, 83, 84, 85, 86], "excluded_lines": [], "functions": {"_format_value": {"executed_lines": [], "summary": {"covered_lines": 0, "num_statements": 5, "percent_covered": 0.0, "percent_covered_display": "0", "missing_lines": 5, "excluded_lines": 0, "percent_statements_covered": 0.0, "percent_statements_covered_display": "0"}, "missing_lines": [10, 11, 12, 13, 14], "excluded_lines": []}, "generate_outing_update_email": {"executed_lines": [], "summary": {"covered_lines": 0, "num_statements": 17, "percent_covered": 0.0, "percent_covered_display": "0", "missing_lines": 17, "excluded_lines": 0, "percent_statements_covered": 0.0, "percent_statements_covered_display": "0"}, "missing_lines": [55, 56, 61, 62, 63, 64, 65, 66, 67, 69, 70, 71, 72, 73, 74, 76, 77], "excluded_lines": []}, "diff_outing": {"executed_lines": [], "summary": {"covered_lines": 0, "num_statements": 5, "percent_covered": 0.0, "percent_covered_display": "0", "missing_lines": 5, "excluded_lines": 0, "percent_statements_covered": 0.0, "percent_statements_covered_display": "0"}, "missing_lines": [82, 83, 84, 85, 86], "excluded_lines": []}, "": {"executed_lines": [1, 2, 4, 5, 8, 17, 47, 80], "summary": {"covered_lines": 8, "num_statements": 8, "percent_covered": 100.0, "percent_covered_display": "100", "missing_lines": 0, "excluded_lines": 0, "percent_statements_covered": 100.0, "percent_statements_covered_display": "100"}, "missing_lines": [], "excluded_lines": []}}, "classes": {"": {"executed_lines": [1, 2, 4, 5, 8, 17, 47, 80], "summary": {"covered_lines": 8, "num_statements": 35, "percent_covered": 22.857142857142858, "percent_covered_display": "23", "missing_lines": 27, "excluded_lines": 0, "percent_statements_covered": 22.857142857142858, "percent_statements_covered_display": "23"}, "missing_lines": [10, 11, 12, 13, 14, 55, 56, 61, 62, 63, 64, 65, 66, 67, 69, 70, 71, 72, 73, 74, 76, 77, 82, 83, 84, 85, 86], "excluded_lines": []}}}, "app/utils/pdf_generator.py": {"executed_lines": [1, 5, 6, 7, 8, 9, 10, 11, 12, 13, 16, 27, 30, 40, 43, 44, 54, 64, 75, 76, 79, 80, 82, 83, 84, 86, 90, 91, 94, 95, 96, 97, 98, 99, 100, 101, 105, 106, 108, 109, 110, 125, 126, 128, 131, 133, 136, 137, 138, 140, 144, 145, 146, 147, 148, 149, 150, 152, 162, 163, 201, 202, 205, 206, 207, 209, 213, 214, 215, 217, 218, 219, 221, 222, 224, 234, 235, 272, 275, 276, 277, 278, 279, 281, 284, 285, 286, 289, 292, 293], "summary": {"covered_lines": 89, "num_statements": 90, "percent_covered": 98.88888888888889, "percent_covered_display": "99", "missing_lines": 1, "excluded_lines": 0, "percent_statements_covered": 98.88888888888889, "percent_statements_covered_display": "99"}, "missing_lines": [216], "excluded_lines": [], "functions": {"generate_outing_roster_pdf": {"executed_lines": [27, 30, 40, 43, 44, 54, 64, 75, 76, 79, 80, 82, 83, 84, 86, 90, 91, 94, 95, 96, 97, 98, 99, 100, 101, 105, 106, 108, 109, 110, 125, 126, 128, 131, 133, 136, 137, 138, 140, 144, 145, 146, 147, 148, 149, 150, 152, 162, 163, 201, 202, 205, 206, 207, 209, 213, 214, 215, 217, 218, 219, 221, 222, 224, 234, 235, 272, 275, 276, 277, 278, 279, 281, 284, 285, 286, 289, 292, 293], "summary": {"covered_lines": 79, "num_statements": 80, "percent_covered": 98.75, "percent_covered_display": "99", "missing_lines": 1, "excluded_lines": 0, "percent_statements_covered": 98.75, "percent_statements_covered_display": "99"}, "missing_lines": [216], "excluded_lines": []}, "": {"executed_lines": [1, 5, 6, 7, 8, 9, 10, 11, 12, 13, 16], "summary": {"covered_lines": 10, "num_statements": 10, "percent_covered": 100.0, "percent_covered_display": "100", "missing_lines": 0, "excluded_lines": 0, "percent_statements_covered": 100.0, "percent_statements_covered_display": "100"}, "missing_lines": [], "excluded_lines": []}}, "classes": {"": {"executed_lines": [1, 5, 6, 7, 8, 9, 10, 11, 12, 13, 16, 27, 30, 40, 43, 44, 54, 64, 75, 76, 79, 80, 82, 83, 84, 86, 90, 91, 94, 95, 96, 97, 98, 99, 100, 101, 105, 106, 108, 109, 110, 125, 126, 128, 131, 133, 136, 137, 138, 140, 144, 145, 146, 147, 148, 149, 150, 152, 162, 163, 201, 202, 205, 206, 207, 209, 213, 214, 215, 217, 218, 219, 221, 222, 224, 234, 235, 272, 275, 276, 277, 278, 279, 281, 284, 285, 286, 289, 292, 293], "summary": {"covered_lines": 89, "num_statements": 90, "percent_covered": 98.88888888888889, "percent_covered_display": "99", "missing_lines": 1, "excluded_lines": 0, "percent_statements_covered": 98.88888888888889, "percent_statements_covered_display": "99"}, "missing_lines": [216], "excluded_lines": []}}}, "app/utils/suggestions.py": {"executed_lines": [1, 2, 3, 5, 6, 7, 8, 10, 20, 28, 29, 31, 43, 45, 53, 54, 55, 56, 58, 59, 60, 61, 63, 65, 68, 77, 78, 80, 81, 82, 83, 85, 86, 88, 89, 91, 92, 93, 94, 96, 97, 99, 100, 101, 102, 103, 104, 105, 106, 107, 109, 110, 111, 112, 113, 115, 116, 119, 176, 233], "summary": {"covered_lines": 60, "num_statements": 90, "percent_covered": 66.66666666666667, "percent_covered_display": "67", "missing_lines": 30, "excluded_lines": 0, "percent_statements_covered": 66.66666666666667, "percent_statements_covered_display": "67"}, "missing_lines": [84, 138, 139, 141, 142, 145, 149, 150, 151, 152, 154, 159, 160, 172, 173, 195, 196, 198, 199, 202, 206, 207, 208, 209, 211, 216, 217, 229, 230, 253], "excluded_lines": [], "functions": {"extract_keywords_from_text": {"executed_lines": [28, 29, 31, 43, 45, 53, 54, 55, 56, 58, 59, 60, 61, 63, 65], "summary": {"covered_lines": 15, "num_statements": 15, "percent_covered": 100.0, "percent_covered_display": "100", "missing_lines": 0, "excluded_lines": 0, "percent_statements_covered": 100.0, "percent_statements_covered_display": "100"}, "missing_lines": [], "excluded_lines": []}, "calculate_match_score": {"executed_lines": [77, 78, 80, 96, 97, 99, 109, 110, 111, 112, 113, 115, 116], "summary": {"covered_lines": 13, "num_statements": 13, "percent_covered": 100.0, "percent_covered_display": "100", "missing_lines": 0, "excluded_lines": 0, "percent_statements_covered": 100.0, "percent_statements_covered_display": "100"}, "missing_lines": [], "excluded_lines": []}, "calculate_match_score.normalize_set": {"executed_lines": [81, 82, 83, 85, 86, 88, 89, 91, 92, 93, 94], "summary": {"covered_lines": 11, "num_statements": 12, "percent_covered": 91.66666666666667, "percent_covered_display": "92", "missing_lines": 1, "excluded_lines": 0, "percent_statements_covered": 91.66666666666667, "percent_statements_covered_display": "92"}, "missing_lines": [84], "excluded_lines": []}, "calculate_match_score.expand": {"executed_lines": [100, 101, 102, 103, 104, 105, 106, 107], "summary": {"covered_lines": 8, "num_statements": 8, "percent_covered": 100.0, "percent_covered_display": "100", "missing_lines": 0, "excluded_lines": 0, "percent_statements_covered": 100.0, "percent_statements_covered_display": "100"}, "missing_lines": [], "excluded_lines": []}, "get_requirement_suggestions": {"executed_lines": [], "summary": {"covered_lines": 0, "num_statements": 14, "percent_covered": 0.0, "percent_covered_display": "0", "missing_lines": 14, "excluded_lines": 0, "percent_statements_covered": 0.0, "percent_statements_covered_display": "0"}, "missing_lines": [138, 139, 141, 142, 145, 149, 150, 151, 152, 154, 159, 160, 172, 173], "excluded_lines": []}, "get_merit_badge_suggestions": {"executed_lines": [], "summary": {"covered_lines": 0, "num_statements": 14, "percent_covered": 0.0, "percent_covered_display": "0", "missing_lines": 14, "excluded_lines": 0, "percent_statements_covered": 0.0, "percent_statements_covered_display": "0"}, "missing_lines": [195, 196, 198, 199, 202, 206, 207, 208, 209, 211, 216, 217, 229, 230], "excluded_lines": []}, "get_outing_suggestions": {"executed_lines": [], "summary": {"covered_lines": 0, "num_statements": 1, "percent_covered": 0.0, "percent_covered_display": "0", "missing_lines": 1, "excluded_lines": 0, "percent_statements_covered": 0.0, "percent_statements_covered_display": "0"}, "missing_lines": [253], "excluded_lines": []}, "": {"executed_lines": [1, 2, 3, 5, 6, 7, 8, 10, 20, 68, 119, 176, 233], "summary": {"covered_lines": 13, "num_statements": 13, "percent_covered": 100.0, "percent_covered_display": "100", "missing_lines": 0, "excluded_lines": 0, "percent_statements_covered": 100.0, "percent_statements_covered_display": "100"}, "missing_lines": [], "excluded_lines": []}}, "classes": {"": {"executed_lines": [1, 2, 3, 5, 6, 7, 8, 10, 20, 28, 29, 31, 43, 45, 53, 54, 55, 56, 58, 59, 60, 61, 63, 65, 68, 77, 78, 80, 81, 82, 83, 85, 86, 88, 89, 91, 92, 93, 94, 96, 97, 99, 100, 101, 102, 103, 104, 105, 106, 107, 109, 110, 111, 112, 113, 115, 116, 119, 176, 233], "summary": {"covered_lines": 60, "num_statements": 90, "percent_covered": 66.66666666666667, "percent_covered_display": "67", "missing_lines": 30, "excluded_lines": 0, "percent_statements_covered": 66.66666666666667, "percent_statements_covered_display": "67"}, "missing_lines": [84, 138, 139, 141, 142, 145, 149, 150, 151, 152, 154, 159, 160, 172, 173, 195, 196, 198, 199, 202, 206, 207, 208, 209, 211, 216, 217, 229, 230, 253], "excluded_lines": []}}}, "app/utils/timezone.py": {"executed_lines": [1, 12, 14, 15, 17, 18, 23, 26, 41, 46, 66], "summary": {"covered_lines": 10, "num_statements": 35, "percent_covered": 28.571428571428573, "percent_covered_display": "29", "missing_lines": 25, "excluded_lines": 2, "percent_statements_covered": 28.571428571428573, "percent_statements_covered_display": "29"}, "missing_lines": [30, 31, 32, 33, 34, 35, 36, 37, 38, 43, 53, 54, 56, 57, 58, 59, 61, 62, 63, 71, 72, 74, 75, 77, 78], "excluded_lines": [19, 21], "functions": {"validate_timezone": {"executed_lines": [], "summary": {"covered_lines": 0, "num_statements": 9, "percent_covered": 0.0, "percent_covered_display": "0", "missing_lines": 9, "excluded_lines": 0, "percent_statements_covered": 0.0, "percent_statements_covered_display": "0"}, "missing_lines": [30, 31, 32, 33, 34, 35, 36, 37, 38], "excluded_lines": []}, "utc_now": {"executed_lines": [], "summary": {"covered_lines": 0, "num_statements": 1, "percent_covered": 0.0, "percent_covered_display": "0", "missing_lines": 1, "excluded_lines": 0, "percent_statements_covered": 0.0, "percent_statements_covered_display": "0"}, "missing_lines": [43], "excluded_lines": []}, "local_to_utc": {"executed_lines": [], "summary": {"covered_lines": 0, "num_statements": 9, "percent_covered": 0.0, "percent_covered_display": "0", "missing_lines": 9, "excluded_lines": 0, "percent_statements_covered": 0.0, "percent_statements_covered_display": "0"}, "missing_lines": [53, 54, 56, 57, 58, 59, 61, 62, 63], "excluded_lines": []}, "utc_to_local": {"executed_lines": [], "summary": {"covered_lines": 0, "num_statements": 6, "percent_covered": 0.0, "percent_covered_display": "0", "missing_lines": 6, "excluded_lines": 0, "percent_statements_covered": 0.0, "percent_statements_covered_display": "0"}, "missing_lines": [71, 72, 74, 75, 77, 78], "excluded_lines": []}, "": {"executed_lines": [1, 12, 14, 15, 17, 18, 23, 26, 41, 46, 66], "summary": {"covered_lines": 10, "num_statements": 10, "percent_covered": 100.0, "percent_covered_display": "100", "missing_lines": 0, "excluded_lines": 2, "percent_statements_covered": 100.0, "percent_statements_covered_display": "100"}, "missing_lines": [], "excluded_lines": [19, 21]}}, "classes": {"": {"executed_lines": [1, 12, 14, 15, 17, 18, 23, 26, 41, 46, 66], "summary": {"covered_lines": 10, "num_statements": 35, "percent_covered": 28.571428571428573, "percent_covered_display": "29", "missing_lines": 25, "excluded_lines": 2, "percent_statements_covered": 28.571428571428573, "percent_statements_covered_display": "29"}, "missing_lines": [30, 31, 32, 33, 34, 35, 36, 37, 38, 43, 53, 54, 56, 57, 58, 59, 61, 62, 63, 71, 72, 74, 75, 77, 78], "excluded_lines": [19, 21]}}}}, "totals": {"covered_lines": 2088, "num_statements": 3745, "percent_covered": 55.7543391188251, "percent_covered_display": "56", "missing_lines": 1657, "excluded_lines": 4, "percent_statements_covered": 55.7543391188251, "percent_statements_covered_display": "56"}}